------Start of DE processing------ = [12/21/17 15:12:51:771 COT]
Exception = java.lang.Exception
Source = com.ibm.ws.jaxrs20.server.component.JaxRsWebModuleInfoBuilder
probeid = 313
Stack Dump = java.lang.Exception: Found duplicated servlet mapping url, throw exception to fail application starting.
	at com.ibm.ws.jaxrs20.server.component.JaxRsWebModuleInfoBuilder.registerEndpointInfo(JaxRsWebModuleInfoBuilder.java:367)
	at com.ibm.ws.jaxrs20.server.component.JaxRsWebModuleInfoBuilder.build(JaxRsWebModuleInfoBuilder.java:312)
	at com.ibm.ws.jaxrs20.component.JaxRsModuleMetaDataListener.extendModuleMetaData(JaxRsModuleMetaDataListener.java:109)
	at com.ibm.ws.app.manager.module.internal.SimpleDeployedAppInfoBase$ModuleContainerInfoBase.createModuleMetaData(SimpleDeployedAppInfoBase.java:177)
	at com.ibm.ws.app.manager.module.internal.DeployedAppInfoBase.preDeployApp(DeployedAppInfoBase.java:366)
	at com.ibm.ws.app.manager.module.internal.DeployedAppInfoBase.deployApp(DeployedAppInfoBase.java:409)
	at com.ibm.ws.app.manager.war.internal.WARApplicationHandlerImpl.install(WARApplicationHandlerImpl.java:65)
	at com.ibm.ws.app.manager.internal.statemachine.StartAction.execute(StartAction.java:140)
	at com.ibm.ws.app.manager.internal.statemachine.ApplicationStateMachineImpl.enterState(ApplicationStateMachineImpl.java:1258)
	at com.ibm.ws.app.manager.internal.statemachine.ApplicationStateMachineImpl.run(ApplicationStateMachineImpl.java:873)
	at java.util.concurrent.ThreadPoolExecutor.runWorker(ThreadPoolExecutor.java:1149)
	at java.util.concurrent.ThreadPoolExecutor$Worker.run(ThreadPoolExecutor.java:624)
	at java.lang.Thread.run(Thread.java:748)

Dump of callerThis
Object type = com.ibm.ws.jaxrs20.server.component.JaxRsWebModuleInfoBuilder
  tc = class com.ibm.websphere.ras.TraceComponent@6374de8
    strings[0] = "TraceComponent[com.ibm.ws.jaxrs20.server.component.JaxRsWebModuleInfoBuilder,class com.ibm.ws.jaxrs20.server.component.JaxRsWebModuleInfoBuilder,[JaxRsServer],com.ibm.ws.jaxrs20.server.internal.resources.JaxRsServerMessages,null]"
  serialVersionUID = 5338124954654619531
  extensions = class java.util.concurrent.CopyOnWriteArraySet@7300d2a9
    serialVersionUID = 5457747651344034263
    al = class java.util.concurrent.CopyOnWriteArrayList@2486ff53
      serialVersionUID = 8673264195747942595
      lock = class java.util.concurrent.locks.ReentrantLock@328a2066
      array = class java.lang.Object[0]
      UNSAFE = class sun.misc.Unsafe@21e52d03
      lockOffset = 12
    MAX_ARRAY_SIZE = 2147483639
  supportType = class com.ibm.ws.jaxrs20.metadata.JaxRsModuleType@21cf3a3
    WEB = class com.ibm.ws.jaxrs20.metadata.JaxRsModuleType@21cf3a3
    EJB = class com.ibm.ws.jaxrs20.metadata.JaxRsModuleType@638ac503
      WEB = class com.ibm.ws.jaxrs20.metadata.JaxRsModuleType@21cf3a3
      EJB = class com.ibm.ws.jaxrs20.metadata.JaxRsModuleType@638ac503
      $VALUES = class com.ibm.ws.jaxrs20.metadata.JaxRsModuleType[2]
      $$$tc$$$ = class com.ibm.websphere.ras.TraceComponent@34098d22
      name = "EJB"
      ordinal = 1
    $VALUES = class com.ibm.ws.jaxrs20.metadata.JaxRsModuleType[2]
      JaxRsModuleType[0] = class com.ibm.ws.jaxrs20.metadata.JaxRsModuleType@21cf3a3
      JaxRsModuleType[1] = class com.ibm.ws.jaxrs20.metadata.JaxRsModuleType@638ac503
    $$$tc$$$ = class com.ibm.websphere.ras.TraceComponent@34098d22
      strings[0] = "TraceComponent[com.ibm.ws.jaxrs20.metadata.JaxRsModuleType,class com.ibm.ws.jaxrs20.metadata.JaxRsModuleType,[],null,null]"
    name = "WEB"
    ordinal = 0
  serialVersionUID = 2385029802901215889
  $$$tc$$$ = class com.ibm.websphere.ras.TraceComponent@60f725be
    strings[0] = "TraceComponent[com.ibm.ws.jaxrs20.metadata.builder.AbstractJaxRsModuleInfoBuilder,class com.ibm.ws.jaxrs20.metadata.builder.AbstractJaxRsModuleInfoBuilder,[],null,null]"

Dump of objectArray[0]
Object type = com.ibm.ws.webcontainer.osgi.metadata.WebModuleMetaDataImpl
  applicationMetaData = class com.ibm.ws.container.service.app.deploy.internal.ApplicationMetaDataImpl@3f32cf6d
    j2eeName = class com.ibm.ws.container.service.metadata.internal.J2EENameImpl@d6cc516
      serialVersionUID = 7488184044073147667
      application = "Cycle"
      module = null
      component = null
      string = null
      j2eeNameBytes = null
      $$$tc$$$ = class com.ibm.websphere.ras.TraceComponent@79dbabb5
    serialVersionUID = -7906531148367236579
    $$$tc$$$ = class com.ibm.websphere.ras.TraceComponent@3576c11a
      strings[0] = "TraceComponent[com.ibm.ws.container.service.app.deploy.internal.ApplicationMetaDataImpl,class com.ibm.ws.container.service.app.deploy.internal.ApplicationMetaDataImpl,[container.service],com.ibm.ws.container.service.resources.Messages,null]"
    tc = class com.ibm.websphere.ras.TraceComponent@3662bad
    NUM_STATIC_SLOTS = 4
    ID_UNINITIALIZED = -1
    id = 0
    metaDataInterface = class java.lang.Class@70ef412a
      ANNOTATION = 8192
      ENUM = 16384
      SYNTHETIC = 4096
      cachedConstructor = null
      newInstanceCallerCache = null
      name = null
      allPermDomain = null
      useCaches = true
      reflectionData = null
      classRedefinedCount = 0
      genericInfo = null
      serialVersionUID = 3206093459760846163
      serialPersistentFields = class java.io.ObjectStreamField[0]
      reflectionFactory = class sun.reflect.ReflectionFactory@467e3c23
      initted = true
      enumConstants = null
      enumConstantDirectory = null
      annotationData = null
      annotationType = null
      classValueMap = null
    staticSlots = class java.lang.Object[4]
      Object[0] = class com.ibm.ws.injectionengine.osgi.internal.OSGiInjectionScopeData@20dd691e
      Object[1] = null
      Object[2] = null
      Object[3] = null
    dynamicSlots = class java.lang.Object[4]
      Object[0] = null
      Object[1] = "Cycle-1.0-SNAPSHOT"
      Object[2] = null
      Object[3] = null
  j2eeName = class com.ibm.ws.container.service.metadata.internal.J2EENameImpl@1cb2e4d
    serialVersionUID = 7488184044073147667
    application = "Cycle"
    module = "Cycle-1.0-SNAPSHOT"
    component = null
    string = null
    j2eeNameBytes = null
    $$$tc$$$ = class com.ibm.websphere.ras.TraceComponent@79dbabb5
      strings[0] = "TraceComponent[com.ibm.ws.container.service.metadata.internal.J2EENameImpl,class com.ibm.ws.container.service.metadata.internal.J2EENameImpl,[Runtime],,null]"
  wccmd = class com.ibm.ws.webcontainer.osgi.metadata.WebCollaboratorComponentMetaDataImpl@3abf03c6
    j2eeName = null
    webModuleMetaData = class com.ibm.ws.webcontainer.osgi.metadata.WebModuleMetaDataImpl@545df240
    tc = class com.ibm.websphere.ras.TraceComponent@3662bad
    NUM_STATIC_SLOTS = 4
    ID_UNINITIALIZED = -1
    id = -1
    metaDataInterface = class java.lang.Class@361780
      ANNOTATION = 8192
      ENUM = 16384
      SYNTHETIC = 4096
      cachedConstructor = null
      newInstanceCallerCache = null
      name = null
      allPermDomain = null
      useCaches = true
      reflectionData = null
      classRedefinedCount = 0
      genericInfo = null
      serialVersionUID = 3206093459760846163
      serialPersistentFields = class java.io.ObjectStreamField[0]
      reflectionFactory = class sun.reflect.ReflectionFactory@467e3c23
      initted = true
      enumConstants = null
      enumConstantDirectory = null
      annotationData = null
      annotationType = null
      classValueMap = null
    staticSlots = class java.lang.Object[4]
      Object[0] = null
      Object[1] = null
      Object[2] = null
      Object[3] = null
    dynamicSlots = null
  securityMetaData = class com.ibm.ws.webcontainer.security.metadata.SecurityServletConfiguratorHelper@3689b7a5
    AUTH_METHOD_KEY = "auth-method"
    FORM_LOGIN_CONFIG_KEY = "form-login-config"
    REALM_NAME_KEY = "realm-name"
    LOGIN_CONFIG_KEY = "login-config"
    RUN_AS_KEY = "run-as"
    SERVLET_NAME_KEY = "servlet-name"
    SERVLET_KEY = "servlet"
    SECURITY_CONSTRAINT_KEY = "security-constraint"
    AUTH_CONSTRAINT_KEY = "auth-constraint"
    USER_DATA_CONSTRAINT_KEY = "user-data-constraint"
    DENY_UNCOVERED_HTTP_METHODS_KEY = "deny-uncovered-http-methods"
    SYNC_TO_OS_THREAD_ENV_ENTRY_KEY = "com.ibm.websphere.security.SyncToOSThread"
    ROLES_ALLOWED = "javax.annotation.security.RolesAllowed"
    tc = class com.ibm.websphere.ras.TraceComponent@477c1c5f
      strings[0] = "TraceComponent[com.ibm.ws.webcontainer.security.metadata.SecurityServletConfiguratorHelper,class com.ibm.ws.webcontainer.security.metadata.SecurityServletConfiguratorHelper,[WebAppSecurity],com.ibm.ws.webcontainer.security.resources.WebAppSecurityMessages,null]"
    configurator = null
    ALL_ROLES_MARKER = "*"
    securityConstraintCollection = null
    loginConfiguration = class com.ibm.ws.webcontainer.security.metadata.LoginConfigurationImpl@5e2b0e95
      CLIENT_CERT_AUTH_METHOD = "CLIENT-CERT"
      authenticationMethod = "BASIC"
      realmName = null
      formLoginConfiguration = null
      authenticationMethodDefaulted = true
      serialVersionUID = 8487943836946016313
      $$$tc$$$ = class com.ibm.websphere.ras.TraceComponent@3c2714aa
    allRoles = class java.util.ArrayList@109d5472
      serialVersionUID = 8683452581122892189
      DEFAULT_CAPACITY = 10
      EMPTY_ELEMENTDATA = class java.lang.Object[0]
      DEFAULTCAPACITY_EMPTY_ELEMENTDATA = class java.lang.Object[0]
      elementData = class java.lang.Object[0]
      size = 0
      MAX_ARRAY_SIZE = 2147483639
      modCount = 0
      MAX_ARRAY_SIZE = 2147483639
    securityRoleRefsByServlet = class java.util.HashMap@4b19d99c
      serialVersionUID = 362498820763181265
      DEFAULT_INITIAL_CAPACITY = 16
      MAXIMUM_CAPACITY = 1073741824
      DEFAULT_LOAD_FACTOR = 0.75
      TREEIFY_THRESHOLD = 8
      UNTREEIFY_THRESHOLD = 6
      MIN_TREEIFY_CAPACITY = 64
      table = null
      entrySet = null
      size = 0
      modCount = 0
      threshold = 0
      loadFactor = 0.75
      keySet = null
      values = null
    urlPatternToServletName = class java.util.HashMap@74a12bea
      serialVersionUID = 362498820763181265
      DEFAULT_INITIAL_CAPACITY = 16
      MAXIMUM_CAPACITY = 1073741824
      DEFAULT_LOAD_FACTOR = 0.75
      TREEIFY_THRESHOLD = 8
      UNTREEIFY_THRESHOLD = 6
      MIN_TREEIFY_CAPACITY = 64
      table = null
      entrySet = null
      size = 0
      modCount = 0
      threshold = 0
      loadFactor = 0.75
      keySet = null
      values = null
    servletNameToRunAsRole = class java.util.HashMap@72f8dc4d
      serialVersionUID = 362498820763181265
      DEFAULT_INITIAL_CAPACITY = 16
      MAXIMUM_CAPACITY = 1073741824
      DEFAULT_LOAD_FACTOR = 0.75
      TREEIFY_THRESHOLD = 8
      UNTREEIFY_THRESHOLD = 6
      MIN_TREEIFY_CAPACITY = 64
      table = null
      entrySet = null
      size = 0
      modCount = 0
      threshold = 0
      loadFactor = 0.75
      keySet = null
      values = null
    syncToOSThread = false
    denyUncoveredHttpMethods = false
    serialVersionUID = 3937804347548930695
  annotatedSecurityMetaData = null
  webAppConfig = class com.ibm.ws.webcontainer.osgi.webapp.WebAppConfiguration@1f695fbe
    webModuleMetaData = class com.ibm.ws.webcontainer.osgi.metadata.WebModuleMetaDataImpl@545df240
    webComponentMetaData = class com.ibm.ws.webcontainer.osgi.metadata.WebComponentMetaDataImpl@37939edd
      j2eeName = null
      webModuleMetaData = class com.ibm.ws.webcontainer.osgi.metadata.WebModuleMetaDataImpl@545df240
      mBeanServiceReg = null
      tc = class com.ibm.websphere.ras.TraceComponent@3662bad
      NUM_STATIC_SLOTS = 4
      ID_UNINITIALIZED = -1
      id = -1
      metaDataInterface = class java.lang.Class@361780
      staticSlots = class java.lang.Object[4]
      dynamicSlots = null
    dVirtualHost = null
    orderedLibPaths = class java.util.Collections$UnmodifiableRandomAccessList@ecafb6
      serialVersionUID = -2542308836966382001
      serialVersionUID = -283967356065247728
      list = class java.util.ArrayList@986c74d
      serialVersionUID = 1820017752578914078
      c = class java.util.ArrayList@986c74d
    bundleHeaders = null
    cdiEnabled = false
    CLASS_NAME = "com.ibm.ws.webcontainer.webapp.WebAppConfiguration"
    logger = class com.ibm.ws.logging.internal.WsLogger@40d3df54
      tc = class com.ibm.websphere.ras.TraceComponent@14f837af
      ivCachedResourceBundleName = null
      ivCachedResourceBundle = null
      ivComponent = null
      ivOrganization = null
      ivProduct = null
      ivMinimumLocalizationLevelIntValue = 625
      ivTC = class com.ibm.websphere.ras.TraceComponent@4d13e908
      loggerRegistrationComponent = class java.lang.ThreadLocal@4fdb1004
      emptyHandlers = class java.util.logging.Handler[0]
      offValue = 2147483647
      SYSTEM_LOGGER_RB_NAME = "sun.util.logging.resources.logging"
      SYSTEM_BUNDLE = class java.util.logging.Logger$LoggerBundle@70a5897a
      NO_RESOURCE_BUNDLE = class java.util.logging.Logger$LoggerBundle@a7a9f4a
      manager = class com.ibm.ws.kernel.boot.logging.WsLogManager@1db6e531
      name = "com.ibm.ws.webcontainer.webapp"
      handlers = class java.util.concurrent.CopyOnWriteArrayList@361e86c5
      loggerBundle = class java.util.logging.Logger$LoggerBundle@6aac2725
      useParentHandlers = true
      filter = null
      anonymous = false
      catalog = class com.ibm.ws.webcontainer.resources.Messages@347275f5
      catalogName = "com.ibm.ws.webcontainer.resources.Messages"
      catalogLocale = class java.util.Locale@1e479127
      treeLock = class java.lang.Object@5c2d1484
      parent = class com.ibm.ws.logging.internal.WsLogger@5733852b
      kids = null
      levelObject = class java.util.logging.Level@70c99fe5
      levelValue = 800
      callersClassLoaderRef = class java.lang.ref.WeakReference@5225e672
      isSystemLogger = false
      GLOBAL_LOGGER_NAME = "global"
      global = class java.util.logging.Logger@11430e48
      $assertionsDisabled = true
    tc = class com.ibm.websphere.ras.TraceComponent@519f6ab7
      strings[0] = "TraceComponent[com.ibm.ws.webcontainer.webapp.WebAppConfiguration,class com.ibm.ws.webcontainer.webapp.WebAppConfiguration,[webcontainer],com.ibm.ws.webcontainer.resources.LShimMessages,null]"
    nls = class com.ibm.ejs.ras.TraceNLS@700ffc8e
      resolver = class com.ibm.ws.logging.internal.TraceNLSResolver@22a54a4a
      finder = null
      ivBundleName = "com.ibm.ws.webcontainer.resources.Messages"
      caller = class java.lang.Class@25a74549
    version = 30
    contextRoot = "/Cycle"
    isDefaultContextRootUsed = false
    sessionTimeout = 0
    moduleSessionTimeoutSet = false
    moduleSessionTrackingModeSet = false
    sessionCookieConfig = null
    hasProgrammaticCookieConfig = false
    sessionDefaultTrackingModeSet = null
    sessionManagerConfig = null
    displayName = "Cycle-1.0-SNAPSHOT"
    description = null
    reloadInterval = 0
    distributable = false
    denyUncoveredHttpMethods = false
    reloadingEnabled = false
    serveServletsByClassnameEnabled = null
    defaultErrorPage = null
    additionalClassPath = null
    fileServingEnabled = null
    directoryBrowsingEnabled = null
    autoRequestEncoding = false
    autoResponseEncoding = false
    autoLoadFilters = false
    requestListeners = null
    requestAttributeListeners = null
    sessionListeners = null
    localeMap = null
    moduleName = "Cycle-1.0-SNAPSHOT"
    j2eeModuleName = "Cycle-1.0-SNAPSHOT"
    moduleId = null
    isSyncToThreadEnabled = false
    encodeDispatchedRequestURI = false
    isSystemApp = false
    ardEnabled = false
    ardDispatchType = null
    listeners = class java.util.ArrayList@349b0d8f
      serialVersionUID = 8683452581122892189
      DEFAULT_CAPACITY = 10
      EMPTY_ELEMENTDATA = class java.lang.Object[0]
      DEFAULTCAPACITY_EMPTY_ELEMENTDATA = class java.lang.Object[0]
      elementData = class java.lang.Object[0]
      size = 0
      MAX_ARRAY_SIZE = 2147483639
      modCount = 0
      MAX_ARRAY_SIZE = 2147483639
    welcomeFileList = class java.util.ArrayList@2b898b58
      serialVersionUID = 8683452581122892189
      DEFAULT_CAPACITY = 10
      EMPTY_ELEMENTDATA = class java.lang.Object[0]
      DEFAULTCAPACITY_EMPTY_ELEMENTDATA = class java.lang.Object[0]
      elementData = class java.lang.Object[10]
      size = 3
      MAX_ARRAY_SIZE = 2147483639
      modCount = 1
      MAX_ARRAY_SIZE = 2147483639
    servletMappings = class java.util.HashMap@757ec802
      serialVersionUID = 362498820763181265
      DEFAULT_INITIAL_CAPACITY = 16
      MAXIMUM_CAPACITY = 1073741824
      DEFAULT_LOAD_FACTOR = 0.75
      TREEIFY_THRESHOLD = 8
      UNTREEIFY_THRESHOLD = 6
      MIN_TREEIFY_CAPACITY = 64
      table = null
      entrySet = null
      size = 0
      modCount = 0
      threshold = 0
      loadFactor = 0.75
      keySet = null
      values = null
    lastIndexBeforeDeclaredFilters = 0
    filterMappings = class java.util.ArrayList@7a9aa1af
      serialVersionUID = 8683452581122892189
      DEFAULT_CAPACITY = 10
      EMPTY_ELEMENTDATA = class java.lang.Object[0]
      DEFAULTCAPACITY_EMPTY_ELEMENTDATA = class java.lang.Object[0]
      elementData = class java.lang.Object[0]
      size = 0
      MAX_ARRAY_SIZE = 2147483639
      modCount = 0
      MAX_ARRAY_SIZE = 2147483639
    servletInfo = class java.util.HashMap@16812c06
      serialVersionUID = 362498820763181265
      DEFAULT_INITIAL_CAPACITY = 16
      MAXIMUM_CAPACITY = 1073741824
      DEFAULT_LOAD_FACTOR = 0.75
      TREEIFY_THRESHOLD = 8
      UNTREEIFY_THRESHOLD = 6
      MIN_TREEIFY_CAPACITY = 64
      table = null
      entrySet = null
      size = 0
      modCount = 0
      threshold = 0
      loadFactor = 0.75
      keySet = null
      values = class java.util.HashMap$Values@6ca86c64
    filterInfo = class java.util.HashMap@71b5a6c5
      serialVersionUID = 362498820763181265
      DEFAULT_INITIAL_CAPACITY = 16
      MAXIMUM_CAPACITY = 1073741824
      DEFAULT_LOAD_FACTOR = 0.75
      TREEIFY_THRESHOLD = 8
      UNTREEIFY_THRESHOLD = 6
      MIN_TREEIFY_CAPACITY = 64
      table = null
      entrySet = null
      size = 0
      modCount = 0
      threshold = 0
      loadFactor = 0.75
      keySet = null
      values = null
    mimeMappings = class java.util.HashMap@72084e29
      serialVersionUID = 362498820763181265
      DEFAULT_INITIAL_CAPACITY = 16
      MAXIMUM_CAPACITY = 1073741824
      DEFAULT_LOAD_FACTOR = 0.75
      TREEIFY_THRESHOLD = 8
      UNTREEIFY_THRESHOLD = 6
      MIN_TREEIFY_CAPACITY = 64
      table = null
      entrySet = null
      size = 0
      modCount = 0
      threshold = 0
      loadFactor = 0.75
      keySet = null
      values = null
    mimeFilters = null
    isMimeFilteringEnabled = false
    theWebGroup = null
    jspAttributes = null
    fileServingAttributes = class java.util.HashMap@5d301e1e
      serialVersionUID = 362498820763181265
      DEFAULT_INITIAL_CAPACITY = 16
      MAXIMUM_CAPACITY = 1073741824
      DEFAULT_LOAD_FACTOR = 0.75
      TREEIFY_THRESHOLD = 8
      UNTREEIFY_THRESHOLD = 6
      MIN_TREEIFY_CAPACITY = 64
      table = null
      entrySet = null
      size = 0
      modCount = 0
      threshold = 0
      loadFactor = 0.75
      keySet = null
      values = null
    invokerAttributes = class java.util.HashMap@424ee8a2
      serialVersionUID = 362498820763181265
      DEFAULT_INITIAL_CAPACITY = 16
      MAXIMUM_CAPACITY = 1073741824
      DEFAULT_LOAD_FACTOR = 0.75
      TREEIFY_THRESHOLD = 8
      UNTREEIFY_THRESHOLD = 6
      MIN_TREEIFY_CAPACITY = 64
      table = null
      entrySet = null
      size = 0
      modCount = 0
      threshold = 0
      loadFactor = 0.75
      keySet = null
      values = null
    contextParams = class java.util.HashMap@1e11fda0
      serialVersionUID = 362498820763181265
      DEFAULT_INITIAL_CAPACITY = 16
      MAXIMUM_CAPACITY = 1073741824
      DEFAULT_LOAD_FACTOR = 0.75
      TREEIFY_THRESHOLD = 8
      UNTREEIFY_THRESHOLD = 6
      MIN_TREEIFY_CAPACITY = 64
      table = null
      entrySet = null
      size = 0
      modCount = 0
      threshold = 0
      loadFactor = 0.75
      keySet = null
      values = null
    virtualHost = null
    exceptionErrorPages = class java.util.HashMap@2ed8814d
      serialVersionUID = 362498820763181265
      DEFAULT_INITIAL_CAPACITY = 16
      MAXIMUM_CAPACITY = 1073741824
      DEFAULT_LOAD_FACTOR = 0.75
      TREEIFY_THRESHOLD = 8
      UNTREEIFY_THRESHOLD = 6
      MIN_TREEIFY_CAPACITY = 64
      table = null
      entrySet = null
      size = 0
      modCount = 0
      threshold = 0
      loadFactor = 0.75
      keySet = null
      values = null
    codeErrorPages = class java.util.HashMap@73c5ba66
      serialVersionUID = 362498820763181265
      DEFAULT_INITIAL_CAPACITY = 16
      MAXIMUM_CAPACITY = 1073741824
      DEFAULT_LOAD_FACTOR = 0.75
      TREEIFY_THRESHOLD = 8
      UNTREEIFY_THRESHOLD = 6
      MIN_TREEIFY_CAPACITY = 64
      table = null
      entrySet = null
      size = 0
      modCount = 0
      threshold = 0
      loadFactor = 0.75
      keySet = null
      values = null
    tagLibList = null
    precompileJsps = false
    webApp = class com.ibm.ws.webcontainer31.osgi.webapp.WebApp31@467b4744
      tc = class com.ibm.websphere.ras.TraceComponent@2936e7b8
      CLASS_NAME = "com.ibm.ws.webcontainer31.osgi.webapp.WebApp31"
      servlet31NLS = class com.ibm.ejs.ras.TraceNLS@51283d78
      validListenerClasses = class java.lang.Class[7]
      wsocServHandler = null
      tc = class com.ibm.websphere.ras.TraceComponent@6addc36
      CLASS_NAME = "com.ibm.ws.webcontainer.osgi.webapp.WebApp"
      metaDataService = class com.ibm.ws.container.service.metadata.internal.MetaDataServiceImpl@613a4bf8
      namespacePopulated = false
      referenceContext = class com.ibm.ws.injectionengine.osgi.internal.OSGiReferenceContextImpl@6c24eefc
      j2eeNameFactory = class com.ibm.ws.container.service.metadata.internal.J2EENameFactoryImpl@7169795a
      moduleLoader = class com.ibm.ws.classloading.internal.AppClassLoader@6af352bf
      webAppConfig = class com.ibm.ws.webcontainer.osgi.webapp.WebAppConfiguration@1f695fbe
      extensionProcessingDisabled = false
      managedObjectService = class com.ibm.ws.cdi.impl.managedobject.CDIManagedObjectService@4b7b6cfc
      GenPluginCfgMB = null
      internalServletMetaData = interface com.ibm.wsspi.webcontainer.metadata.WebComponentMetaData[2]
      loginProcessor = null
      logoutProcessor = null
      collabHelper = null
      envObject = class com.ibm.ws.util.WSThreadLocal@14a6f9ed
      orderedLibPaths = class java.util.Collections$UnmodifiableRandomAccessList@ecafb6
      perm = class com.ibm.websphere.security.WebSphereRuntimePermission@7d9b3c2
      WELCOME_FILE_LIST = "com.ibm.ws.webcontainer.config.WelcomeFileList"
      DIR_BROWSING_MAPPING = "__dirBrowsing__1513887171297"
      FILTER_PROXY_MAPPING = "/__filterProxy__1513887171297"
      logger = class com.ibm.ws.logging.internal.WsLogger@40d3df54
      CLASS_NAME = "com.ibm.ws.webcontainer.webapp.WebApp"
      loader = null
      facade = null
      features = class java.util.ArrayList@398b174c
      applicationName = null
      config = class com.ibm.ws.webcontainer.osgi.webapp.WebAppConfiguration@1f695fbe
      securityEnabledForApp = null
      webExtensionProcessor = null
      production = true
      isServlet23 = false
      contextPath = null
      internalServletList = class [Ljava.lang.String;[2]
      BY_NAME_ONLY = "/_1513887171297_/"
      filterManager = null
      documentRoot = null
      SERVLET_API_VERSION = "Servlet 2.5"
      disableServletAuditLogging = -1
      serverInfo = null
      sessionCtx = null
      eventSource = class com.ibm.ws.webcontainer.webapp.WebAppEventSource@6faf46a8
      nls = class com.ibm.ejs.ras.TraceNLS@2522bf3c
      liberty_nls = class com.ibm.ejs.ras.TraceNLS@44f2fda3
      error_nls = class com.ibm.ejs.ras.TraceNLS@254c4d12
      sessionListeners = class java.util.ArrayList@3043c515
      sessionIdListeners = class java.util.ArrayList@a8477e
      sessionAttrListeners = class java.util.ArrayList@53e4bd2d
      addedSessionListeners = class java.util.ArrayList@14074e9e
      addedSessionAttrListeners = class java.util.ArrayList@3a425a66
      servletContextListeners = class java.util.ArrayList@789369e7
      servletContextLAttrListeners = class java.util.ArrayList@ee8ae0d
      servletRequestListeners = class java.util.ArrayList@203572f0
      servletRequestLAttrListeners = class java.util.ArrayList@80c8dfa
      prependSlashToResource = false
      destroyed = false
      webAppNameSpaceCollab = null
      txCollab = null
      sessionActivationListeners = class java.util.ArrayList@6bb3114d
      sessionBindingListeners = class java.util.ArrayList@20e052f0
      scratchdir = null
      jspClassLoaderLimit = 0
      jspClassLoaderExclusionList = null
      jspClassLoadersMap = null
      jspClassLoaderLimitTrackIF = false
      defaultExtProc = null
      directoryBrowsingServlet = null
      cdiContexts = class java.util.concurrent.ConcurrentHashMap@2bc906ee
      moduleConfig = null
      extensionFactories = null
      initialized = false
      lock = class com.ibm.ws.webcontainer.webapp.WebApp$1@47462d30
      afterServletContextCreated = false
      redirectContextRoot = false
      errorExceptionTypeFirst = false
      initFilterBeforeServletInit = false
      sortedServletConfigs = null
      effectiveMajorVersion = 0
      effectiveMinorVersion = 0
      canAddServletContextListener = true
      withinContextInitOfProgAddListener = false
      lastProgAddListenerInitialized = null
      webInfLibClassloader = null
      metaInfCache = class com.ibm.ws.webcontainer.webapp.WebApp$2@340c65ec
      useMetaInfCache = true
      SUN_CONFIGURE_LISTENER_CLASSNAME = "com.sun.faces.config.ConfigureListener"
      MYFACES_LIFECYCLE_LISTENER_CLASSNAME = "org.apache.myfaces.webapp.StartupServletContextListener"
      JSF_IMPL_ENABLED_PARAM = "com.ibm.ws.jsf.JSF_IMPL_ENABLED"
      JSF_IMPL_ENABLED_CUSTOM = "Custom"
      JSF_IMPL_ENABLED_NONE = "None"
      staticDocRoot = null
      jspDocRoot = null
      container = class com.ibm.ws.adaptable.module.internal.AdaptableContainerImpl@1428f3de
      metaInfResourceFinder = class com.ibm.ws.webcontainer.util.MetaInfResourceFinder@1659c64f
      postConstructMethods = class com.ibm.ws.webcontainer.webapp.WebApp$AnnotatedMethods@75444c1c
      preDestroyMethods = class com.ibm.ws.webcontainer.webapp.WebApp$AnnotatedMethods@31dd029
      upgraded = false
      OBJ_EMPTY = class java.lang.Object[0]
      CLASS_EMPTY = class java.lang.Class[0]
      DEFAULT_JSP_EXTENSIONS = class java.util.ArrayList@5469e6a3
      DEFER_SERVLET_REQUEST_LISTENER_DESTROY_ON_ERROR = false
      DO_ACCEPT_PARTIAL = true
      DO_NOT_ACCEPT_PARTIAL = false
      DO_ACCEPT_EXCLUDED = true
      DO_NOT_ACCEPT_EXCLUDED = false
      commands = class java.util.ArrayList@5b29a0f4
      requestMapper = class com.ibm.wsspi.webcontainer.util.URIMapper@36d8bf20
      parent = null
      name = "Cycle-1.0-SNAPSHOT"
      isAlive = true
      subElements = null
      attributes = class java.util.concurrent.ConcurrentHashMap@70564b0b
      config = null
      serialVersionUID = -8271459000149267764
      $$$tc$$$ = class com.ibm.websphere.ras.TraceComponent@5b559c11
    virtualHostList = class java.util.Collections$EmptyList@2f60d942
    appStartupWeight = 0
    moduleStartupWeight = 0
    metaDataComplete = false
    classesToScan = class java.util.ArrayList@57165ed6
      serialVersionUID = 8683452581122892189
      DEFAULT_CAPACITY = 10
      EMPTY_ELEMENTDATA = class java.lang.Object[0]
      DEFAULTCAPACITY_EMPTY_ELEMENTDATA = class java.lang.Object[0]
      elementData = class java.lang.Object[0]
      size = 0
      MAX_ARRAY_SIZE = 2147483639
      modCount = 0
      MAX_ARRAY_SIZE = 2147483639
    uriFilterMappingInfos = null
    servletFilterMappingInfos = null
    dynamicServletRegistrationMap = null
    applicationName = "Cycle"
    libBinPathList = null
    webXmlDefinedListeners = class java.util.HashSet@3dae6f90
      serialVersionUID = -5024744406713321676
      map = class java.util.HashMap@23cbc808
      PRESENT = class java.lang.Object@539279ec
      MAX_ARRAY_SIZE = 2147483639
    allRefs = class java.util.EnumMap@63e6f4c9
      keyType = class java.lang.Class@50b5a29e
      keyUniverse = class com.ibm.wsspi.injectionengine.JNDIEnvironmentRefType[14]
      vals = class java.lang.Object[14]
      size = 0
      NULL = class java.util.EnumMap$1@75472f00
      ZERO_LENGTH_ENUM_ARRAY = class java.lang.Enum[0]
      entrySet = null
      serialVersionUID = 458661240069192865
      keySet = null
      values = null
    allRefBindings = class java.util.EnumMap@7fbbde96
      keyType = class java.lang.Class@50b5a29e
      keyUniverse = class com.ibm.wsspi.injectionengine.JNDIEnvironmentRefType[14]
      vals = class java.lang.Object[14]
      size = 6
      NULL = class java.util.EnumMap$1@75472f00
      ZERO_LENGTH_ENUM_ARRAY = class java.lang.Enum[0]
      entrySet = null
      serialVersionUID = 458661240069192865
      keySet = null
      values = null
    envEntryValues = null
    resourceRefConfigList = null
    disallowAllFileServingProp = null
    disallowServeServletsByClassnameProp = null
    disableStaticMappingCache = false
    jspCachedLocations = null
    primedSTSHeader = "NoValue"
    enablemultireadofpostdata = false
    requestEncoding = null
    responseEncoding = null
    _id = "WebAppGeneratedId1"
    _attributes = null
    serialVersionUID = 7511545662945734886
    $$$tc$$$ = class com.ibm.websphere.ras.TraceComponent@3fab7571
      strings[0] = "TraceComponent[com.ibm.ws.container.BaseConfiguration,class com.ibm.ws.container.BaseConfiguration,[],null,null]"
  _isServlet23OrHigher = false
  jspComponentMetaData = class com.ibm.ws.jsp.runtime.metadata.JspComponentMetaData@4708b358
    looseLibs = null
    servletEngineReloadEnabled = true
    servlet2_2 = false
    servletEngineReloadInterval = 5000
    applicationDisplayName = "Cycle"
    syncToThread = false
    serialVersionUID = -1725832635735780667
    $$$tc$$$ = class com.ibm.websphere.ras.TraceComponent@3cad6d1d
      strings[0] = "TraceComponent[com.ibm.ws.jsp.runtime.metadata.JspComponentMetaData,class com.ibm.ws.jsp.runtime.metadata.JspComponentMetaData,[],null,null]"
    jspPropertyGroups = class java.util.Collections$EmptyList@2f60d942
      serialVersionUID = 8842843931221139166
      modCount = 0
      MAX_ARRAY_SIZE = 2147483639
    jspTaglibs = class java.util.Collections$EmptyMap@29b3cf66
      serialVersionUID = 6428348081105594320
      keySet = null
      values = null
  sessionCookieNameInUse = null
  mBeanServiceReg = null
  tc = class com.ibm.websphere.ras.TraceComponent@3662bad
    strings[0] = "TraceComponent[com.ibm.ws.runtime.metadata.MetaDataImpl,class com.ibm.ws.runtime.metadata.MetaDataImpl,[Runtime],null,null]"
  NUM_STATIC_SLOTS = 4
  ID_UNINITIALIZED = -1
  id = -1
  metaDataInterface = class java.lang.Class@7e2492db
    ANNOTATION = 8192
    ENUM = 16384
    SYNTHETIC = 4096
    cachedConstructor = null
    newInstanceCallerCache = null
    name = null
    allPermDomain = null
    useCaches = true
    reflectionData = null
    classRedefinedCount = 0
    genericInfo = null
    serialVersionUID = 3206093459760846163
    serialPersistentFields = class java.io.ObjectStreamField[0]
    reflectionFactory = class sun.reflect.ReflectionFactory@467e3c23
      initted = true
      reflectionFactoryAccessPerm = class java.lang.RuntimePermission@5edf3b49
      soleInstance = class sun.reflect.ReflectionFactory@467e3c23
      langReflectAccess = class java.lang.reflect.ReflectAccess@615c3370
      hasStaticInitializerMethod = null
      noInflation = false
      inflationThreshold = 15
    initted = true
    enumConstants = null
    enumConstantDirectory = null
    annotationData = null
    annotationType = null
    classValueMap = null
  staticSlots = class java.lang.Object[4]
    Object[0] = null
    Object[1] = class com.ibm.ws.injectionengine.osgi.internal.OSGiInjectionScopeData@4df0710b
      tc = class com.ibm.websphere.ras.TraceComponent@2d6b9cd5
      namespace = class com.ibm.ws.container.service.naming.NamingConstants$JavaColonNamespace@74fa0aa1
      parent = class com.ibm.ws.injectionengine.osgi.internal.OSGiInjectionScopeData@20dd691e
      compLock = null
      compEnvBindings = null
      compBindings = null
      contributedBindings = null
      nonCompEnvLock = class java.util.concurrent.locks.ReentrantReadWriteLock@38090411
      nonCompBindings = null
      savedNonCompEnvBindings = null
      deferredReferenceDataEnabled = false
      deferredReferenceDatas = class java.util.LinkedHashMap@46c7a3d6
      serialVersionUID = 8824531358335413825
      CLASS_NAME = "com.ibm.ws.injectionengine.InjectionScopeData"
      tc = class com.ibm.websphere.ras.TraceComponent@43f2daf1
      ivJ2EEName = class com.ibm.ws.container.service.metadata.internal.J2EENameImpl@1cb2e4d
      ivLogicalAppName = null
      ivDestroyed = false
      ivInjectableEnvEntries = null
      ivDefinitionReferences = null
      ivReferenceContext = class com.ibm.ws.injectionengine.osgi.internal.OSGiReferenceContextImpl@6c24eefc
    Object[2] = null
    Object[3] = class com.ibm.ws.jaxrs20.metadata.JaxRsModuleMetaData@e9aa8bd
      serverMetaData = null
      clientMetaData = null
      name = null
      appContextClassLoader = class com.ibm.ws.classloading.internal.ThreadContextClassLoader@30a36dc1
      j2EEName = class com.ibm.ws.container.service.metadata.internal.J2EENameImpl@1cb2e4d
      moduleContainer = class com.ibm.ws.adaptable.module.internal.AdaptableContainerImpl@1428f3de
      moduleInfo = class com.ibm.ws.app.manager.module.internal.WebModuleInfoImpl@5e851736
      referenceContextMap = class java.util.HashMap@7c8e8432
      jaxRsInstanceManager = class com.ibm.ws.jaxrs20.support.JaxRsInstanceManager@b835cfe
      managedAppRef = null
      enclosingModuleMetaDatas = class java.util.ArrayList@6758fa6f
      serialVersionUID = -1319293066774967205
      $$$tc$$$ = class com.ibm.websphere.ras.TraceComponent@47b2248f
  dynamicSlots = null

Dump of objectArray[1]
Object type = com.ibm.ws.adaptable.module.internal.AdaptableContainerImpl
  root = class com.ibm.ws.adaptable.module.internal.AdaptableContainerImpl@1428f3de
  rootOverlay = class com.ibm.ws.artifact.overlay.internal.DirectoryBasedOverlayContainerImpl@e84121f
    base = class com.ibm.ws.artifact.file.internal.FileContainer@4542ffb2
      containerFactoryHolder = class com.ibm.ws.artifact.file.internal.FileContainerFactory@140f176f
      parent = null
      thisInParent = null
      dir = class java.io.File@40cfab33
      cacheDir = class java.io.File@576c7d57
      isRoot = true
      root = class com.ibm.ws.artifact.file.internal.FileContainer@4542ffb2
      artifactNotifier = class com.ibm.ws.artifact.file.FileArtifactNotifier@20f4f528
      serialVersionUID = -542248409847968651
      $$$tc$$$ = class com.ibm.websphere.ras.TraceComponent@264484a9
    maskSet = class java.util.HashSet@59f56e04
      serialVersionUID = -5024744406713321676
      map = class java.util.HashMap@213cb800
      PRESENT = class java.lang.Object@539279ec
      MAX_ARRAY_SIZE = 2147483639
    cfHolder = class com.ibm.ws.artifact.overlay.internal.OverlayContainerFactoryImpl@3ccdd67b
      containerFactory = class com.ibm.ws.artifact.internal.ArtifactContainerFactoryService@4a56edf8
      serialVersionUID = 6296466117843221178
      $$$tc$$$ = class com.ibm.websphere.ras.TraceComponent@22a4ab4
    fileOverlayContainer = class com.ibm.ws.artifact.file.internal.FileContainer@400e94ef
      containerFactoryHolder = class com.ibm.ws.artifact.file.internal.FileContainerFactory@140f176f
      parent = null
      thisInParent = null
      dir = class java.io.File@12634c33
      cacheDir = class java.io.File@60149535
      isRoot = true
      root = class com.ibm.ws.artifact.file.internal.FileContainer@400e94ef
      artifactNotifier = class com.ibm.ws.artifact.file.FileArtifactNotifier@61341f0f
      serialVersionUID = -542248409847968651
      $$$tc$$$ = class com.ibm.websphere.ras.TraceComponent@264484a9
    overlayDirectory = class java.io.File@12634c33
      fs = class java.io.UnixFileSystem@1cf007fc
      path = "/home/madog/Documents/proyectos/CYCLE/cycle/app/target/liberty/wlp/usr/servers/defaultServer/workarea/org.eclipse.osgi/111/data/cacheAdapt/com.ibm.ws.app.manager_29/.overlay"
      status = class java.io.File$PathStatus@286d9a4c
      prefixLength = 1
      separatorChar = /
      separator = "/"
      pathSeparatorChar = :
      pathSeparator = ":"
      PATH_OFFSET = 16
      PREFIX_LENGTH_OFFSET = 12
      UNSAFE = class sun.misc.Unsafe@21e52d03
      serialVersionUID = 301077366599181567
      filePath = null
      $assertionsDisabled = true
    cacheDirForOverlay = class java.io.File@60149535
      fs = class java.io.UnixFileSystem@1cf007fc
      path = "/home/madog/Documents/proyectos/CYCLE/cycle/app/target/liberty/wlp/usr/servers/defaultServer/workarea/org.eclipse.osgi/111/data/cacheOverlay/com.ibm.ws.app.manager_29"
      status = class java.io.File$PathStatus@286d9a4c
      prefixLength = 1
      separatorChar = /
      separator = "/"
      pathSeparatorChar = :
      pathSeparator = ":"
      PATH_OFFSET = 16
      PREFIX_LENGTH_OFFSET = 12
      UNSAFE = class sun.misc.Unsafe@21e52d03
      serialVersionUID = 301077366599181567
      filePath = null
      $assertionsDisabled = true
    overlayNotifier = class com.ibm.ws.artifact.overlay.internal.DirectoryBasedOverlayNotifier@6e3e42bc
    enclosingContainer = null
    entryInEnclosingContainer = null
    nestedOverlays = class java.util.concurrent.ConcurrentHashMap@3238e942
      serialVersionUID = 7249069246763182397
      MAXIMUM_CAPACITY = 1073741824
      DEFAULT_CAPACITY = 16
      MAX_ARRAY_SIZE = 2147483639
      DEFAULT_CONCURRENCY_LEVEL = 16
      LOAD_FACTOR = 0.75
      TREEIFY_THRESHOLD = 8
      UNTREEIFY_THRESHOLD = 6
      MIN_TREEIFY_CAPACITY = 64
      MIN_TRANSFER_STRIDE = 16
      RESIZE_STAMP_BITS = 16
      MAX_RESIZERS = 65535
      RESIZE_STAMP_SHIFT = 16
      MOVED = -1
      TREEBIN = -2
      RESERVED = -3
      HASH_BITS = 2147483647
      NCPU = 4
      serialPersistentFields = class java.io.ObjectStreamField[3]
      table = class java.util.concurrent.ConcurrentHashMap$Node[16]
      nextTable = null
      baseCount = 6
      sizeCtl = 12
      transferIndex = 0
      cellsBusy = 0
      counterCells = null
      keySet = null
      values = null
      entrySet = null
      U = class sun.misc.Unsafe@21e52d03
      SIZECTL = 20
      TRANSFERINDEX = 32
      BASECOUNT = 24
      CELLSBUSY = 36
      CELLVALUE = 144
      ABASE = 16
      ASHIFT = 2
      keySet = null
      values = null
    cacheStore = class com.ibm.ws.artifact.overlay.internal.OverlayCache@6a5aa06
      cache = class java.util.HashMap@33e95937
      serialVersionUID = -7877512378170016077
      $$$tc$$$ = class com.ibm.websphere.ras.TraceComponent@15c84e82
    parentOverlay = null
    isPassThroughMode = true
    serialVersionUID = -1690795617118238166
    $$$tc$$$ = class com.ibm.websphere.ras.TraceComponent@7046b5c9
      strings[0] = "TraceComponent[com.ibm.ws.artifact.overlay.internal.DirectoryBasedOverlayContainerImpl,class com.ibm.ws.artifact.overlay.internal.DirectoryBasedOverlayContainerImpl,[archive.overlay],,null]"
  factoryHolder = class com.ibm.ws.adaptable.module.internal.AdaptableModuleFactoryImpl@75182533
    adapterFactoryService = class com.ibm.ws.adaptable.module.internal.AdapterFactoryServiceImpl@e2f7c35
      toType = "toType"
      containerHelperMap = class com.ibm.wsspi.kernel.service.utils.ConcurrentServiceReferenceSetMap@28a55927
      entryHelperMap = class com.ibm.wsspi.kernel.service.utils.ConcurrentServiceReferenceSetMap@2fffb4ae
      containerToTypes = class java.util.Collections$SynchronizedSet@6b47f5e9
      entryToTypes = class java.util.Collections$SynchronizedSet@4fbd1797
      baseProperties = class org.apache.felix.scr.impl.helper.ReadOnlyDictionary@4dd31326
      serialVersionUID = 952155456255648568
      $$$tc$$$ = class com.ibm.websphere.ras.TraceComponent@1ff545ca
    containerFactory = class com.ibm.ws.artifact.internal.ArtifactContainerFactoryService@4a56edf8
      CATEGORY_PROP_NAME = "category"
      ENTRY_KEY = "com.ibm.wsspi.artifact.ArtifactEntry"
      helperMap = class com.ibm.wsspi.kernel.service.utils.ConcurrentServiceReferenceSetMap@367a9f0b
      contributorMap = class com.ibm.wsspi.kernel.service.utils.ConcurrentServiceReferenceSetMap@6fff9c05
      helperCategoryMap = class com.ibm.wsspi.kernel.service.utils.ConcurrentServiceReferenceSetMap@1626402c
      contributorCategoryMap = class com.ibm.wsspi.kernel.service.utils.ConcurrentServiceReferenceSetMap@15a05297
      categories = class java.util.Collections$SynchronizedSet@77c005ef
      baseProperties = class org.apache.felix.scr.impl.helper.ReadOnlyDictionary@64cca0a6
      serialVersionUID = -3101641399269402013
      $$$tc$$$ = class com.ibm.websphere.ras.TraceComponent@e539d85
    overlayContainerFactory = class com.ibm.ws.artifact.overlay.internal.OverlayContainerFactoryImpl@3ccdd67b
    serialVersionUID = 4200251809856292987
    $$$tc$$$ = class com.ibm.websphere.ras.TraceComponent@26c62762
      strings[0] = "TraceComponent[com.ibm.ws.adaptable.module.internal.AdaptableModuleFactoryImpl,class com.ibm.ws.adaptable.module.internal.AdaptableModuleFactoryImpl,[archive.adaptable],,null]"
  delegate = class com.ibm.ws.artifact.overlay.internal.DirectoryBasedOverlayContainerImpl@e84121f
  notifier = class com.ibm.ws.adaptable.module.internal.NotifierImpl@88612fe
    root = class com.ibm.ws.adaptable.module.internal.AdaptableContainerImpl@1428f3de
    delegateNotifier = class com.ibm.ws.artifact.overlay.internal.DirectoryBasedOverlayNotifier@6e3e42bc
      root = class com.ibm.ws.artifact.overlay.internal.DirectoryBasedOverlayContainerImpl@e84121f
      overlayContainer = class com.ibm.ws.artifact.file.internal.FileContainer@400e94ef
      overlaidContainer = class com.ibm.ws.artifact.file.internal.FileContainer@4542ffb2
      listeningToContainers = true
      listeners = class java.util.concurrent.ConcurrentHashMap@538f7af
      pathsMonitored = class java.util.HashSet@19ebcf13
      parentNotifier = null
      pathOfEntryInParent = null
      serialVersionUID = 582578843842957056
      $$$tc$$$ = class com.ibm.websphere.ras.TraceComponent@7ec4c9a8
    delegateRoot = class com.ibm.ws.artifact.overlay.internal.DirectoryBasedOverlayContainerImpl@e84121f
    listenerDelegates = class java.util.HashMap@21e896af
      serialVersionUID = 362498820763181265
      DEFAULT_INITIAL_CAPACITY = 16
      MAXIMUM_CAPACITY = 1073741824
      DEFAULT_LOAD_FACTOR = 0.75
      TREEIFY_THRESHOLD = 8
      UNTREEIFY_THRESHOLD = 6
      MIN_TREEIFY_CAPACITY = 64
      table = class java.util.HashMap$Node[16]
      entrySet = null
      size = 3
      modCount = 3
      threshold = 12
      loadFactor = 0.75
      keySet = null
      values = null
    serialVersionUID = 6839382523957017880
    $$$tc$$$ = class com.ibm.websphere.ras.TraceComponent@66ff4c51
      strings[0] = "TraceComponent[com.ibm.ws.adaptable.module.internal.NotifierImpl,class com.ibm.ws.adaptable.module.internal.NotifierImpl,[archive.adaptable],,null]"
  serialVersionUID = -5621513278641113667
  $$$tc$$$ = class com.ibm.websphere.ras.TraceComponent@1cf352e3
    strings[0] = "TraceComponent[com.ibm.ws.adaptable.module.internal.AdaptableContainerImpl,class com.ibm.ws.adaptable.module.internal.AdaptableContainerImpl,[archive.adaptable],,null]"

Dump of objectArray[2]
Object type = com.ibm.ws.jaxrs20.metadata.JaxRsModuleInfo
  serialVersionUID = -8116043459266953308
  moduleType = class com.ibm.ws.jaxrs20.metadata.JaxRsModuleType@21cf3a3
    WEB = class com.ibm.ws.jaxrs20.metadata.JaxRsModuleType@21cf3a3
    EJB = class com.ibm.ws.jaxrs20.metadata.JaxRsModuleType@638ac503
      WEB = class com.ibm.ws.jaxrs20.metadata.JaxRsModuleType@21cf3a3
      EJB = class com.ibm.ws.jaxrs20.metadata.JaxRsModuleType@638ac503
      $VALUES = class com.ibm.ws.jaxrs20.metadata.JaxRsModuleType[2]
      $$$tc$$$ = class com.ibm.websphere.ras.TraceComponent@34098d22
      name = "EJB"
      ordinal = 1
    $VALUES = class com.ibm.ws.jaxrs20.metadata.JaxRsModuleType[2]
      JaxRsModuleType[0] = class com.ibm.ws.jaxrs20.metadata.JaxRsModuleType@21cf3a3
      JaxRsModuleType[1] = class com.ibm.ws.jaxrs20.metadata.JaxRsModuleType@638ac503
    $$$tc$$$ = class com.ibm.websphere.ras.TraceComponent@34098d22
      strings[0] = "TraceComponent[com.ibm.ws.jaxrs20.metadata.JaxRsModuleType,class com.ibm.ws.jaxrs20.metadata.JaxRsModuleType,[],null,null]"
    name = "WEB"
    ordinal = 0
  endpointInfoMap = class java.util.HashMap@4da4732a
    serialVersionUID = 362498820763181265
    DEFAULT_INITIAL_CAPACITY = 16
    MAXIMUM_CAPACITY = 1073741824
    DEFAULT_LOAD_FACTOR = 0.75
    TREEIFY_THRESHOLD = 8
    UNTREEIFY_THRESHOLD = 6
    MIN_TREEIFY_CAPACITY = 64
    table = null
    entrySet = null
    size = 0
    modCount = 0
    threshold = 0
    loadFactor = 0.75
    keySet = null
    values = null
  isShareEJBJarWithJAXWS = false
  $$$tc$$$ = class com.ibm.websphere.ras.TraceComponent@1c16fd3f
    strings[0] = "TraceComponent[com.ibm.ws.jaxrs20.metadata.JaxRsModuleInfo,class com.ibm.ws.jaxrs20.metadata.JaxRsModuleInfo,[],null,null]"

