------Start of DE processing------ = [12/21/17 15:14:15:729 COT]
Exception = javax.servlet.ServletException
Source = com.ibm.ws.jaxrs20.server.LibertyJaxRsServerFactoryBean
probeid = 271
Stack Dump = javax.servlet.ServletException: Resource class wasdev.sample.rest.VisitorAPI can not be instantiated due to InvocationTargetException
	at com.ibm.ws.jaxrs20.server.LibertyJaxRsServerFactoryBean.createSingletonInstance(LibertyJaxRsServerFactoryBean.java:224)
	at com.ibm.ws.jaxrs20.server.LibertyJaxRsServerFactoryBean.onApplicationInit(LibertyJaxRsServerFactoryBean.java:144)
	at com.ibm.ws.jaxrs20.server.LibertyJaxRsServerFactoryBean.doInit(LibertyJaxRsServerFactoryBean.java:263)
	at com.ibm.ws.jaxrs20.server.JaxRsWebEndpointImpl.init(JaxRsWebEndpointImpl.java:66)
	at com.ibm.websphere.jaxrs.server.IBMRestServlet.init(IBMRestServlet.java:64)
	at com.ibm.ws.webcontainer.servlet.ServletWrapper.init(ServletWrapper.java:297)
	at com.ibm.ws.webcontainer.servlet.ServletWrapper.handleRequest(ServletWrapper.java:598)
	at com.ibm.ws.webcontainer.servlet.ServletWrapper.handleRequest(ServletWrapper.java:440)
	at com.ibm.ws.webcontainer.filter.WebAppFilterManager.invokeFilters(WebAppFilterManager.java:1138)
	at com.ibm.ws.webcontainer.webapp.WebApp.handleRequest(WebApp.java:4962)
	at com.ibm.ws.webcontainer.osgi.DynamicVirtualHost$2.handleRequest(DynamicVirtualHost.java:314)
	at com.ibm.ws.webcontainer.WebContainer.handleRequest(WebContainer.java:995)
	at com.ibm.ws.webcontainer.osgi.DynamicVirtualHost$2.run(DynamicVirtualHost.java:279)
	at com.ibm.ws.http.dispatcher.internal.channel.HttpDispatcherLink$TaskWrapper.run(HttpDispatcherLink.java:957)
	at com.ibm.ws.http.dispatcher.internal.channel.HttpDispatcherLink.wrapHandlerAndExecute(HttpDispatcherLink.java:357)
	at com.ibm.ws.http.dispatcher.internal.channel.HttpDispatcherLink.ready(HttpDispatcherLink.java:316)
	at com.ibm.ws.http.channel.internal.inbound.HttpInboundLink.handleDiscrimination(HttpInboundLink.java:499)
	at com.ibm.ws.http.channel.internal.inbound.HttpInboundLink.handleNewRequest(HttpInboundLink.java:433)
	at com.ibm.ws.http.channel.internal.inbound.HttpInboundLink.processRequest(HttpInboundLink.java:313)
	at com.ibm.ws.http.channel.internal.inbound.HttpICLReadCallback.complete(HttpICLReadCallback.java:70)
	at com.ibm.ws.tcpchannel.internal.WorkQueueManager.requestComplete(WorkQueueManager.java:501)
	at com.ibm.ws.tcpchannel.internal.WorkQueueManager.attemptIO(WorkQueueManager.java:571)
	at com.ibm.ws.tcpchannel.internal.WorkQueueManager.workerRun(WorkQueueManager.java:926)
	at com.ibm.ws.tcpchannel.internal.WorkQueueManager$Worker.run(WorkQueueManager.java:1015)
	at java.util.concurrent.ThreadPoolExecutor.runWorker(ThreadPoolExecutor.java:1149)
	at java.util.concurrent.ThreadPoolExecutor$Worker.run(ThreadPoolExecutor.java:624)
	at java.lang.Thread.run(Thread.java:748)

Dump of callerThis
Object type = com.ibm.ws.jaxrs20.server.LibertyJaxRsServerFactoryBean
  tc = class com.ibm.websphere.ras.TraceComponent@2728c773
    strings[0] = "TraceComponent[com.ibm.ws.jaxrs20.server.LibertyJaxRsServerFactoryBean,class com.ibm.ws.jaxrs20.server.LibertyJaxRsServerFactoryBean,[JaxRsServer],com.ibm.ws.jaxrs20.server.internal.resources.JaxRsServerMessages,null]"
  beanCustomizers = class java.util.LinkedList@8e95417
    size = 3
    first = class java.util.LinkedList$Node@573beeb2
      item = class com.ibm.ws.jaxrs20.managedbeans.component.JaxRsFactoryBeanManagedBeansCustomizer@476d803d
      next = class java.util.LinkedList$Node@6ccbe7d5
      prev = null
    last = class java.util.LinkedList$Node@59cd5c56
      item = class com.ibm.ws.jaxrs20.cdi.component.JaxRsFactoryImplicitBeanCDICustomizer@6f4f7fa6
      next = null
      prev = class java.util.LinkedList$Node@6ccbe7d5
    serialVersionUID = 876323262645176354
    modCount = 1
    MAX_ARRAY_SIZE = 2147483639
  beanCustomizerContexts = class java.util.HashMap@5c78a3dc
    serialVersionUID = 362498820763181265
    DEFAULT_INITIAL_CAPACITY = 16
    MAXIMUM_CAPACITY = 1073741824
    DEFAULT_LOAD_FACTOR = 0.75
    TREEIFY_THRESHOLD = 8
    UNTREEIFY_THRESHOLD = 6
    MIN_TREEIFY_CAPACITY = 64
    table = null
    entrySet = null
    size = 0
    modCount = 0
    threshold = 0
    loadFactor = 0.75
    keySet = null
    values = null
  endpointInfo = class com.ibm.ws.jaxrs20.metadata.EndpointInfo@5d9a6db
    serialVersionUID = 97168420190792502
    servletName = "wasdev.sample.rest.VisitorAPI"
    servletClassName = null
    servletMappingUrl = null
    appClassName = "wasdev.sample.rest.VisitorAPI"
    appPath = "api/*"
    providerAndPathClassNames = class java.util.HashSet@3066d031
      serialVersionUID = -5024744406713321676
      map = class java.util.HashMap@50ce4b91
      PRESENT = class java.lang.Object@539279ec
      MAX_ARRAY_SIZE = 2147483639
    address = "/api/"
    app = null
    customizedApp = false
    perRequestProviderAndPathInfos = class java.util.HashSet@6f67182b
      serialVersionUID = -5024744406713321676
      map = class java.util.HashMap@29eb5e8b
      PRESENT = class java.lang.Object@539279ec
      MAX_ARRAY_SIZE = 2147483639
    singletonProviderAndPathInfos = class java.util.HashSet@226e9a3f
      serialVersionUID = -5024744406713321676
      map = class java.util.HashMap@6eb5f23a
      PRESENT = class java.lang.Object@539279ec
      MAX_ARRAY_SIZE = 2147483639
    abstractClassInterfaceList = class java.util.ArrayList@6ce4cd60
      serialVersionUID = 8683452581122892189
      DEFAULT_CAPACITY = 10
      EMPTY_ELEMENTDATA = class java.lang.Object[0]
      DEFAULTCAPACITY_EMPTY_ELEMENTDATA = class java.lang.Object[0]
      elementData = class java.lang.Object[0]
      size = 0
      MAX_ARRAY_SIZE = 2147483639
      modCount = 0
      MAX_ARRAY_SIZE = 2147483639
    configuredInWebXml = false
    endpointProperties = null
    $$$tc$$$ = class com.ibm.websphere.ras.TraceComponent@f74e026
      strings[0] = "TraceComponent[com.ibm.ws.jaxrs20.metadata.EndpointInfo,class com.ibm.ws.jaxrs20.metadata.EndpointInfo,[],null,null]"
  moduleMetadata = class com.ibm.ws.jaxrs20.metadata.JaxRsModuleMetaData@e9aa8bd
    serverMetaData = class com.ibm.ws.jaxrs20.metadata.JaxRsServerMetaData@11d4890a
      applicationBus = class com.ibm.ws.jaxrs20.bus.LibertyApplicationBus@338a912c
      moduleMetaData = class com.ibm.ws.jaxrs20.metadata.JaxRsModuleMetaData@e9aa8bd
      providerCache = class com.ibm.ws.jaxrs20.cache.LibertyJaxRsProviderCache@2b52afc1
      resourceMethodCache = class com.ibm.ws.jaxrs20.cache.LibertyJaxRsResourceMethodCache@4d9fcc1
      serialVersionUID = -7177191735800084305
      $$$tc$$$ = class com.ibm.websphere.ras.TraceComponent@ecf9f6b
    clientMetaData = null
    name = null
    appContextClassLoader = class com.ibm.ws.classloading.internal.ThreadContextClassLoader@30a36dc1
      tc = class com.ibm.websphere.ras.TraceComponent@1e64a9a3
      bundle = class java.util.concurrent.atomic.AtomicReference@451c8ff9
      key = "WebModule:Cycle#Cycle-1.0-SNAPSHOT"
      refCount = class java.util.concurrent.atomic.AtomicInteger@a4fb126
      appLoader = class com.ibm.ws.classloading.internal.AppClassLoader@6af352bf
      clSvc = class com.ibm.ws.classloading.internal.ClassLoadingServiceImpl@5c32695a
      serialVersionUID = 846416563800781557
      followOnClassLoaders = class java.util.ArrayList@6561e500
      serialVersionUID = -5107316606107305512
      $$$tc$$$ = class com.ibm.websphere.ras.TraceComponent@7dc11745
      serialVersionUID = -4868702105808481416
      $$$tc$$$ = class com.ibm.websphere.ras.TraceComponent@3b1d4ad5
      serialVersionUID = 2596921220292114344
      $$$tc$$$ = class com.ibm.websphere.ras.TraceComponent@91a9a4e
      initialized = true
      pdcache = class java.util.HashMap@12d0ae0b
      debug = null
      parent = class com.ibm.ws.classloading.internal.GatewayClassLoader@7718f224
      parallelLockMap = null
      package2certs = class java.util.Hashtable@5de76db2
      nocerts = class java.security.cert.Certificate[0]
      classes = class java.util.Vector@75785ad
      defaultDomain = class java.security.ProtectionDomain@6d7439a2
      domains = class java.util.HashSet@7a4372f1
      packages = class java.util.HashMap@1caf0af6
      scl = class sun.misc.Launcher$AppClassLoader@18b4aac2
      sclSet = true
      loadedLibraryNames = class java.util.Vector@40f7efd9
      systemNativeLibraries = class java.util.Vector@19f08ef6
      nativeLibraries = class java.util.Vector@27ee9e23
      nativeLibraryContext = class java.util.Stack@2c569a73
      usr_paths = class java.lang.String[7]
      sys_paths = class java.lang.String[1]
      assertionLock = class com.ibm.ws.classloading.internal.ThreadContextClassLoader@30a36dc1
      defaultAssertionStatus = false
      packageAssertionStatus = null
      classAssertionStatus = null
    j2EEName = class com.ibm.ws.container.service.metadata.internal.J2EENameImpl@1cb2e4d
      serialVersionUID = 7488184044073147667
      application = "Cycle"
      module = "Cycle-1.0-SNAPSHOT"
      component = null
      string = "Cycle#Cycle-1.0-SNAPSHOT"
      j2eeNameBytes = null
      $$$tc$$$ = class com.ibm.websphere.ras.TraceComponent@79dbabb5
    moduleContainer = class com.ibm.ws.adaptable.module.internal.AdaptableContainerImpl@1428f3de
      root = class com.ibm.ws.adaptable.module.internal.AdaptableContainerImpl@1428f3de
      rootOverlay = class com.ibm.ws.artifact.overlay.internal.DirectoryBasedOverlayContainerImpl@e84121f
      factoryHolder = class com.ibm.ws.adaptable.module.internal.AdaptableModuleFactoryImpl@75182533
      delegate = class com.ibm.ws.artifact.overlay.internal.DirectoryBasedOverlayContainerImpl@e84121f
      notifier = class com.ibm.ws.adaptable.module.internal.NotifierImpl@88612fe
      serialVersionUID = -5621513278641113667
      $$$tc$$$ = class com.ibm.websphere.ras.TraceComponent@1cf352e3
    moduleInfo = class com.ibm.ws.app.manager.module.internal.WebModuleInfoImpl@5e851736
      contextRoot = "/Cycle"
      isDefaultContextRootUsed = false
      serialVersionUID = -1540279394520440503
      $$$tc$$$ = class com.ibm.websphere.ras.TraceComponent@2683494a
      tc = class com.ibm.websphere.ras.TraceComponent@3321aa69
      appInfo = class com.ibm.ws.container.service.app.deploy.internal.ApplicationInfoImpl@6e2e73f0
      moduleName = "Cycle-1.0-SNAPSHOT"
      path = "Cycle-1.0-SNAPSHOT"
      moduleContainer = class com.ibm.ws.adaptable.module.internal.AdaptableContainerImpl@1428f3de
      altDDEntry = null
      moduleClassesContainers = class java.util.ArrayList@652f875e
      classLoaderFactory = class com.ibm.ws.app.manager.war.internal.WARDeployedAppInfo@14c5e432
      containerInfoType = class com.ibm.ws.container.service.app.deploy.ContainerInfo$Type@2f326b75
      classLoader = class com.ibm.ws.classloading.internal.AppClassLoader@6af352bf
      moduleMetaData = class com.ibm.ws.webcontainer.osgi.metadata.WebModuleMetaDataImpl@545df240
      nestedModuleMetaDataTypes = null
      nestedModuleMetaDataValues = null
      serialVersionUID = 3986734351620206554
    referenceContextMap = class java.util.HashMap@7c8e8432
      serialVersionUID = 362498820763181265
      DEFAULT_INITIAL_CAPACITY = 16
      MAXIMUM_CAPACITY = 1073741824
      DEFAULT_LOAD_FACTOR = 0.75
      TREEIFY_THRESHOLD = 8
      UNTREEIFY_THRESHOLD = 6
      MIN_TREEIFY_CAPACITY = 64
      table = null
      entrySet = null
      size = 0
      modCount = 0
      threshold = 0
      loadFactor = 0.75
      keySet = null
      values = null
    jaxRsInstanceManager = class com.ibm.ws.jaxrs20.support.JaxRsInstanceManager@b835cfe
      classLoader = class com.ibm.ws.classloading.internal.AppClassLoader@6af352bf
      interceptors = class java.util.concurrent.CopyOnWriteArrayList@19a0dfea
      EMPTY_INTERCEPTOR_ARRAY = interface com.ibm.ws.jaxrs20.support.JaxRsInstanceManager$InstanceInterceptor[0]
      serialVersionUID = 4605444750145099527
      $$$tc$$$ = class com.ibm.websphere.ras.TraceComponent@79b6190f
    managedAppRef = null
    enclosingModuleMetaDatas = class java.util.ArrayList@6758fa6f
      serialVersionUID = 8683452581122892189
      DEFAULT_CAPACITY = 10
      EMPTY_ELEMENTDATA = class java.lang.Object[0]
      DEFAULTCAPACITY_EMPTY_ELEMENTDATA = class java.lang.Object[0]
      elementData = class java.lang.Object[2]
      size = 1
      MAX_ARRAY_SIZE = 2147483639
      modCount = 1
      MAX_ARRAY_SIZE = 2147483639
    serialVersionUID = -1319293066774967205
    $$$tc$$$ = class com.ibm.websphere.ras.TraceComponent@47b2248f
      strings[0] = "TraceComponent[com.ibm.ws.jaxrs20.metadata.JaxRsModuleMetaData,class com.ibm.ws.jaxrs20.metadata.JaxRsModuleMetaData,[],null,null]"
  servletConfig = class com.ibm.ws.webcontainer.servlet.ServletConfig@6bb5b038
    logger = class com.ibm.ws.logging.internal.WsLogger@4c60b9f0
      tc = class com.ibm.websphere.ras.TraceComponent@14f837af
      ivCachedResourceBundleName = null
      ivCachedResourceBundle = null
      ivComponent = null
      ivOrganization = null
      ivProduct = null
      ivMinimumLocalizationLevelIntValue = 625
      ivTC = class com.ibm.websphere.ras.TraceComponent@1f9b71d4
      loggerRegistrationComponent = class java.lang.ThreadLocal@4fdb1004
      emptyHandlers = class java.util.logging.Handler[0]
      offValue = 2147483647
      SYSTEM_LOGGER_RB_NAME = "sun.util.logging.resources.logging"
      SYSTEM_BUNDLE = class java.util.logging.Logger$LoggerBundle@70a5897a
      NO_RESOURCE_BUNDLE = class java.util.logging.Logger$LoggerBundle@a7a9f4a
      manager = class com.ibm.ws.kernel.boot.logging.WsLogManager@1db6e531
      name = "com.ibm.ws.webcontainer.servlet"
      handlers = class java.util.concurrent.CopyOnWriteArrayList@191f28b2
      loggerBundle = class java.util.logging.Logger$LoggerBundle@aefb9a
      useParentHandlers = true
      filter = null
      anonymous = false
      catalog = class com.ibm.ws.webcontainer.resources.Messages@33685115
      catalogName = "com.ibm.ws.webcontainer.resources.Messages"
      catalogLocale = class java.util.Locale@1e479127
      treeLock = class java.lang.Object@5c2d1484
      parent = class com.ibm.ws.logging.internal.WsLogger@5733852b
      kids = null
      levelObject = class java.util.logging.Level@70c99fe5
      levelValue = 800
      callersClassLoaderRef = class java.lang.ref.WeakReference@212944da
      isSystemLogger = false
      GLOBAL_LOGGER_NAME = "global"
      global = class java.util.logging.Logger@11430e48
      $assertionsDisabled = true
    CLASS_NAME = "com.ibm.ws.webcontainer.servlet.ServletConfig"
    nls = class com.ibm.ejs.ras.TraceNLS@5c102d04
      resolver = class com.ibm.ws.logging.internal.TraceNLSResolver@22a54a4a
      finder = null
      ivBundleName = "com.ibm.ws.webcontainer.resources.Messages"
      caller = class java.lang.Class@6adff9d3
    liberty_nls = class com.ibm.ejs.ras.TraceNLS@5d1a86c6
      resolver = class com.ibm.ws.logging.internal.TraceNLSResolver@22a54a4a
      finder = null
      ivBundleName = "com.ibm.ws.webcontainer.resources.LShimMessages"
      caller = class java.lang.Class@6adff9d3
    enabled = true
    servletName = "wasdev.sample.rest.VisitorAPI"
    className = null
    mappings = class java.util.ArrayList@489eedd7
      serialVersionUID = 8683452581122892189
      DEFAULT_CAPACITY = 10
      EMPTY_ELEMENTDATA = class java.lang.Object[0]
      DEFAULTCAPACITY_EMPTY_ELEMENTDATA = class java.lang.Object[0]
      elementData = class java.lang.Object[10]
      size = 1
      MAX_ARRAY_SIZE = 2147483639
      modCount = 1
      MAX_ARRAY_SIZE = 2147483639
    startUpWeight = null
    DEFAULT_STARTUP = -1
    isCachingEnabled = true
    isStatisticsEnabled = true
    isInternal = false
    metaData = class com.ibm.ws.webcontainer.osgi.metadata.WebComponentMetaDataImpl@178720d
      j2eeName = class com.ibm.ws.container.service.metadata.internal.J2EENameImpl@22c4f97c
      webModuleMetaData = class com.ibm.ws.webcontainer.osgi.metadata.WebModuleMetaDataImpl@545df240
      mBeanServiceReg = null
      tc = class com.ibm.websphere.ras.TraceComponent@3662bad
      NUM_STATIC_SLOTS = 4
      ID_UNINITIALIZED = -1
      id = 2
      metaDataInterface = class java.lang.Class@361780
      staticSlots = class java.lang.Object[4]
      dynamicSlots = null
    singleThreadModelServlet = false
    isJsp = false
    webAppConfig = class com.ibm.ws.webcontainer.osgi.webapp.WebAppConfiguration@1f695fbe
      webModuleMetaData = class com.ibm.ws.webcontainer.osgi.metadata.WebModuleMetaDataImpl@545df240
      webComponentMetaData = class com.ibm.ws.webcontainer.osgi.metadata.WebComponentMetaDataImpl@37939edd
      dVirtualHost = class com.ibm.ws.webcontainer.osgi.DynamicVirtualHost@733d135d
      orderedLibPaths = class java.util.Collections$UnmodifiableRandomAccessList@ecafb6
      bundleHeaders = null
      cdiEnabled = false
      CLASS_NAME = "com.ibm.ws.webcontainer.webapp.WebAppConfiguration"
      logger = class com.ibm.ws.logging.internal.WsLogger@40d3df54
      tc = class com.ibm.websphere.ras.TraceComponent@519f6ab7
      nls = class com.ibm.ejs.ras.TraceNLS@700ffc8e
      version = 30
      contextRoot = "/Cycle"
      isDefaultContextRootUsed = false
      sessionTimeout = 0
      moduleSessionTimeoutSet = false
      moduleSessionTrackingModeSet = false
      sessionCookieConfig = class com.ibm.ws.session.SessionCookieConfigImpl@1a535700
      hasProgrammaticCookieConfig = false
      sessionDefaultTrackingModeSet = class java.util.RegularEnumSet@5e2d788b
      sessionManagerConfig = class com.ibm.ws.session.SessionManagerConfig@104fdd88
      displayName = "Cycle-1.0-SNAPSHOT"
      description = null
      reloadInterval = 0
      distributable = false
      denyUncoveredHttpMethods = false
      reloadingEnabled = false
      serveServletsByClassnameEnabled = false
      defaultErrorPage = null
      additionalClassPath = null
      fileServingEnabled = null
      directoryBrowsingEnabled = false
      autoRequestEncoding = false
      autoResponseEncoding = false
      autoLoadFilters = false
      requestListeners = null
      requestAttributeListeners = null
      sessionListeners = null
      localeMap = null
      moduleName = "Cycle-1.0-SNAPSHOT"
      j2eeModuleName = "Cycle-1.0-SNAPSHOT"
      moduleId = null
      isSyncToThreadEnabled = false
      encodeDispatchedRequestURI = false
      isSystemApp = false
      ardEnabled = false
      ardDispatchType = null
      listeners = class java.util.ArrayList@349b0d8f
      welcomeFileList = class java.util.ArrayList@2b898b58
      servletMappings = class java.util.HashMap@757ec802
      lastIndexBeforeDeclaredFilters = 0
      filterMappings = class java.util.ArrayList@7a9aa1af
      servletInfo = class java.util.HashMap@16812c06
      filterInfo = class java.util.HashMap@71b5a6c5
      mimeMappings = class java.util.HashMap@72084e29
      mimeFilters = null
      isMimeFilteringEnabled = false
      theWebGroup = null
      jspAttributes = class java.util.HashMap@32ff9ed3
      fileServingAttributes = class java.util.HashMap@5d301e1e
      invokerAttributes = class java.util.HashMap@424ee8a2
      contextParams = class java.util.HashMap@1e11fda0
      virtualHost = "default_host"
      exceptionErrorPages = class java.util.HashMap@2ed8814d
      codeErrorPages = class java.util.HashMap@73c5ba66
      tagLibList = null
      precompileJsps = false
      webApp = class com.ibm.ws.webcontainer31.osgi.webapp.WebApp31@467b4744
      virtualHostList = class java.util.Collections$EmptyList@2f60d942
      appStartupWeight = 0
      moduleStartupWeight = 0
      metaDataComplete = false
      classesToScan = class java.util.ArrayList@57165ed6
      uriFilterMappingInfos = null
      servletFilterMappingInfos = null
      dynamicServletRegistrationMap = null
      applicationName = "Cycle"
      libBinPathList = class java.util.ArrayList@321434db
      webXmlDefinedListeners = class java.util.HashSet@3dae6f90
      allRefs = class java.util.EnumMap@63e6f4c9
      allRefBindings = class java.util.EnumMap@7fbbde96
      envEntryValues = class java.util.HashMap@7c8eb32
      resourceRefConfigList = null
      disallowAllFileServingProp = "false"
      disallowServeServletsByClassnameProp = "true"
      disableStaticMappingCache = false
      jspCachedLocations = class java.util.HashMap@6985c5de
      primedSTSHeader = "NoValue"
      enablemultireadofpostdata = false
      requestEncoding = null
      responseEncoding = null
      _id = "WebAppGeneratedId1"
      _attributes = null
      serialVersionUID = 7511545662945734886
      $$$tc$$$ = class com.ibm.websphere.ras.TraceComponent@3fab7571
    servletWrapper = class com.ibm.ws.webcontainer.osgi.servlet.ServletWrapper@5c5d072b
      serialVersionUID = 1
      _mo = null
      serialVersionUID = -4479626085298397598
      notifyInvocationListeners = false
      UNINITIALIZED_STATE = -1
      AVAILABLE_STATE = 0
      UNAVAILABLE_STATE = 1
      UNAVAILABLE_PERMANENTLY_STATE = 2
      collabHelper = class com.ibm.ws.webcontainer.osgi.collaborator.CollaboratorHelperImpl@23c461ac
      nServicing = class java.util.concurrent.atomic.AtomicInteger@6437df69
      lastAccessTime = 1513887179802
      state = -1
      logger = class com.ibm.ws.logging.internal.WsLogger@4c60b9f0
      CLASS_NAME = "com.ibm.ws.webcontainer.servlet.ServletWrapper"
      nls = class com.ibm.ejs.ras.TraceNLS@7667a870
      servletConfig = class com.ibm.ws.webcontainer.servlet.ServletConfig@6bb5b038
      context = class com.ibm.ws.webcontainer31.osgi.webapp.WebApp31@467b4744
      target = class com.ibm.websphere.jaxrs.server.IBMRestServlet@6a3739fd
      cacheWrappers = null
      targetLoader = null
      evtSource = class com.ibm.ws.webcontainer.webapp.WebAppEventSource@6faf46a8
      event = class com.ibm.websphere.servlet.event.ServletEvent@1724d1ae
      unavailableMessage = null
      unavailableUntil = -1
      isSTM = false
      internalServlet = false
      webAppInvocationCollaborators = null
      platformHelper = class com.ibm.ws.webcontainer.PlatformHelper@176d0be7
      webAppNameSpaceCollab = class com.ibm.ws.webcontainer.osgi.collaborator.WebAppNameSpaceCollaboratorImpl@30650297
      txCollab = class com.ibm.ws.transaction.services.WebAppTransactionCollaboratorImpl@4dfb52f4
      connCollab = class com.ibm.ws.webcontainer.collaborator.ConnectionCollaborator@6945713
      suppressServletExceptionLogging = false
      throwExceptionEnum = class java.util.RegularEnumSet@378c5fce
      discernUnavailableServlet = false
      reInitServletonInitUnavailableException = true
      destroyServletonServiceUnavailableException = false
      servlet23 = true
      PARAMS_HEAD_TRACE = class java.lang.Class[2]
      defaultHeadMethodInUse = false
      defaultTraceMethodInUse = false
      checkedForDefaultMethods = null
      defaultTraceRequestBehavior = false
      defaultHeadRequestBehavior = false
      useOriginalRequestState = false
      warningStatusSet = false
      LSTRING_FILE = "javax.servlet.LocalStrings"
      lStrings = class java.util.PropertyResourceBundle@5e74d5e4
      config = null
    servletClass = class java.lang.Class@557896d0
      ANNOTATION = 8192
      ENUM = 16384
      SYNTHETIC = 4096
      cachedConstructor = null
      newInstanceCallerCache = null
      name = "com.ibm.websphere.jaxrs.server.IBMRestServlet"
      allPermDomain = class java.security.ProtectionDomain@2de130c1
      useCaches = true
      reflectionData = class java.lang.ref.SoftReference@4cfc10e0
      classRedefinedCount = 0
      genericInfo = null
      serialVersionUID = 3206093459760846163
      serialPersistentFields = class java.io.ObjectStreamField[0]
      reflectionFactory = class sun.reflect.ReflectionFactory@467e3c23
      initted = true
      enumConstants = null
      enumConstantDirectory = null
      annotationData = class java.lang.Class$AnnotationData@4ed0578f
      annotationType = null
      classValueMap = null
    servlet = class com.ibm.websphere.jaxrs.server.IBMRestServlet@6a3739fd
      serialVersionUID = -6835560282014155024
      KNOWN_HTTP_VERBS = class java.util.Arrays$ArrayList@4018ed2d
      HTML_CONTENT_TYPE = "text/html"
      endpoint = class com.ibm.ws.jaxrs20.server.JaxRsWebEndpointImpl@5f2798a5
      collaborator = class com.ibm.ws.webcontainer.osgi.collaborator.WebAppNameSpaceCollaboratorImpl@30650297
      providerFactoryService = class com.ibm.ws.jaxrs20.component.JaxRsProviderFactory@29be18b5
      $$$tc$$$ = class com.ibm.websphere.ras.TraceComponent@663c2f2a
      METHOD_DELETE = "DELETE"
      METHOD_HEAD = "HEAD"
      METHOD_GET = "GET"
      METHOD_OPTIONS = "OPTIONS"
      METHOD_POST = "POST"
      METHOD_PUT = "PUT"
      METHOD_TRACE = "TRACE"
      HEADER_IFMODSINCE = "If-Modified-Since"
      HEADER_LASTMOD = "Last-Modified"
      LSTRING_FILE = "javax.servlet.http.LocalStrings"
      lStrings = class java.util.PropertyResourceBundle@259c40ac
      LSTRING_FILE = "javax.servlet.LocalStrings"
      lStrings = class java.util.PropertyResourceBundle@5e74d5e4
      config = class com.ibm.ws.webcontainer.servlet.ServletConfig@6bb5b038
    addedToLoadOnStartup = true
    previousWeight = null
    multipartConfig = null
    multipartConfigBaseLocation = null
    runAsRole = null
    servletSecurityElement = null
    declareRolesAnnotation = null
    logger = class com.ibm.ws.logging.internal.WsLogger@4c60b9f0
    CLASS_NAME = "com.ibm.ws.webcontainer.servlet.TargetConfig"
    initParams = null
    fileName = null
    displayName = null
    name = "wasdev.sample.rest.VisitorAPI"
    description = null
    smallIcon = null
    largeIcon = null
    context = class com.ibm.ws.webcontainer31.facade.ServletContextFacade31@1ccde8db
      context = class com.ibm.ws.webcontainer31.osgi.webapp.WebApp31@467b4744
    className = null
    asyncSupported = true
    _id = "wasdev.sample.rest.VisitorAPI"
    _attributes = null
    serialVersionUID = 7511545662945734886
    $$$tc$$$ = class com.ibm.websphere.ras.TraceComponent@3fab7571
      strings[0] = "TraceComponent[com.ibm.ws.container.BaseConfiguration,class com.ibm.ws.container.BaseConfiguration,[],null,null]"
  providerFactoryService = class com.ibm.ws.jaxrs20.component.JaxRsProviderFactory@29be18b5
    serviceInstance = class com.ibm.ws.jaxrs20.component.JaxRsProviderFactory@29be18b5
    providerRegisterList = class java.util.concurrent.CopyOnWriteArrayList@29070c52
      serialVersionUID = 8673264195747942595
      lock = class java.util.concurrent.locks.ReentrantLock@4b793c38
      array = class java.lang.Object[2]
      UNSAFE = class sun.misc.Unsafe@21e52d03
      lockOffset = 12
    _featureProvisioner = class com.ibm.wsspi.kernel.service.utils.AtomicServiceReference@3de9b8b7
      referenceName = "featureProvisioner"
      tuple = class java.util.concurrent.atomic.AtomicReference@42e84230
      serialVersionUID = 2226592364007985000
      $$$tc$$$ = class com.ibm.websphere.ras.TraceComponent@7b927767
    serialVersionUID = -2094101363659968577
    $$$tc$$$ = class com.ibm.websphere.ras.TraceComponent@73a37db8
      strings[0] = "TraceComponent[com.ibm.ws.jaxrs20.component.JaxRsProviderFactory,class com.ibm.ws.jaxrs20.component.JaxRsProviderFactory,[],null,null]"
  lockObject = 0
  serialVersionUID = -1649715302212689613
  resourceProviders = class java.util.HashMap@67362823
    serialVersionUID = 362498820763181265
    DEFAULT_INITIAL_CAPACITY = 16
    MAXIMUM_CAPACITY = 1073741824
    DEFAULT_LOAD_FACTOR = 0.75
    TREEIFY_THRESHOLD = 8
    UNTREEIFY_THRESHOLD = 6
    MIN_TREEIFY_CAPACITY = 64
    table = null
    entrySet = null
    size = 0
    modCount = 0
    threshold = 0
    loadFactor = 0.75
    keySet = null
    values = null
  server = null
  start = false
  languageMappings = null
  extensionMappings = null
  rc = null
  appProvider = null
  documentLocation = null
  LOG = class com.ibm.ws.logging.internal.WsLogger@13d8ca46
    tc = class com.ibm.websphere.ras.TraceComponent@14f837af
    ivCachedResourceBundleName = null
    ivCachedResourceBundle = null
    ivComponent = null
    ivOrganization = null
    ivProduct = null
    ivMinimumLocalizationLevelIntValue = 625
    ivTC = class com.ibm.websphere.ras.TraceComponent@41c86efa
      strings[0] = "TraceComponent[org.apache.cxf.jaxrs.AbstractJAXRSFactoryBeanorg.eclipse.osgi.internal.loader.EquinoxClassLoader@4484fd72[com.ibm.ws.jaxrs.2.0.common:1.0.19.201712061602(id=176)],class org.apache.cxf.common.logging.LogUtils,[org.apache.cxf.jaxrs.AbstractJAXRSFactoryBeanorg.eclipse.osgi.internal.loader.EquinoxClassLoader@4484fd72[com.ibm.ws.jaxrs.2.0.common:1.0.19.201712061602(id=176)]],null,null]"
    loggerRegistrationComponent = class java.lang.ThreadLocal@4fdb1004
    emptyHandlers = class java.util.logging.Handler[0]
    offValue = 2147483647
    SYSTEM_LOGGER_RB_NAME = "sun.util.logging.resources.logging"
    SYSTEM_BUNDLE = class java.util.logging.Logger$LoggerBundle@70a5897a
    NO_RESOURCE_BUNDLE = class java.util.logging.Logger$LoggerBundle@a7a9f4a
    manager = class com.ibm.ws.kernel.boot.logging.WsLogManager@1db6e531
    name = "org.apache.cxf.jaxrs.AbstractJAXRSFactoryBeanorg.eclipse.osgi.internal.loader.EquinoxClassLoader@4484fd72[com.ibm.ws.jaxrs.2.0.common:1.0.19.201712061602(id=176)]"
    handlers = class java.util.concurrent.CopyOnWriteArrayList@1ed7abd2
      serialVersionUID = 8673264195747942595
      lock = class java.util.concurrent.locks.ReentrantLock@d240852
      array = class java.lang.Object[0]
      UNSAFE = class sun.misc.Unsafe@21e52d03
      lockOffset = 12
    loggerBundle = class java.util.logging.Logger$LoggerBundle@169198c4
      resourceBundleName = "org.apache.cxf.jaxrs.Messages"
      userBundle = null
    useParentHandlers = true
    filter = null
    anonymous = false
    catalog = class java.util.PropertyResourceBundle@af2bf9d
    catalogName = "org.apache.cxf.jaxrs.Messages"
    catalogLocale = class java.util.Locale@1e479127
    treeLock = class java.lang.Object@5c2d1484
    parent = class java.util.logging.Logger@5e20d0f9
    kids = null
    levelObject = class java.util.logging.Level@70c99fe5
    levelValue = 800
    callersClassLoaderRef = class java.lang.ref.WeakReference@258d59ac
      referent = class org.eclipse.osgi.internal.loader.EquinoxClassLoader@4484fd72
      queue = class java.lang.ref.ReferenceQueue$Null@34659b0e
      next = null
      discovered = null
      lock = class java.lang.ref.Reference$Lock@2ed06863
      pending = null
    isSystemLogger = false
    GLOBAL_LOGGER_NAME = "global"
    global = class java.util.logging.Logger@11430e48
    $assertionsDisabled = true
  BUNDLE = class java.util.PropertyResourceBundle@af2bf9d
    lookup = class java.util.HashMap@5e390b1a
      serialVersionUID = 362498820763181265
      DEFAULT_INITIAL_CAPACITY = 16
      MAXIMUM_CAPACITY = 1073741824
      DEFAULT_LOAD_FACTOR = 0.75
      TREEIFY_THRESHOLD = 8
      UNTREEIFY_THRESHOLD = 6
      MIN_TREEIFY_CAPACITY = 64
      table = class java.util.HashMap$Node[8]
      entrySet = null
      size = 5
      modCount = 5
      threshold = 6
      loadFactor = 0.75
      keySet = null
      values = null
    INITIAL_CACHE_SIZE = 32
    NONEXISTENT_BUNDLE = class java.util.ResourceBundle$1@18ed842d
      INITIAL_CACHE_SIZE = 32
      NONEXISTENT_BUNDLE = class java.util.ResourceBundle$1@18ed842d
      cacheList = class java.util.concurrent.ConcurrentHashMap@376221f8
      referenceQueue = class java.lang.ref.ReferenceQueue@202f43bd
      parent = null
      locale = null
      name = null
      expired = false
      cacheKey = class java.util.ResourceBundle$CacheKey@435b53c3
      keySet = null
      providers = null
      $assertionsDisabled = true
    cacheList = class java.util.concurrent.ConcurrentHashMap@376221f8
      serialVersionUID = 7249069246763182397
      MAXIMUM_CAPACITY = 1073741824
      DEFAULT_CAPACITY = 16
      MAX_ARRAY_SIZE = 2147483639
      DEFAULT_CONCURRENCY_LEVEL = 16
      LOAD_FACTOR = 0.75
      TREEIFY_THRESHOLD = 8
      UNTREEIFY_THRESHOLD = 6
      MIN_TREEIFY_CAPACITY = 64
      MIN_TRANSFER_STRIDE = 16
      RESIZE_STAMP_BITS = 16
      MAX_RESIZERS = 65535
      RESIZE_STAMP_SHIFT = 16
      MOVED = -1
      TREEBIN = -2
      RESERVED = -3
      HASH_BITS = 2147483647
      NCPU = 4
      serialPersistentFields = class java.io.ObjectStreamField[3]
      table = class java.util.concurrent.ConcurrentHashMap$Node[256]
      nextTable = null
      baseCount = 141
      sizeCtl = 192
      transferIndex = 0
      cellsBusy = 0
      counterCells = null
      keySet = null
      values = null
      entrySet = null
      U = class sun.misc.Unsafe@21e52d03
      SIZECTL = 20
      TRANSFERINDEX = 32
      BASECOUNT = 24
      CELLSBUSY = 36
      CELLVALUE = 144
      ABASE = 16
      ASHIFT = 2
      keySet = null
      values = null
    referenceQueue = class java.lang.ref.ReferenceQueue@202f43bd
      NULL = class java.lang.ref.ReferenceQueue$Null@34659b0e
      ENQUEUED = class java.lang.ref.ReferenceQueue$Null@2c636fe6
      lock = class java.lang.ref.ReferenceQueue$Lock@70bbf485
      head = null
      queueLength = 0
      $assertionsDisabled = true
    parent = null
    locale = class java.util.Locale@2f1fd7a0
      LOCALECACHE = class java.util.Locale$Cache@4cc03ad6
      ENGLISH = class java.util.Locale@1a11e2ba
      FRENCH = class java.util.Locale@5440303b
      GERMAN = class java.util.Locale@709ba8eb
      ITALIAN = class java.util.Locale@3d403aa4
      JAPANESE = class java.util.Locale@28d11b84
      KOREAN = class java.util.Locale@7d45374d
      CHINESE = class java.util.Locale@503414fe
      SIMPLIFIED_CHINESE = class java.util.Locale@6c1d8146
      TRADITIONAL_CHINESE = class java.util.Locale@4cb0ba7a
      FRANCE = class java.util.Locale@181b03fe
      GERMANY = class java.util.Locale@68f867e7
      ITALY = class java.util.Locale@686fdc0f
      JAPAN = class java.util.Locale@2145d812
      KOREA = class java.util.Locale@61012b37
      CHINA = class java.util.Locale@6c1d8146
      PRC = class java.util.Locale@6c1d8146
      TAIWAN = class java.util.Locale@4cb0ba7a
      UK = class java.util.Locale@4aedbfaf
      US = class java.util.Locale@1e479127
      CANADA = class java.util.Locale@5c749d59
      CANADA_FRENCH = class java.util.Locale@53fe5b8d
      ROOT = class java.util.Locale@2f1fd7a0
      PRIVATE_USE_EXTENSION = x
      UNICODE_LOCALE_EXTENSION = u
      serialVersionUID = 9149081749638150636
      DISPLAY_LANGUAGE = 0
      DISPLAY_COUNTRY = 1
      DISPLAY_VARIANT = 2
      DISPLAY_SCRIPT = 3
      baseLocale = class sun.util.locale.BaseLocale@73bd8b48
      localeExtensions = null
      hashCodeValue = 0
      defaultLocale = class java.util.Locale@1e479127
      defaultDisplayLocale = null
      defaultFormatLocale = class java.util.Locale@1e479127
      languageTag = null
      serialPersistentFields = class java.io.ObjectStreamField[6]
      isoLanguages = null
      isoCountries = null
      $assertionsDisabled = true
    name = "org.apache.cxf.jaxrs.Messages"
    expired = false
    cacheKey = class java.util.ResourceBundle$CacheKey@18571ec7
      name = "org.apache.cxf.jaxrs.Messages"
      locale = class java.util.Locale@2f1fd7a0
      loaderRef = class java.util.ResourceBundle$LoaderReference@3696f366
      format = "java.properties"
      loadTime = 0
      expirationTime = -2
      cause = null
      hashCodeCache = 648313642
    keySet = null
    providers = null
    $assertionsDisabled = true
  schemaLocations = null
  serviceFactory = class org.apache.cxf.jaxrs.JAXRSServiceFactoryBean@5c53e9d0
    classResourceInfos = class java.util.ArrayList@3df484ae
      serialVersionUID = 8683452581122892189
      DEFAULT_CAPACITY = 10
      EMPTY_ELEMENTDATA = class java.lang.Object[0]
      DEFAULTCAPACITY_EMPTY_ELEMENTDATA = class java.lang.Object[0]
      elementData = class java.lang.Object[0]
      size = 0
      MAX_ARRAY_SIZE = 2147483639
      modCount = 0
      MAX_ARRAY_SIZE = 2147483639
    invoker = null
    executor = null
    enableStatic = false
    serviceName = null
    defaultModelClass = null
    serialVersionUID = 6792516901271409575
    $$$tc$$$ = class com.ibm.websphere.ras.TraceComponent@43cf7f07
      strings[0] = "TraceComponent[org.apache.cxf.jaxrs.JAXRSServiceFactoryBean,class org.apache.cxf.jaxrs.JAXRSServiceFactoryBean,[],null,null]"
    LOG = class com.ibm.ws.logging.internal.WsLogger@21581183
      tc = class com.ibm.websphere.ras.TraceComponent@14f837af
      ivCachedResourceBundleName = null
      ivCachedResourceBundle = null
      ivComponent = null
      ivOrganization = null
      ivProduct = null
      ivMinimumLocalizationLevelIntValue = 625
      ivTC = class com.ibm.websphere.ras.TraceComponent@35b35850
      loggerRegistrationComponent = class java.lang.ThreadLocal@4fdb1004
      emptyHandlers = class java.util.logging.Handler[0]
      offValue = 2147483647
      SYSTEM_LOGGER_RB_NAME = "sun.util.logging.resources.logging"
      SYSTEM_BUNDLE = class java.util.logging.Logger$LoggerBundle@70a5897a
      NO_RESOURCE_BUNDLE = class java.util.logging.Logger$LoggerBundle@a7a9f4a
      manager = class com.ibm.ws.kernel.boot.logging.WsLogManager@1db6e531
      name = "org.apache.cxf.service.factory.AbstractServiceFactoryBeanorg.eclipse.osgi.internal.loader.EquinoxClassLoader@4484fd72[com.ibm.ws.jaxrs.2.0.common:1.0.19.201712061602(id=176)]"
      handlers = class java.util.concurrent.CopyOnWriteArrayList@33def15c
      loggerBundle = class java.util.logging.Logger$LoggerBundle@2140303
      useParentHandlers = true
      filter = null
      anonymous = false
      catalog = class java.util.PropertyResourceBundle@2ab0a288
      catalogName = "org.apache.cxf.service.factory.Messages"
      catalogLocale = class java.util.Locale@1e479127
      treeLock = class java.lang.Object@5c2d1484
      parent = class java.util.logging.Logger@5e20d0f9
      kids = null
      levelObject = class java.util.logging.Level@70c99fe5
      levelValue = 800
      callersClassLoaderRef = class java.lang.ref.WeakReference@4d6cf516
      isSystemLogger = false
      GLOBAL_LOGGER_NAME = "global"
      global = class java.util.logging.Logger@11430e48
      $assertionsDisabled = true
    dataBindingSet = false
    schemaLocations = null
    bus = class com.ibm.ws.jaxrs20.bus.LibertyApplicationBus@338a912c
    dataBinding = null
    service = null
    listeners = class org.apache.cxf.common.util.ModCountCopyOnWriteArrayList@60e02bfa
      serialVersionUID = 1783937035760941219
      modCount = class java.util.concurrent.atomic.AtomicInteger@3e01a1f9
      serialVersionUID = 8673264195747942595
      lock = class java.util.concurrent.locks.ReentrantLock@11b16560
      array = class java.lang.Object[1]
      UNSAFE = class sun.misc.Unsafe@21e52d03
      lockOffset = 12
    sessionState = class java.util.HashMap@792802bc
      serialVersionUID = 362498820763181265
      DEFAULT_INITIAL_CAPACITY = 16
      MAXIMUM_CAPACITY = 1073741824
      DEFAULT_LOAD_FACTOR = 0.75
      TREEIFY_THRESHOLD = 8
      UNTREEIFY_THRESHOLD = 6
      MIN_TREEIFY_CAPACITY = 64
      table = null
      entrySet = null
      size = 0
      modCount = 0
      threshold = 0
      loadFactor = 0.75
      keySet = null
      values = null
    serialVersionUID = 5209506916578988249
  entityProviders = class java.util.LinkedList@71587167
    size = 0
    first = null
    last = null
    serialVersionUID = 876323262645176354
    modCount = 0
    MAX_ARRAY_SIZE = 2147483639
  providerComparator = null
  LOG = class com.ibm.ws.logging.internal.WsLogger@38b9664e
    tc = class com.ibm.websphere.ras.TraceComponent@14f837af
      strings[0] = "TraceComponent[com.ibm.ws.logging.internal.WsLogger,class com.ibm.ws.logging.internal.WsLogger,[logging],com.ibm.ws.logging.internal.resources.LoggingMessages,null]"
    ivCachedResourceBundleName = null
    ivCachedResourceBundle = null
    ivComponent = null
    ivOrganization = null
    ivProduct = null
    ivMinimumLocalizationLevelIntValue = 625
    ivTC = class com.ibm.websphere.ras.TraceComponent@127e8f07
      strings[0] = "TraceComponent[org.apache.cxf.endpoint.AbstractEndpointFactoryorg.eclipse.osgi.internal.loader.EquinoxClassLoader@4484fd72[com.ibm.ws.jaxrs.2.0.common:1.0.19.201712061602(id=176)],class org.apache.cxf.common.logging.LogUtils,[org.apache.cxf.endpoint.AbstractEndpointFactoryorg.eclipse.osgi.internal.loader.EquinoxClassLoader@4484fd72[com.ibm.ws.jaxrs.2.0.common:1.0.19.201712061602(id=176)]],null,null]"
    loggerRegistrationComponent = class java.lang.ThreadLocal@4fdb1004
      threadLocalHashCode = -1218333801
      nextHashCode = class java.util.concurrent.atomic.AtomicInteger@4394e0e7
      HASH_INCREMENT = 1640531527
    emptyHandlers = class java.util.logging.Handler[0]
    offValue = 2147483647
    SYSTEM_LOGGER_RB_NAME = "sun.util.logging.resources.logging"
    SYSTEM_BUNDLE = class java.util.logging.Logger$LoggerBundle@70a5897a
      resourceBundleName = "sun.util.logging.resources.logging"
      userBundle = null
    NO_RESOURCE_BUNDLE = class java.util.logging.Logger$LoggerBundle@a7a9f4a
      resourceBundleName = null
      userBundle = null
    manager = class com.ibm.ws.kernel.boot.logging.WsLogManager@1db6e531
      CLASS_NAME = "com.ibm.ws.kernel.boot.logging.WsLogManager"
      CONFIGURE_BY_SERVER_PROPERTY_NAME = "java.util.logging.configureByServer"
      CONFIGURE_BY_LOGGING_PROPERTIES_FILE = "java.util.logging.configureByLoggingPropertiesFile"
      configureByServer = true
      configureByLoggingProperties = false
      wsLogger = class java.lang.reflect.Constructor@15bce9b7
      resetEnabled = true
      manager = class com.ibm.ws.kernel.boot.logging.WsLogManager@1db6e531
      props = class java.util.Properties@2679780
      defaultLevel = class java.util.logging.Level@70c99fe5
      listenerMap = class java.util.HashMap@174365ea
      systemContext = class java.util.logging.LogManager$SystemLoggerContext@6540d7e4
      userContext = class java.util.logging.LogManager$LoggerContext@79631eab
      rootLogger = class java.util.logging.LogManager$RootLogger@47064d90
      readPrimordialConfiguration = true
      initializedGlobalHandlers = true
      deathImminent = false
      initializedCalled = true
      initializationDone = true
      contextsMap = null
      loggerRefQueue = class java.lang.ref.ReferenceQueue@4be61caf
      MAX_ITERATIONS = 400
      controlPermission = class java.util.logging.LoggingPermission@287a0dc0
      loggingMXBean = null
      LOGGING_MXBEAN_NAME = "java.util.logging:type=Logging"
      $assertionsDisabled = true
    name = "org.apache.cxf.endpoint.AbstractEndpointFactoryorg.eclipse.osgi.internal.loader.EquinoxClassLoader@4484fd72[com.ibm.ws.jaxrs.2.0.common:1.0.19.201712061602(id=176)]"
    handlers = class java.util.concurrent.CopyOnWriteArrayList@61ca92e2
      serialVersionUID = 8673264195747942595
      lock = class java.util.concurrent.locks.ReentrantLock@1660acf9
      array = class java.lang.Object[0]
      UNSAFE = class sun.misc.Unsafe@21e52d03
      lockOffset = 12
    loggerBundle = class java.util.logging.Logger$LoggerBundle@414b193a
      resourceBundleName = "org.apache.cxf.endpoint.Messages"
      userBundle = null
    useParentHandlers = true
    filter = null
    anonymous = false
    catalog = class java.util.PropertyResourceBundle@57c309b3
      lookup = class java.util.HashMap@7cfac10b
      INITIAL_CACHE_SIZE = 32
      NONEXISTENT_BUNDLE = class java.util.ResourceBundle$1@18ed842d
      cacheList = class java.util.concurrent.ConcurrentHashMap@376221f8
      referenceQueue = class java.lang.ref.ReferenceQueue@202f43bd
      parent = null
      locale = class java.util.Locale@2f1fd7a0
      name = "org.apache.cxf.endpoint.Messages"
      expired = false
      cacheKey = class java.util.ResourceBundle$CacheKey@378e05a1
      keySet = null
      providers = null
      $assertionsDisabled = true
    catalogName = "org.apache.cxf.endpoint.Messages"
    catalogLocale = class java.util.Locale@1e479127
      LOCALECACHE = class java.util.Locale$Cache@4cc03ad6
      ENGLISH = class java.util.Locale@1a11e2ba
      FRENCH = class java.util.Locale@5440303b
      GERMAN = class java.util.Locale@709ba8eb
      ITALIAN = class java.util.Locale@3d403aa4
      JAPANESE = class java.util.Locale@28d11b84
      KOREAN = class java.util.Locale@7d45374d
      CHINESE = class java.util.Locale@503414fe
      SIMPLIFIED_CHINESE = class java.util.Locale@6c1d8146
      TRADITIONAL_CHINESE = class java.util.Locale@4cb0ba7a
      FRANCE = class java.util.Locale@181b03fe
      GERMANY = class java.util.Locale@68f867e7
      ITALY = class java.util.Locale@686fdc0f
      JAPAN = class java.util.Locale@2145d812
      KOREA = class java.util.Locale@61012b37
      CHINA = class java.util.Locale@6c1d8146
      PRC = class java.util.Locale@6c1d8146
      TAIWAN = class java.util.Locale@4cb0ba7a
      UK = class java.util.Locale@4aedbfaf
      US = class java.util.Locale@1e479127
      CANADA = class java.util.Locale@5c749d59
      CANADA_FRENCH = class java.util.Locale@53fe5b8d
      ROOT = class java.util.Locale@2f1fd7a0
      PRIVATE_USE_EXTENSION = x
      UNICODE_LOCALE_EXTENSION = u
      serialVersionUID = 9149081749638150636
      DISPLAY_LANGUAGE = 0
      DISPLAY_COUNTRY = 1
      DISPLAY_VARIANT = 2
      DISPLAY_SCRIPT = 3
      baseLocale = class sun.util.locale.BaseLocale@3bce9a56
      localeExtensions = null
      hashCodeValue = 96636889
      defaultLocale = class java.util.Locale@1e479127
      defaultDisplayLocale = null
      defaultFormatLocale = class java.util.Locale@1e479127
      languageTag = "en-US"
      serialPersistentFields = class java.io.ObjectStreamField[6]
      isoLanguages = null
      isoCountries = null
      $assertionsDisabled = true
    treeLock = class java.lang.Object@5c2d1484
    parent = class java.util.logging.Logger@5e20d0f9
      emptyHandlers = class java.util.logging.Handler[0]
      offValue = 2147483647
      SYSTEM_LOGGER_RB_NAME = "sun.util.logging.resources.logging"
      SYSTEM_BUNDLE = class java.util.logging.Logger$LoggerBundle@70a5897a
      NO_RESOURCE_BUNDLE = class java.util.logging.Logger$LoggerBundle@a7a9f4a
      manager = class com.ibm.ws.kernel.boot.logging.WsLogManager@1db6e531
      name = ""
      handlers = class java.util.concurrent.CopyOnWriteArrayList@27c2c73b
      loggerBundle = class java.util.logging.Logger$LoggerBundle@a7a9f4a
      useParentHandlers = true
      filter = null
      anonymous = false
      catalog = null
      catalogName = null
      catalogLocale = null
      treeLock = class java.lang.Object@5c2d1484
      parent = null
      kids = class java.util.ArrayList@34639df4
      levelObject = null
      levelValue = 800
      callersClassLoaderRef = null
      isSystemLogger = false
      GLOBAL_LOGGER_NAME = "global"
      global = class java.util.logging.Logger@11430e48
      $assertionsDisabled = true
    kids = null
    levelObject = class java.util.logging.Level@70c99fe5
      defaultBundle = "sun.util.logging.resources.logging"
      name = "INFO"
      value = 800
      resourceBundleName = "sun.util.logging.resources.logging"
      localizedLevelName = "INFO"
      cachedLocale = class java.util.Locale@1e479127
      OFF = class java.util.logging.Level@6780a537
      SEVERE = class java.util.logging.Level@5ad5205d
      WARNING = class java.util.logging.Level@4665b03d
      INFO = class java.util.logging.Level@70c99fe5
      CONFIG = class java.util.logging.Level@1e1ed930
      FINE = class java.util.logging.Level@7c556ed9
      FINER = class java.util.logging.Level@f716ec6
      FINEST = class java.util.logging.Level@64fed34d
      ALL = class java.util.logging.Level@cc151bb
      serialVersionUID = -8176160795706313070
    levelValue = 800
    callersClassLoaderRef = class java.lang.ref.WeakReference@49569e99
      referent = class org.eclipse.osgi.internal.loader.EquinoxClassLoader@4484fd72
      queue = class java.lang.ref.ReferenceQueue$Null@34659b0e
      next = null
      discovered = null
      lock = class java.lang.ref.Reference$Lock@2ed06863
      pending = null
    isSystemLogger = false
    GLOBAL_LOGGER_NAME = "global"
    global = class java.util.logging.Logger@11430e48
      emptyHandlers = class java.util.logging.Handler[0]
      offValue = 2147483647
      SYSTEM_LOGGER_RB_NAME = "sun.util.logging.resources.logging"
      SYSTEM_BUNDLE = class java.util.logging.Logger$LoggerBundle@70a5897a
      NO_RESOURCE_BUNDLE = class java.util.logging.Logger$LoggerBundle@a7a9f4a
      manager = class com.ibm.ws.kernel.boot.logging.WsLogManager@1db6e531
      name = "global"
      handlers = class java.util.concurrent.CopyOnWriteArrayList@4f1fba80
      loggerBundle = class java.util.logging.Logger$LoggerBundle@a7a9f4a
      useParentHandlers = true
      filter = null
      anonymous = false
      catalog = null
      catalogName = null
      catalogLocale = null
      treeLock = class java.lang.Object@5c2d1484
      parent = class java.util.logging.LogManager$RootLogger@47064d90
      kids = null
      levelObject = null
      levelValue = 800
      callersClassLoaderRef = null
      isSystemLogger = true
      GLOBAL_LOGGER_NAME = "global"
      global = class java.util.logging.Logger@11430e48
      $assertionsDisabled = true
    $assertionsDisabled = true
  PRIVATE_ENDPOINT = "org.apache.cxf.endpoint.private"
  PRIVATE_ENDPOINTS = "org.apache.cxf.private.endpoints"
  bus = class com.ibm.ws.jaxrs20.bus.LibertyApplicationBus@338a912c
    busCounter = class java.util.concurrent.atomic.AtomicInteger@19739670
      serialVersionUID = 6214790243416807050
      unsafe = class sun.misc.Unsafe@21e52d03
      valueOffset = 12
      value = 1
      serialVersionUID = -8742448824652078965
    serialVersionUID = 2386792285914827878
    $$$tc$$$ = class com.ibm.websphere.ras.TraceComponent@393539db
      strings[0] = "TraceComponent[com.ibm.ws.jaxrs20.bus.LibertyApplicationBus,class com.ibm.ws.jaxrs20.bus.LibertyApplicationBus,[JaxRsCommon],com.ibm.ws.jaxrs20.internal.resources.JaxRsCommonMessages,null]"
    BUS_PROPERTY_NAME = "bus"
    FORCE_LOGGING = false
    FORCE_PRETTY = false
    BUS_ID_PROPERTY_NAME = "org.apache.cxf.bus.id"
    extensions = class java.util.concurrent.ConcurrentHashMap@41a90114
      serialVersionUID = 7249069246763182397
      MAXIMUM_CAPACITY = 1073741824
      DEFAULT_CAPACITY = 16
      MAX_ARRAY_SIZE = 2147483639
      DEFAULT_CONCURRENCY_LEVEL = 16
      LOAD_FACTOR = 0.75
      TREEIFY_THRESHOLD = 8
      UNTREEIFY_THRESHOLD = 6
      MIN_TREEIFY_CAPACITY = 64
      MIN_TRANSFER_STRIDE = 16
      RESIZE_STAMP_BITS = 16
      MAX_RESIZERS = 65535
      RESIZE_STAMP_SHIFT = 16
      MOVED = -1
      TREEBIN = -2
      RESERVED = -3
      HASH_BITS = 2147483647
      NCPU = 4
      serialPersistentFields = class java.io.ObjectStreamField[3]
      table = class java.util.concurrent.ConcurrentHashMap$Node[32]
      nextTable = null
      baseCount = 16
      sizeCtl = 24
      transferIndex = 0
      cellsBusy = 0
      counterCells = null
      keySet = null
      values = null
      entrySet = null
      U = class sun.misc.Unsafe@21e52d03
      SIZECTL = 20
      TRANSFERINDEX = 32
      BASECOUNT = 24
      CELLSBUSY = 36
      CELLVALUE = 144
      ABASE = 16
      ASHIFT = 2
      keySet = null
      values = null
    missingExtensions = class java.util.concurrent.CopyOnWriteArraySet@b82ac07
      serialVersionUID = 5457747651344034263
      al = class java.util.concurrent.CopyOnWriteArrayList@17e9f5d3
      MAX_ARRAY_SIZE = 2147483639
    id = "Cycle-1.0-SNAPSHOT-Server-Bus"
    state = class org.apache.cxf.Bus$BusState@e476b11
      INITIAL = class org.apache.cxf.Bus$BusState@6beeb04a
      INITIALIZING = class org.apache.cxf.Bus$BusState@6974c9f3
      RUNNING = class org.apache.cxf.Bus$BusState@e476b11
      SHUTTING_DOWN = class org.apache.cxf.Bus$BusState@21909c9
      SHUTDOWN = class org.apache.cxf.Bus$BusState@148be47
      $VALUES = class org.apache.cxf.Bus$BusState[5]
      name = "RUNNING"
      ordinal = 2
    features = class java.util.concurrent.CopyOnWriteArrayList@1876e4bf
      serialVersionUID = 8673264195747942595
      lock = class java.util.concurrent.locks.ReentrantLock@184eec6a
      array = class java.lang.Object[0]
      UNSAFE = class sun.misc.Unsafe@21e52d03
      lockOffset = 12
    properties = class java.util.concurrent.ConcurrentHashMap@115ee704
      serialVersionUID = 7249069246763182397
      MAXIMUM_CAPACITY = 1073741824
      DEFAULT_CAPACITY = 16
      MAX_ARRAY_SIZE = 2147483639
      DEFAULT_CONCURRENCY_LEVEL = 16
      LOAD_FACTOR = 0.75
      TREEIFY_THRESHOLD = 8
      UNTREEIFY_THRESHOLD = 6
      MIN_TREEIFY_CAPACITY = 64
      MIN_TRANSFER_STRIDE = 16
      RESIZE_STAMP_BITS = 16
      MAX_RESIZERS = 65535
      RESIZE_STAMP_SHIFT = 16
      MOVED = -1
      TREEBIN = -2
      RESERVED = -3
      HASH_BITS = 2147483647
      NCPU = 4
      serialPersistentFields = class java.io.ObjectStreamField[3]
      table = class java.util.concurrent.ConcurrentHashMap$Node[32]
      nextTable = null
      baseCount = 7
      sizeCtl = 24
      transferIndex = 0
      cellsBusy = 0
      counterCells = null
      keySet = null
      values = null
      entrySet = null
      U = class sun.misc.Unsafe@21e52d03
      SIZECTL = 20
      TRANSFERINDEX = 32
      BASECOUNT = 24
      CELLSBUSY = 36
      CELLVALUE = 144
      ABASE = 16
      ASHIFT = 2
      keySet = null
      values = null
    extensionManager = class org.apache.cxf.bus.extension.ExtensionManagerImpl@f2283bc
      LOG = class com.ibm.ws.logging.internal.WsLogger@2ebd129c
      EXTENSIONMANAGER_PROPERTY_NAME = "extensionManager"
      ACTIVATION_NAMESPACES_PROPERTY_NAME = "activationNamespaces"
      ACTIVATION_NAMESPACES_SETTER_METHOD_NAME = "setActivationNamespaces"
      BUS_EXTENSION_RESOURCE = "META-INF/cxf/bus-extensions.txt"
      loader = class com.ibm.ws.classloading.internal.AppClassLoader@6af352bf
      resourceManager = class org.apache.cxf.resource.DefaultResourceManager@c1f02a3
      all = class java.util.concurrent.ConcurrentHashMap@fff9cb2
      ordered = class java.util.concurrent.CopyOnWriteArrayList@54416358
      activated = class java.util.concurrent.ConcurrentHashMap@41a90114
      bus = class com.ibm.ws.jaxrs20.bus.LibertyApplicationBus@338a912c
    in = class org.apache.cxf.common.util.ModCountCopyOnWriteArrayList@3a887eaa
      serialVersionUID = 1783937035760941219
      modCount = class java.util.concurrent.atomic.AtomicInteger@122ea2be
      serialVersionUID = 8673264195747942595
      lock = class java.util.concurrent.locks.ReentrantLock@66d0a042
      array = class java.lang.Object[1]
      UNSAFE = class sun.misc.Unsafe@21e52d03
      lockOffset = 12
    out = class org.apache.cxf.common.util.ModCountCopyOnWriteArrayList@15742658
      serialVersionUID = 1783937035760941219
      modCount = class java.util.concurrent.atomic.AtomicInteger@367e804f
      serialVersionUID = 8673264195747942595
      lock = class java.util.concurrent.locks.ReentrantLock@123dd979
      array = class java.lang.Object[2]
      UNSAFE = class sun.misc.Unsafe@21e52d03
      lockOffset = 12
    outFault = class org.apache.cxf.common.util.ModCountCopyOnWriteArrayList@73748535
      serialVersionUID = 1783937035760941219
      modCount = class java.util.concurrent.atomic.AtomicInteger@7736dfb3
      serialVersionUID = 8673264195747942595
      lock = class java.util.concurrent.locks.ReentrantLock@684eedd6
      array = class java.lang.Object[0]
      UNSAFE = class sun.misc.Unsafe@21e52d03
      lockOffset = 12
    inFault = class org.apache.cxf.common.util.ModCountCopyOnWriteArrayList@6850d784
      serialVersionUID = 1783937035760941219
      modCount = class java.util.concurrent.atomic.AtomicInteger@40b614a0
      serialVersionUID = 8673264195747942595
      lock = class java.util.concurrent.locks.ReentrantLock@389522a7
      array = class java.lang.Object[0]
      UNSAFE = class sun.misc.Unsafe@21e52d03
      lockOffset = 12
  address = "/api/"
  transportId = null
  bindingId = "http://apache.org/cxf/binding/jaxrs"
  dataBinding = null
  bindingFactory = null
  destinationFactory = null
  publishedEndpointUrl = null
  endpointName = null
  serviceName = null
  properties = null
  features = null
  bindingConfig = null
  endpointReference = null
  conduitSelector = null
  in = class org.apache.cxf.common.util.ModCountCopyOnWriteArrayList@1ac6516c
    serialVersionUID = 1783937035760941219
    modCount = class java.util.concurrent.atomic.AtomicInteger@72ac4f32
      serialVersionUID = 6214790243416807050
      unsafe = class sun.misc.Unsafe@21e52d03
      valueOffset = 12
      value = 0
      serialVersionUID = -8742448824652078965
    serialVersionUID = 8673264195747942595
    lock = class java.util.concurrent.locks.ReentrantLock@1cae4a14
      serialVersionUID = 7373984872572414699
      sync = class java.util.concurrent.locks.ReentrantLock$NonfairSync@4d09f0c0
    array = class java.lang.Object[0]
    UNSAFE = class sun.misc.Unsafe@21e52d03
      theUnsafe = class sun.misc.Unsafe@21e52d03
      INVALID_FIELD_OFFSET = -1
      ARRAY_BOOLEAN_BASE_OFFSET = 16
      ARRAY_BYTE_BASE_OFFSET = 16
      ARRAY_SHORT_BASE_OFFSET = 16
      ARRAY_CHAR_BASE_OFFSET = 16
      ARRAY_INT_BASE_OFFSET = 16
      ARRAY_LONG_BASE_OFFSET = 16
      ARRAY_FLOAT_BASE_OFFSET = 16
      ARRAY_DOUBLE_BASE_OFFSET = 16
      ARRAY_OBJECT_BASE_OFFSET = 16
      ARRAY_BOOLEAN_INDEX_SCALE = 1
      ARRAY_BYTE_INDEX_SCALE = 1
      ARRAY_SHORT_INDEX_SCALE = 2
      ARRAY_CHAR_INDEX_SCALE = 2
      ARRAY_INT_INDEX_SCALE = 4
      ARRAY_LONG_INDEX_SCALE = 8
      ARRAY_FLOAT_INDEX_SCALE = 4
      ARRAY_DOUBLE_INDEX_SCALE = 8
      ARRAY_OBJECT_INDEX_SCALE = 4
      ADDRESS_SIZE = 8
    lockOffset = 12
  out = class org.apache.cxf.common.util.ModCountCopyOnWriteArrayList@693ecf6c
    serialVersionUID = 1783937035760941219
    modCount = class java.util.concurrent.atomic.AtomicInteger@6b2fb626
      serialVersionUID = 6214790243416807050
      unsafe = class sun.misc.Unsafe@21e52d03
      valueOffset = 12
      value = 0
      serialVersionUID = -8742448824652078965
    serialVersionUID = 8673264195747942595
    lock = class java.util.concurrent.locks.ReentrantLock@773d36c4
      serialVersionUID = 7373984872572414699
      sync = class java.util.concurrent.locks.ReentrantLock$NonfairSync@5f3acff5
    array = class java.lang.Object[0]
    UNSAFE = class sun.misc.Unsafe@21e52d03
    lockOffset = 12
  outFault = class org.apache.cxf.common.util.ModCountCopyOnWriteArrayList@eda3096
    serialVersionUID = 1783937035760941219
    modCount = class java.util.concurrent.atomic.AtomicInteger@2dacb5e7
      serialVersionUID = 6214790243416807050
      unsafe = class sun.misc.Unsafe@21e52d03
      valueOffset = 12
      value = 0
      serialVersionUID = -8742448824652078965
    serialVersionUID = 8673264195747942595
    lock = class java.util.concurrent.locks.ReentrantLock@433cb4ac
      serialVersionUID = 7373984872572414699
      sync = class java.util.concurrent.locks.ReentrantLock$NonfairSync@3454c0f2
    array = class java.lang.Object[0]
    UNSAFE = class sun.misc.Unsafe@21e52d03
    lockOffset = 12
  inFault = class org.apache.cxf.common.util.ModCountCopyOnWriteArrayList@7d943a3
    serialVersionUID = 1783937035760941219
    modCount = class java.util.concurrent.atomic.AtomicInteger@7c3e48d3
      serialVersionUID = 6214790243416807050
      unsafe = class sun.misc.Unsafe@21e52d03
      valueOffset = 12
      value = 0
      serialVersionUID = -8742448824652078965
    serialVersionUID = 8673264195747942595
    lock = class java.util.concurrent.locks.ReentrantLock@65a50ca7
      serialVersionUID = 7373984872572414699
      sync = class java.util.concurrent.locks.ReentrantLock$NonfairSync@34c341a2
    array = class java.lang.Object[0]
    UNSAFE = class sun.misc.Unsafe@21e52d03
    lockOffset = 12

