------Start of DE processing------ = [12/21/17 15:14:15:784 COT]
Exception = javax.servlet.ServletException
Source = com.ibm.ws.webcontainer.servlet.ServletWrapper.init
probeid = 172
Stack Dump = javax.servlet.ServletException: Resource class wasdev.sample.rest.VisitorAPI can not be instantiated due to InvocationTargetException
	at com.ibm.ws.jaxrs20.server.LibertyJaxRsServerFactoryBean.createSingletonInstance(LibertyJaxRsServerFactoryBean.java:224)
	at com.ibm.ws.jaxrs20.server.LibertyJaxRsServerFactoryBean.onApplicationInit(LibertyJaxRsServerFactoryBean.java:144)
	at com.ibm.ws.jaxrs20.server.LibertyJaxRsServerFactoryBean.doInit(LibertyJaxRsServerFactoryBean.java:263)
	at com.ibm.ws.jaxrs20.server.JaxRsWebEndpointImpl.init(JaxRsWebEndpointImpl.java:66)
	at com.ibm.websphere.jaxrs.server.IBMRestServlet.init(IBMRestServlet.java:64)
	at com.ibm.ws.webcontainer.servlet.ServletWrapper.init(ServletWrapper.java:297)
	at com.ibm.ws.webcontainer.servlet.ServletWrapper.handleRequest(ServletWrapper.java:598)
	at com.ibm.ws.webcontainer.servlet.ServletWrapper.handleRequest(ServletWrapper.java:440)
	at com.ibm.ws.webcontainer.filter.WebAppFilterManager.invokeFilters(WebAppFilterManager.java:1138)
	at com.ibm.ws.webcontainer.webapp.WebApp.handleRequest(WebApp.java:4962)
	at com.ibm.ws.webcontainer.osgi.DynamicVirtualHost$2.handleRequest(DynamicVirtualHost.java:314)
	at com.ibm.ws.webcontainer.WebContainer.handleRequest(WebContainer.java:995)
	at com.ibm.ws.webcontainer.osgi.DynamicVirtualHost$2.run(DynamicVirtualHost.java:279)
	at com.ibm.ws.http.dispatcher.internal.channel.HttpDispatcherLink$TaskWrapper.run(HttpDispatcherLink.java:957)
	at com.ibm.ws.http.dispatcher.internal.channel.HttpDispatcherLink.wrapHandlerAndExecute(HttpDispatcherLink.java:357)
	at com.ibm.ws.http.dispatcher.internal.channel.HttpDispatcherLink.ready(HttpDispatcherLink.java:316)
	at com.ibm.ws.http.channel.internal.inbound.HttpInboundLink.handleDiscrimination(HttpInboundLink.java:499)
	at com.ibm.ws.http.channel.internal.inbound.HttpInboundLink.handleNewRequest(HttpInboundLink.java:433)
	at com.ibm.ws.http.channel.internal.inbound.HttpInboundLink.processRequest(HttpInboundLink.java:313)
	at com.ibm.ws.http.channel.internal.inbound.HttpICLReadCallback.complete(HttpICLReadCallback.java:70)
	at com.ibm.ws.tcpchannel.internal.WorkQueueManager.requestComplete(WorkQueueManager.java:501)
	at com.ibm.ws.tcpchannel.internal.WorkQueueManager.attemptIO(WorkQueueManager.java:571)
	at com.ibm.ws.tcpchannel.internal.WorkQueueManager.workerRun(WorkQueueManager.java:926)
	at com.ibm.ws.tcpchannel.internal.WorkQueueManager$Worker.run(WorkQueueManager.java:1015)
	at java.util.concurrent.ThreadPoolExecutor.runWorker(ThreadPoolExecutor.java:1149)
	at java.util.concurrent.ThreadPoolExecutor$Worker.run(ThreadPoolExecutor.java:624)
	at java.lang.Thread.run(Thread.java:748)

Dump of callerThis
Object type = com.ibm.ws.webcontainer.osgi.servlet.ServletWrapper
  serialVersionUID = 1
  _mo = null
  serialVersionUID = -4479626085298397598
  notifyInvocationListeners = false
  UNINITIALIZED_STATE = -1
  AVAILABLE_STATE = 0
  UNAVAILABLE_STATE = 1
  UNAVAILABLE_PERMANENTLY_STATE = 2
  collabHelper = class com.ibm.ws.webcontainer.osgi.collaborator.CollaboratorHelperImpl@23c461ac
    webAppInvCollabs = class java.util.Collections$UnmodifiableSet@549827d3
      serialVersionUID = -9215047833775013803
      serialVersionUID = 1820017752578914078
      c = class java.util.concurrent.CopyOnWriteArraySet@8b2cd94
    securityDomainForApp = null
    logger = class com.ibm.ws.logging.internal.WsLogger@4e7d05a3
      tc = class com.ibm.websphere.ras.TraceComponent@14f837af
      ivCachedResourceBundleName = null
      ivCachedResourceBundle = null
      ivComponent = null
      ivOrganization = null
      ivProduct = null
      ivMinimumLocalizationLevelIntValue = 625
      ivTC = class com.ibm.websphere.ras.TraceComponent@5d78b966
      loggerRegistrationComponent = class java.lang.ThreadLocal@4fdb1004
      emptyHandlers = class java.util.logging.Handler[0]
      offValue = 2147483647
      SYSTEM_LOGGER_RB_NAME = "sun.util.logging.resources.logging"
      SYSTEM_BUNDLE = class java.util.logging.Logger$LoggerBundle@70a5897a
      NO_RESOURCE_BUNDLE = class java.util.logging.Logger$LoggerBundle@a7a9f4a
      manager = class com.ibm.ws.kernel.boot.logging.WsLogManager@1db6e531
      name = "com.ibm.ws.webcontainer.collaborator"
      handlers = class java.util.concurrent.CopyOnWriteArrayList@58da8438
      loggerBundle = class java.util.logging.Logger$LoggerBundle@6fffd8a7
      useParentHandlers = true
      filter = null
      anonymous = false
      catalog = class com.ibm.ws.webcontainer.resources.Messages@33685115
      catalogName = "com.ibm.ws.webcontainer.resources.Messages"
      catalogLocale = class java.util.Locale@1e479127
      treeLock = class java.lang.Object@5c2d1484
      parent = class com.ibm.ws.logging.internal.WsLogger@5733852b
      kids = null
      levelObject = class java.util.logging.Level@70c99fe5
      levelValue = 800
      callersClassLoaderRef = class java.lang.ref.WeakReference@7553da09
      isSystemLogger = false
      GLOBAL_LOGGER_NAME = "global"
      global = class java.util.logging.Logger@11430e48
      $assertionsDisabled = true
    staticDefaultSecurityCollaborator = class com.ibm.ws.webcontainer.collaborator.WebAppSecurityCollaborator@13d6e40e
    logger = class com.ibm.ws.logging.internal.WsLogger@7aa3b57
      tc = class com.ibm.websphere.ras.TraceComponent@14f837af
      ivCachedResourceBundleName = null
      ivCachedResourceBundle = null
      ivComponent = null
      ivOrganization = null
      ivProduct = null
      ivMinimumLocalizationLevelIntValue = 625
      ivTC = class com.ibm.websphere.ras.TraceComponent@2e754ece
      loggerRegistrationComponent = class java.lang.ThreadLocal@4fdb1004
      emptyHandlers = class java.util.logging.Handler[0]
      offValue = 2147483647
      SYSTEM_LOGGER_RB_NAME = "sun.util.logging.resources.logging"
      SYSTEM_BUNDLE = class java.util.logging.Logger$LoggerBundle@70a5897a
      NO_RESOURCE_BUNDLE = class java.util.logging.Logger$LoggerBundle@a7a9f4a
      manager = class com.ibm.ws.kernel.boot.logging.WsLogManager@1db6e531
      name = "com.ibm.wsspi.webcontainer.collaborator"
      handlers = class java.util.concurrent.CopyOnWriteArrayList@2547f808
      loggerBundle = class java.util.logging.Logger$LoggerBundle@34f6021
      useParentHandlers = true
      filter = null
      anonymous = false
      catalog = class com.ibm.ws.webcontainer.resources.Messages@33685115
      catalogName = "com.ibm.ws.webcontainer.resources.Messages"
      catalogLocale = class java.util.Locale@1e479127
      treeLock = class java.lang.Object@5c2d1484
      parent = class com.ibm.ws.logging.internal.WsLogger@2d6dd6fb
      kids = null
      levelObject = class java.util.logging.Level@70c99fe5
      levelValue = 800
      callersClassLoaderRef = class java.lang.ref.WeakReference@4d52a3a8
      isSystemLogger = false
      GLOBAL_LOGGER_NAME = "global"
      global = class java.util.logging.Logger@11430e48
      $assertionsDisabled = true
    CLASS_NAME = "com.ibm.wsspi.webcontainer.collaborator.CollaboratorHelper"
    webApp = class com.ibm.ws.webcontainer31.osgi.webapp.WebApp31@467b4744
    securityCollaborator = class com.ibm.ws.webcontainer.security.WebAppSecurityCollaboratorImpl@215c661c
      tc = class com.ibm.websphere.ras.TraceComponent@6c9a17d1
      KEY_ID = "id"
      KEY_SERVICE_ID = "service.id"
      KEY_COMPONENT_NAME = "component.name"
      KEY_SECURITY_SERVICE = "securityService"
      KEY_TAI_SERVICE = "taiService"
      KEY_INTERCEPTOR_SERVICE = "interceptorService"
      KEY_JACC_SERVICE = "jaccService"
      JASPI_SERVICE_COMPONENT_NAME = "com.ibm.ws.security.jaspi"
      KEY_WEB_AUTHENTICATOR = "webAuthenticator"
      KEY_UNPROTECTED_RESOURCE_SERVICE = "unprotectedResourceService"
      DELEGATION_USERS_LIST = "DELEGATION_USERS_LIST"
      webAuthenticatorRef = class com.ibm.wsspi.kernel.service.utils.ConcurrentServiceReferenceMap@4a41e338
      unprotectedResourceServiceRef = class com.ibm.wsspi.kernel.service.utils.ConcurrentServiceReferenceMap@2747fd08
      taiServiceRef = class com.ibm.wsspi.kernel.service.utils.AtomicServiceReference@5bfb235a
      interceptorServiceRef = class com.ibm.wsspi.kernel.service.utils.ConcurrentServiceReferenceMap@70b0dbe1
      securityServiceRef = class com.ibm.wsspi.kernel.service.utils.AtomicServiceReference@352dbeec
      jaccServiceRef = class com.ibm.wsspi.kernel.service.utils.AtomicServiceReference@2d1aaafc
      KEY_LOCATION_ADMIN = "locationAdmin"
      locationAdminRef = class com.ibm.wsspi.kernel.service.utils.AtomicServiceReference@2ff9adf6
      PERMIT_REPLY = class com.ibm.ws.webcontainer.security.internal.PermitReply@59e0043b
      DENY_AUTHZ_FAILED = class com.ibm.ws.webcontainer.security.internal.DenyReply@1621b35
      AUTH_TYPE = "AUTH_TYPE"
      ALL_AUTHENTICATED_ROLE = "**"
      STARSTAR_ROLE = "_starstar_"
      globalConfig = class com.ibm.ws.webcontainer.security.internal.extended.WebAppSecurityConfigImplExtended@79570caf
      currentProps = class java.util.HashMap@1ba3986e
      authenticatorFactory = class com.ibm.ws.webcontainer.security.internal.extended.WebAuthenticatorFactoryImplExtended@42bb96fd
      webAppSecConfig = class com.ibm.ws.webcontainer.security.internal.extended.WebAppSecurityConfigImplExtended@79570caf
      authenticateApi = class com.ibm.ws.webcontainer.security.extended.AuthenticateApiExtended@5391962c
      postParameterHelper = class com.ibm.ws.webcontainer.security.PostParameterHelper@12e2ca85
      collabUtils = class com.ibm.ws.security.collaborator.CollaboratorUtils@1505505f
      subjectHelper = class com.ibm.ws.security.authentication.utility.SubjectHelper@b97207c
      subjectManager = class com.ibm.ws.security.context.SubjectManager@54e8e7d4
      httpsRedirectHandler = class com.ibm.ws.webcontainer.security.internal.HTTPSRedirectHandler@50daa92e
      auditManager = class com.ibm.websphere.security.audit.context.AuditManager@6f628cc2
      extraAuditData = class java.util.HashMap@5dc4d592
      authenticatorProxy = class com.ibm.ws.webcontainer.security.extended.WebAuthenticatorProxyExtended@4e814fb9
      providerAuthenticatorProxy = class com.ibm.ws.webcontainer.security.extended.WebProviderAuthenticatorProxyExtended@4b971c9e
      unauthenticatedSubjectService = class com.ibm.ws.security.authentication.internal.UnauthenticatedSubjectServiceImpl@30e88db2
      wasch = class com.ibm.ws.webcontainer.security.WebAppSecurityCollaboratorImpl@215c661c
      isJaspiEnabled = false
      savedSubject = null
      byPassedAuthRequest = true
      isActive = true
      threadLocal = class java.lang.ThreadLocal@4bfba678
      serialVersionUID = -4833686237530004079
    nameSpaceCollaborator = class com.ibm.ws.webcontainer.osgi.collaborator.WebAppNameSpaceCollaboratorImpl@30650297
    transactionCollaborator = class com.ibm.ws.transaction.services.WebAppTransactionCollaboratorImpl@4dfb52f4
    connectionCollaborator = class com.ibm.ws.webcontainer.collaborator.ConnectionCollaborator@6945713
    allCollabEnum = class java.util.RegularEnumSet@50e00ad
      serialVersionUID = 3411599620347842686
      elements = 511
      elementType = class java.lang.Class@7c04582b
      universe = class com.ibm.wsspi.webcontainer.collaborator.CollaboratorInvocationEnum[9]
      ZERO_LENGTH_ENUM_ARRAY = class java.lang.Enum[0]
      MAX_ARRAY_SIZE = 2147483639
    servlet_23_or_greater = true
    DEFER_SERVLET_REQUEST_LISTENER_DESTROY_ON_ERROR = false
  nServicing = class java.util.concurrent.atomic.AtomicInteger@6437df69
    serialVersionUID = 6214790243416807050
    unsafe = class sun.misc.Unsafe@21e52d03
      theUnsafe = class sun.misc.Unsafe@21e52d03
      INVALID_FIELD_OFFSET = -1
      ARRAY_BOOLEAN_BASE_OFFSET = 16
      ARRAY_BYTE_BASE_OFFSET = 16
      ARRAY_SHORT_BASE_OFFSET = 16
      ARRAY_CHAR_BASE_OFFSET = 16
      ARRAY_INT_BASE_OFFSET = 16
      ARRAY_LONG_BASE_OFFSET = 16
      ARRAY_FLOAT_BASE_OFFSET = 16
      ARRAY_DOUBLE_BASE_OFFSET = 16
      ARRAY_OBJECT_BASE_OFFSET = 16
      ARRAY_BOOLEAN_INDEX_SCALE = 1
      ARRAY_BYTE_INDEX_SCALE = 1
      ARRAY_SHORT_INDEX_SCALE = 2
      ARRAY_CHAR_INDEX_SCALE = 2
      ARRAY_INT_INDEX_SCALE = 4
      ARRAY_LONG_INDEX_SCALE = 8
      ARRAY_FLOAT_INDEX_SCALE = 4
      ARRAY_DOUBLE_INDEX_SCALE = 8
      ARRAY_OBJECT_INDEX_SCALE = 4
      ADDRESS_SIZE = 8
    valueOffset = 12
    value = 0
    serialVersionUID = -8742448824652078965
  lastAccessTime = 1513887179802
  state = -1
  logger = class com.ibm.ws.logging.internal.WsLogger@4c60b9f0
    tc = class com.ibm.websphere.ras.TraceComponent@14f837af
      strings[0] = "TraceComponent[com.ibm.ws.logging.internal.WsLogger,class com.ibm.ws.logging.internal.WsLogger,[logging],com.ibm.ws.logging.internal.resources.LoggingMessages,null]"
    ivCachedResourceBundleName = null
    ivCachedResourceBundle = null
    ivComponent = null
    ivOrganization = null
    ivProduct = null
    ivMinimumLocalizationLevelIntValue = 625
    ivTC = class com.ibm.websphere.ras.TraceComponent@1f9b71d4
      strings[0] = "TraceComponent[com.ibm.ws.webcontainer.servlet,class com.ibm.wsspi.webcontainer.logging.LoggerFactory$1,[com.ibm.ws.webcontainer.servlet],null,null]"
    loggerRegistrationComponent = class java.lang.ThreadLocal@4fdb1004
      threadLocalHashCode = -1218333801
      nextHashCode = class java.util.concurrent.atomic.AtomicInteger@4394e0e7
      HASH_INCREMENT = 1640531527
    emptyHandlers = class java.util.logging.Handler[0]
    offValue = 2147483647
    SYSTEM_LOGGER_RB_NAME = "sun.util.logging.resources.logging"
    SYSTEM_BUNDLE = class java.util.logging.Logger$LoggerBundle@70a5897a
      resourceBundleName = "sun.util.logging.resources.logging"
      userBundle = null
    NO_RESOURCE_BUNDLE = class java.util.logging.Logger$LoggerBundle@a7a9f4a
      resourceBundleName = null
      userBundle = null
    manager = class com.ibm.ws.kernel.boot.logging.WsLogManager@1db6e531
      CLASS_NAME = "com.ibm.ws.kernel.boot.logging.WsLogManager"
      CONFIGURE_BY_SERVER_PROPERTY_NAME = "java.util.logging.configureByServer"
      CONFIGURE_BY_LOGGING_PROPERTIES_FILE = "java.util.logging.configureByLoggingPropertiesFile"
      configureByServer = true
      configureByLoggingProperties = false
      wsLogger = class java.lang.reflect.Constructor@15bce9b7
      resetEnabled = true
      manager = class com.ibm.ws.kernel.boot.logging.WsLogManager@1db6e531
      props = class java.util.Properties@2679780
      defaultLevel = class java.util.logging.Level@70c99fe5
      listenerMap = class java.util.HashMap@174365ea
      systemContext = class java.util.logging.LogManager$SystemLoggerContext@6540d7e4
      userContext = class java.util.logging.LogManager$LoggerContext@79631eab
      rootLogger = class java.util.logging.LogManager$RootLogger@47064d90
      readPrimordialConfiguration = true
      initializedGlobalHandlers = true
      deathImminent = false
      initializedCalled = true
      initializationDone = true
      contextsMap = null
      loggerRefQueue = class java.lang.ref.ReferenceQueue@4be61caf
      MAX_ITERATIONS = 400
      controlPermission = class java.util.logging.LoggingPermission@287a0dc0
      loggingMXBean = null
      LOGGING_MXBEAN_NAME = "java.util.logging:type=Logging"
      $assertionsDisabled = true
    name = "com.ibm.ws.webcontainer.servlet"
    handlers = class java.util.concurrent.CopyOnWriteArrayList@191f28b2
      serialVersionUID = 8673264195747942595
      lock = class java.util.concurrent.locks.ReentrantLock@5cbf3e95
      array = class java.lang.Object[0]
      UNSAFE = class sun.misc.Unsafe@21e52d03
      lockOffset = 12
    loggerBundle = class java.util.logging.Logger$LoggerBundle@aefb9a
      resourceBundleName = "com.ibm.ws.webcontainer.resources.Messages"
      userBundle = null
    useParentHandlers = true
    filter = null
    anonymous = false
    catalog = class com.ibm.ws.webcontainer.resources.Messages@33685115
      resources = class [Ljava.lang.Object;[332]
      lookup = null
      INITIAL_CACHE_SIZE = 32
      NONEXISTENT_BUNDLE = class java.util.ResourceBundle$1@18ed842d
      cacheList = class java.util.concurrent.ConcurrentHashMap@376221f8
      referenceQueue = class java.lang.ref.ReferenceQueue@202f43bd
      parent = null
      locale = class java.util.Locale@2f1fd7a0
      name = "com.ibm.ws.webcontainer.resources.Messages"
      expired = false
      cacheKey = class java.util.ResourceBundle$CacheKey@3919380c
      keySet = null
      providers = null
      $assertionsDisabled = true
    catalogName = "com.ibm.ws.webcontainer.resources.Messages"
    catalogLocale = class java.util.Locale@1e479127
      LOCALECACHE = class java.util.Locale$Cache@4cc03ad6
      ENGLISH = class java.util.Locale@1a11e2ba
      FRENCH = class java.util.Locale@5440303b
      GERMAN = class java.util.Locale@709ba8eb
      ITALIAN = class java.util.Locale@3d403aa4
      JAPANESE = class java.util.Locale@28d11b84
      KOREAN = class java.util.Locale@7d45374d
      CHINESE = class java.util.Locale@503414fe
      SIMPLIFIED_CHINESE = class java.util.Locale@6c1d8146
      TRADITIONAL_CHINESE = class java.util.Locale@4cb0ba7a
      FRANCE = class java.util.Locale@181b03fe
      GERMANY = class java.util.Locale@68f867e7
      ITALY = class java.util.Locale@686fdc0f
      JAPAN = class java.util.Locale@2145d812
      KOREA = class java.util.Locale@61012b37
      CHINA = class java.util.Locale@6c1d8146
      PRC = class java.util.Locale@6c1d8146
      TAIWAN = class java.util.Locale@4cb0ba7a
      UK = class java.util.Locale@4aedbfaf
      US = class java.util.Locale@1e479127
      CANADA = class java.util.Locale@5c749d59
      CANADA_FRENCH = class java.util.Locale@53fe5b8d
      ROOT = class java.util.Locale@2f1fd7a0
      PRIVATE_USE_EXTENSION = x
      UNICODE_LOCALE_EXTENSION = u
      serialVersionUID = 9149081749638150636
      DISPLAY_LANGUAGE = 0
      DISPLAY_COUNTRY = 1
      DISPLAY_VARIANT = 2
      DISPLAY_SCRIPT = 3
      baseLocale = class sun.util.locale.BaseLocale@3bce9a56
      localeExtensions = null
      hashCodeValue = 96636889
      defaultLocale = class java.util.Locale@1e479127
      defaultDisplayLocale = null
      defaultFormatLocale = class java.util.Locale@1e479127
      languageTag = "en-US"
      serialPersistentFields = class java.io.ObjectStreamField[6]
      isoLanguages = null
      isoCountries = null
      $assertionsDisabled = true
    treeLock = class java.lang.Object@5c2d1484
    parent = class com.ibm.ws.logging.internal.WsLogger@5733852b
      tc = class com.ibm.websphere.ras.TraceComponent@14f837af
      ivCachedResourceBundleName = "com.ibm.ws.webcontainer.resources.Messages"
      ivCachedResourceBundle = class com.ibm.ws.webcontainer.resources.Messages@347275f5
      ivComponent = null
      ivOrganization = null
      ivProduct = null
      ivMinimumLocalizationLevelIntValue = 625
      ivTC = class com.ibm.websphere.ras.TraceComponent@160bcc48
      loggerRegistrationComponent = class java.lang.ThreadLocal@4fdb1004
      emptyHandlers = class java.util.logging.Handler[0]
      offValue = 2147483647
      SYSTEM_LOGGER_RB_NAME = "sun.util.logging.resources.logging"
      SYSTEM_BUNDLE = class java.util.logging.Logger$LoggerBundle@70a5897a
      NO_RESOURCE_BUNDLE = class java.util.logging.Logger$LoggerBundle@a7a9f4a
      manager = class com.ibm.ws.kernel.boot.logging.WsLogManager@1db6e531
      name = "com.ibm.ws.webcontainer"
      handlers = class java.util.concurrent.CopyOnWriteArrayList@7a2105b
      loggerBundle = class java.util.logging.Logger$LoggerBundle@5c42e885
      useParentHandlers = true
      filter = null
      anonymous = false
      catalog = class com.ibm.ws.webcontainer.resources.Messages@347275f5
      catalogName = "com.ibm.ws.webcontainer.resources.Messages"
      catalogLocale = class java.util.Locale@1e479127
      treeLock = class java.lang.Object@5c2d1484
      parent = class java.util.logging.Logger@5e20d0f9
      kids = class java.util.ArrayList@64a0e0e5
      levelObject = class java.util.logging.Level@70c99fe5
      levelValue = 800
      callersClassLoaderRef = class java.lang.ref.WeakReference@3988764c
      isSystemLogger = false
      GLOBAL_LOGGER_NAME = "global"
      global = class java.util.logging.Logger@11430e48
      $assertionsDisabled = true
    kids = null
    levelObject = class java.util.logging.Level@70c99fe5
      defaultBundle = "sun.util.logging.resources.logging"
      name = "INFO"
      value = 800
      resourceBundleName = "sun.util.logging.resources.logging"
      localizedLevelName = "INFO"
      cachedLocale = class java.util.Locale@1e479127
      OFF = class java.util.logging.Level@6780a537
      SEVERE = class java.util.logging.Level@5ad5205d
      WARNING = class java.util.logging.Level@4665b03d
      INFO = class java.util.logging.Level@70c99fe5
      CONFIG = class java.util.logging.Level@1e1ed930
      FINE = class java.util.logging.Level@7c556ed9
      FINER = class java.util.logging.Level@f716ec6
      FINEST = class java.util.logging.Level@64fed34d
      ALL = class java.util.logging.Level@cc151bb
      serialVersionUID = -8176160795706313070
    levelValue = 800
    callersClassLoaderRef = class java.lang.ref.WeakReference@212944da
      referent = class org.eclipse.osgi.internal.loader.EquinoxClassLoader@1753a32e
      queue = class java.lang.ref.ReferenceQueue$Null@34659b0e
      next = null
      discovered = null
      lock = class java.lang.ref.Reference$Lock@2ed06863
      pending = null
    isSystemLogger = false
    GLOBAL_LOGGER_NAME = "global"
    global = class java.util.logging.Logger@11430e48
      emptyHandlers = class java.util.logging.Handler[0]
      offValue = 2147483647
      SYSTEM_LOGGER_RB_NAME = "sun.util.logging.resources.logging"
      SYSTEM_BUNDLE = class java.util.logging.Logger$LoggerBundle@70a5897a
      NO_RESOURCE_BUNDLE = class java.util.logging.Logger$LoggerBundle@a7a9f4a
      manager = class com.ibm.ws.kernel.boot.logging.WsLogManager@1db6e531
      name = "global"
      handlers = class java.util.concurrent.CopyOnWriteArrayList@4f1fba80
      loggerBundle = class java.util.logging.Logger$LoggerBundle@a7a9f4a
      useParentHandlers = true
      filter = null
      anonymous = false
      catalog = null
      catalogName = null
      catalogLocale = null
      treeLock = class java.lang.Object@5c2d1484
      parent = class java.util.logging.LogManager$RootLogger@47064d90
      kids = null
      levelObject = null
      levelValue = 800
      callersClassLoaderRef = null
      isSystemLogger = true
      GLOBAL_LOGGER_NAME = "global"
      global = class java.util.logging.Logger@11430e48
      $assertionsDisabled = true
    $assertionsDisabled = true
  CLASS_NAME = "com.ibm.ws.webcontainer.servlet.ServletWrapper"
  nls = class com.ibm.ejs.ras.TraceNLS@7667a870
    resolver = class com.ibm.ws.logging.internal.TraceNLSResolver@22a54a4a
      tc = class com.ibm.websphere.ras.TraceComponent@123772c4
      DEBUG_TRACE_NLS_PROPERTY = "com.ibm.ejs.ras.debugTraceNLSResolver"
      debugTraceNLSResolver = false
      makeNoise = false
      nullKey = "null"
      svNullBundleName = "Resource Bundle name is null, key = {0}"
      svBundleNotLoaded = "Unable to load ResourceBundle {0}"
      svNullKeyMessage = "Null key passed while using ResourceBundle {0}"
      svMalformedMessage = "No message text associated with key {0} in bundle {1}"
    finder = null
    ivBundleName = "com.ibm.ws.webcontainer.resources.Messages"
    caller = class java.lang.Class@6ccedc7
      ANNOTATION = 8192
      ENUM = 16384
      SYNTHETIC = 4096
      cachedConstructor = null
      newInstanceCallerCache = null
      name = null
      allPermDomain = class java.security.ProtectionDomain@2de130c1
      useCaches = true
      reflectionData = class java.lang.ref.SoftReference@574f85b2
      classRedefinedCount = 0
      genericInfo = null
      serialVersionUID = 3206093459760846163
      serialPersistentFields = class java.io.ObjectStreamField[0]
      reflectionFactory = class sun.reflect.ReflectionFactory@467e3c23
      initted = true
      enumConstants = null
      enumConstantDirectory = null
      annotationData = class java.lang.Class$AnnotationData@2f79a912
      annotationType = null
      classValueMap = null
  servletConfig = class com.ibm.ws.webcontainer.servlet.ServletConfig@6bb5b038
    logger = class com.ibm.ws.logging.internal.WsLogger@4c60b9f0
    CLASS_NAME = "com.ibm.ws.webcontainer.servlet.ServletConfig"
    nls = class com.ibm.ejs.ras.TraceNLS@5c102d04
      resolver = class com.ibm.ws.logging.internal.TraceNLSResolver@22a54a4a
      finder = null
      ivBundleName = "com.ibm.ws.webcontainer.resources.Messages"
      caller = class java.lang.Class@6adff9d3
    liberty_nls = class com.ibm.ejs.ras.TraceNLS@5d1a86c6
      resolver = class com.ibm.ws.logging.internal.TraceNLSResolver@22a54a4a
      finder = null
      ivBundleName = "com.ibm.ws.webcontainer.resources.LShimMessages"
      caller = class java.lang.Class@6adff9d3
    enabled = true
    servletName = "wasdev.sample.rest.VisitorAPI"
    className = null
    mappings = class java.util.ArrayList@489eedd7
      serialVersionUID = 8683452581122892189
      DEFAULT_CAPACITY = 10
      EMPTY_ELEMENTDATA = class java.lang.Object[0]
      DEFAULTCAPACITY_EMPTY_ELEMENTDATA = class java.lang.Object[0]
      elementData = class java.lang.Object[10]
      size = 1
      MAX_ARRAY_SIZE = 2147483639
      modCount = 1
      MAX_ARRAY_SIZE = 2147483639
    startUpWeight = null
    DEFAULT_STARTUP = -1
    isCachingEnabled = true
    isStatisticsEnabled = true
    isInternal = false
    metaData = class com.ibm.ws.webcontainer.osgi.metadata.WebComponentMetaDataImpl@178720d
      j2eeName = class com.ibm.ws.container.service.metadata.internal.J2EENameImpl@22c4f97c
      webModuleMetaData = class com.ibm.ws.webcontainer.osgi.metadata.WebModuleMetaDataImpl@545df240
      mBeanServiceReg = null
      tc = class com.ibm.websphere.ras.TraceComponent@3662bad
      NUM_STATIC_SLOTS = 4
      ID_UNINITIALIZED = -1
      id = 2
      metaDataInterface = class java.lang.Class@361780
      staticSlots = class java.lang.Object[4]
      dynamicSlots = null
    singleThreadModelServlet = false
    isJsp = false
    webAppConfig = class com.ibm.ws.webcontainer.osgi.webapp.WebAppConfiguration@1f695fbe
      webModuleMetaData = class com.ibm.ws.webcontainer.osgi.metadata.WebModuleMetaDataImpl@545df240
      webComponentMetaData = class com.ibm.ws.webcontainer.osgi.metadata.WebComponentMetaDataImpl@37939edd
      dVirtualHost = class com.ibm.ws.webcontainer.osgi.DynamicVirtualHost@733d135d
      orderedLibPaths = class java.util.Collections$UnmodifiableRandomAccessList@ecafb6
      bundleHeaders = null
      cdiEnabled = false
      CLASS_NAME = "com.ibm.ws.webcontainer.webapp.WebAppConfiguration"
      logger = class com.ibm.ws.logging.internal.WsLogger@40d3df54
      tc = class com.ibm.websphere.ras.TraceComponent@519f6ab7
      nls = class com.ibm.ejs.ras.TraceNLS@700ffc8e
      version = 30
      contextRoot = "/Cycle"
      isDefaultContextRootUsed = false
      sessionTimeout = 0
      moduleSessionTimeoutSet = false
      moduleSessionTrackingModeSet = false
      sessionCookieConfig = class com.ibm.ws.session.SessionCookieConfigImpl@1a535700
      hasProgrammaticCookieConfig = false
      sessionDefaultTrackingModeSet = class java.util.RegularEnumSet@5e2d788b
      sessionManagerConfig = class com.ibm.ws.session.SessionManagerConfig@104fdd88
      displayName = "Cycle-1.0-SNAPSHOT"
      description = null
      reloadInterval = 0
      distributable = false
      denyUncoveredHttpMethods = false
      reloadingEnabled = false
      serveServletsByClassnameEnabled = false
      defaultErrorPage = null
      additionalClassPath = null
      fileServingEnabled = null
      directoryBrowsingEnabled = false
      autoRequestEncoding = false
      autoResponseEncoding = false
      autoLoadFilters = false
      requestListeners = null
      requestAttributeListeners = null
      sessionListeners = null
      localeMap = null
      moduleName = "Cycle-1.0-SNAPSHOT"
      j2eeModuleName = "Cycle-1.0-SNAPSHOT"
      moduleId = null
      isSyncToThreadEnabled = false
      encodeDispatchedRequestURI = false
      isSystemApp = false
      ardEnabled = false
      ardDispatchType = null
      listeners = class java.util.ArrayList@349b0d8f
      welcomeFileList = class java.util.ArrayList@2b898b58
      servletMappings = class java.util.HashMap@757ec802
      lastIndexBeforeDeclaredFilters = 0
      filterMappings = class java.util.ArrayList@7a9aa1af
      servletInfo = class java.util.HashMap@16812c06
      filterInfo = class java.util.HashMap@71b5a6c5
      mimeMappings = class java.util.HashMap@72084e29
      mimeFilters = null
      isMimeFilteringEnabled = false
      theWebGroup = null
      jspAttributes = class java.util.HashMap@32ff9ed3
      fileServingAttributes = class java.util.HashMap@5d301e1e
      invokerAttributes = class java.util.HashMap@424ee8a2
      contextParams = class java.util.HashMap@1e11fda0
      virtualHost = "default_host"
      exceptionErrorPages = class java.util.HashMap@2ed8814d
      codeErrorPages = class java.util.HashMap@73c5ba66
      tagLibList = null
      precompileJsps = false
      webApp = class com.ibm.ws.webcontainer31.osgi.webapp.WebApp31@467b4744
      virtualHostList = class java.util.Collections$EmptyList@2f60d942
      appStartupWeight = 0
      moduleStartupWeight = 0
      metaDataComplete = false
      classesToScan = class java.util.ArrayList@57165ed6
      uriFilterMappingInfos = null
      servletFilterMappingInfos = null
      dynamicServletRegistrationMap = null
      applicationName = "Cycle"
      libBinPathList = class java.util.ArrayList@321434db
      webXmlDefinedListeners = class java.util.HashSet@3dae6f90
      allRefs = class java.util.EnumMap@63e6f4c9
      allRefBindings = class java.util.EnumMap@7fbbde96
      envEntryValues = class java.util.HashMap@7c8eb32
      resourceRefConfigList = null
      disallowAllFileServingProp = "false"
      disallowServeServletsByClassnameProp = "true"
      disableStaticMappingCache = false
      jspCachedLocations = class java.util.HashMap@6985c5de
      primedSTSHeader = "NoValue"
      enablemultireadofpostdata = false
      requestEncoding = null
      responseEncoding = null
      _id = "WebAppGeneratedId1"
      _attributes = null
      serialVersionUID = 7511545662945734886
      $$$tc$$$ = class com.ibm.websphere.ras.TraceComponent@3fab7571
    servletWrapper = class com.ibm.ws.webcontainer.osgi.servlet.ServletWrapper@5c5d072b
    servletClass = class java.lang.Class@557896d0
      ANNOTATION = 8192
      ENUM = 16384
      SYNTHETIC = 4096
      cachedConstructor = null
      newInstanceCallerCache = null
      name = "com.ibm.websphere.jaxrs.server.IBMRestServlet"
      allPermDomain = class java.security.ProtectionDomain@2de130c1
      useCaches = true
      reflectionData = class java.lang.ref.SoftReference@4cfc10e0
      classRedefinedCount = 0
      genericInfo = null
      serialVersionUID = 3206093459760846163
      serialPersistentFields = class java.io.ObjectStreamField[0]
      reflectionFactory = class sun.reflect.ReflectionFactory@467e3c23
      initted = true
      enumConstants = null
      enumConstantDirectory = null
      annotationData = class java.lang.Class$AnnotationData@4ed0578f
      annotationType = null
      classValueMap = null
    servlet = class com.ibm.websphere.jaxrs.server.IBMRestServlet@6a3739fd
    addedToLoadOnStartup = true
    previousWeight = null
    multipartConfig = null
    multipartConfigBaseLocation = null
    runAsRole = null
    servletSecurityElement = null
    declareRolesAnnotation = null
    logger = class com.ibm.ws.logging.internal.WsLogger@4c60b9f0
    CLASS_NAME = "com.ibm.ws.webcontainer.servlet.TargetConfig"
    initParams = null
    fileName = null
    displayName = null
    name = "wasdev.sample.rest.VisitorAPI"
    description = null
    smallIcon = null
    largeIcon = null
    context = class com.ibm.ws.webcontainer31.facade.ServletContextFacade31@1ccde8db
    className = null
    asyncSupported = true
    _id = "wasdev.sample.rest.VisitorAPI"
    _attributes = null
    serialVersionUID = 7511545662945734886
    $$$tc$$$ = class com.ibm.websphere.ras.TraceComponent@3fab7571
      strings[0] = "TraceComponent[com.ibm.ws.container.BaseConfiguration,class com.ibm.ws.container.BaseConfiguration,[],null,null]"
  context = class com.ibm.ws.webcontainer31.osgi.webapp.WebApp31@467b4744
    tc = class com.ibm.websphere.ras.TraceComponent@2936e7b8
      strings[0] = "TraceComponent[com.ibm.ws.webcontainer31.osgi.webapp.WebApp31,class com.ibm.ws.webcontainer31.osgi.webapp.WebApp31,[webcontainer],com.ibm.ws.webcontainer31.resources.Messages,null]"
    CLASS_NAME = "com.ibm.ws.webcontainer31.osgi.webapp.WebApp31"
    servlet31NLS = class com.ibm.ejs.ras.TraceNLS@51283d78
      resolver = class com.ibm.ws.logging.internal.TraceNLSResolver@22a54a4a
      finder = null
      ivBundleName = "com.ibm.ws.webcontainer31.resources.Messages"
      caller = class java.lang.Class@2c5e3b73
    validListenerClasses = class java.lang.Class[7]
      Class[0] = class java.lang.Class@a7b55f5
      Class[1] = class java.lang.Class@109b3ef4
      Class[2] = class java.lang.Class@522a98f0
      Class[3] = class java.lang.Class@507374db
      Class[4] = class java.lang.Class@f747dd
      Class[5] = class java.lang.Class@49d2a5a9
      Class[6] = class java.lang.Class@4f39497b
    wsocServHandler = class com.ibm.ws.wsoc.external.WsocHandlerImpl@4d29dd79
      tc = class com.ibm.websphere.ras.TraceComponent@503cf1a7
      noMoreAddsCalled = true
      serialVersionUID = -2067291126638824067
    tc = class com.ibm.websphere.ras.TraceComponent@6addc36
      strings[0] = "TraceComponent[com.ibm.ws.webcontainer.osgi.webapp.WebApp,class com.ibm.ws.webcontainer.osgi.webapp.WebApp,[webcontainer],com.ibm.ws.webcontainer.resources.LShimMessages,null]"
    CLASS_NAME = "com.ibm.ws.webcontainer.osgi.webapp.WebApp"
    metaDataService = class com.ibm.ws.container.service.metadata.internal.MetaDataServiceImpl@613a4bf8
      applicationMetaDataManager = class com.ibm.ws.container.service.metadata.internal.ApplicationMetaDataManager@474cb97c
      moduleMetaDataManager = class com.ibm.ws.container.service.metadata.internal.ModuleMetaDataManager@213df00d
      componentMetaDataManager = class com.ibm.ws.container.service.metadata.internal.ComponentMetaDataManager@1c7fbdc4
      methodMetaDataManager = class com.ibm.ws.container.service.metadata.internal.MethodMetaDataManager@37d74fdb
      appModuleNameToModuleContainer = class java.util.concurrent.ConcurrentHashMap@15729704
      jeeNameToComponentMetaData = class java.util.concurrent.ConcurrentHashMap@5b01b03f
      deferredMetaDataFactories = class com.ibm.wsspi.kernel.service.utils.ConcurrentServiceReferenceSet@3af1a706
      deferredMetaDataInitializers = class com.ibm.wsspi.kernel.service.utils.ConcurrentServiceReferenceMap@37d58e14
      serialVersionUID = -2494605732980966097
      $$$tc$$$ = class com.ibm.websphere.ras.TraceComponent@22bb76bd
    namespacePopulated = false
    referenceContext = class com.ibm.ws.injectionengine.osgi.internal.OSGiReferenceContextImpl@6c24eefc
      scopeData = class com.ibm.ws.injectionengine.osgi.internal.OSGiInjectionScopeData@4df0710b
      serialVersionUID = 521511923892134915
      $$$tc$$$ = class com.ibm.websphere.ras.TraceComponent@956e4d6
      CLASS_NAME = "com.ibm.ws.injectionengine.ReferenceContextImpl"
      tc = class com.ibm.websphere.ras.TraceComponent@433a9deb
      ivInjectionEngine = class com.ibm.ws.injectionengine.osgi.internal.OSGiInjectionEngineImpl@42d9e09b
      ivProviders = class java.util.ArrayList@6fe70bd3
      ivComponentJavaContext = null
      ivComponentNameSpace = null
      ivJavaColonCompEnvMap = class java.util.LinkedHashMap@e68405d
      ivEjbContext10 = class java.util.Properties@7f7b3aa3
      ivResourceRefConfigList = null
      isAlreadyProcessed = true
      ivProcessFailure = null
      ivInjectionTargetMap = class java.util.concurrent.ConcurrentHashMap@5b0e4150
      svInjTarMapCacheSize = 256
      ivDeclaredInjectionTargets = class java.util.HashMap@6d187289
      ivProcessedInjectionClasses = class java.util.HashSet@6424ea35
      ivProcessedInjectionBindings = class java.util.ArrayList@69e137c1
      ivAnyProcessDynamic = false
      ivCheckAppConfig = false
    j2eeNameFactory = class com.ibm.ws.container.service.metadata.internal.J2EENameFactoryImpl@7169795a
      serialVersionUID = 3486344295038028821
      $$$tc$$$ = class com.ibm.websphere.ras.TraceComponent@11124f09
    moduleLoader = class com.ibm.ws.classloading.internal.AppClassLoader@6af352bf
      tc = class com.ibm.websphere.ras.TraceComponent@19a5ed2a
      PARENT_FIRST_SEARCH_ORDER = class java.util.Collections$UnmodifiableRandomAccessList@519dbaf4
      CLASS_LOADING_TRACE_PREFIX = "com.ibm.ws.class.load."
      DEFAULT_PACKAGE = "default.package"
      perPackageClassLoadingTraceComponents = class java.util.concurrent.ConcurrentHashMap@c3470b3
      config = class com.ibm.ws.classloading.internal.ClassLoaderConfigurationImpl@68c32a0a
      privateLibraries = null
      delegateLoaders = class com.ibm.ws.classloading.internal.util.CompositeIterable@3936aa5
      nativeLibraryFiles = class java.util.ArrayList@3f653a39
      transformers = class java.util.ArrayList@10fb748e
      apiAccess = class com.ibm.ws.classloading.internal.GatewayClassLoader@175156f8
      generator = class com.ibm.ws.classloading.internal.ClassGeneratorManager@61998fe1
      protectionDomains = class java.util.concurrent.ConcurrentHashMap@79c70735
      parent = class com.ibm.ws.classloading.internal.GatewayClassLoader@175156f8
      serialVersionUID = 952643806680066297
      tc = class com.ibm.websphere.ras.TraceComponent@7c0e4e69
      EMPTY_URL_ARRAY = class java.net.URL[0]
      smartClassPath = class com.ibm.ws.classloading.internal.ContainerClassLoader$SmartClassPathImpl@24f108b0
      nativeLibraryContainers = class java.util.ArrayList@9ba6d48
      redefiner = class com.ibm.ws.classloading.internal.util.ClassRedefiner@48852de5
      mapCreationQueue = class java.util.concurrent.Executors$FinalizableDelegatedExecutorService@dd3595d
      serialVersionUID = 7249739282446266343
      serialVersionUID = -7411549862368381758
      $$$tc$$$ = class com.ibm.websphere.ras.TraceComponent@230aaccb
      serialVersionUID = -4868702105808481416
      $$$tc$$$ = class com.ibm.websphere.ras.TraceComponent@3b1d4ad5
      serialVersionUID = 2596921220292114344
      $$$tc$$$ = class com.ibm.websphere.ras.TraceComponent@91a9a4e
      initialized = true
      pdcache = class java.util.HashMap@d44c6be
      debug = null
      parent = class com.ibm.ws.classloading.internal.GatewayClassLoader@175156f8
      parallelLockMap = null
      package2certs = class java.util.Hashtable@7753b655
      nocerts = class java.security.cert.Certificate[0]
      classes = class java.util.Vector@8910a9
      defaultDomain = class java.security.ProtectionDomain@49621796
      domains = class java.util.HashSet@62384932
      packages = class java.util.HashMap@8b3aa3e
      scl = class sun.misc.Launcher$AppClassLoader@18b4aac2
      sclSet = true
      loadedLibraryNames = class java.util.Vector@40f7efd9
      systemNativeLibraries = class java.util.Vector@19f08ef6
      nativeLibraries = class java.util.Vector@39a12523
      nativeLibraryContext = class java.util.Stack@2c569a73
      usr_paths = class java.lang.String[7]
      sys_paths = class java.lang.String[1]
      assertionLock = class com.ibm.ws.classloading.internal.AppClassLoader@6af352bf
      defaultAssertionStatus = false
      packageAssertionStatus = null
      classAssertionStatus = null
    webAppConfig = class com.ibm.ws.webcontainer.osgi.webapp.WebAppConfiguration@1f695fbe
    extensionProcessingDisabled = false
    managedObjectService = class com.ibm.ws.cdi.impl.managedobject.CDIManagedObjectService@4b7b6cfc
      cdiServiceRef = class com.ibm.wsspi.kernel.service.utils.AtomicServiceReference@7d6c65ff
      defaultMOSRef = class com.ibm.wsspi.kernel.service.utils.AtomicServiceReference@2784e344
      cdiRuntime = null
      serialVersionUID = 315221146154657842
      $$$tc$$$ = class com.ibm.websphere.ras.TraceComponent@616b7f24
    GenPluginCfgMB = null
    internalServletMetaData = interface com.ibm.wsspi.webcontainer.metadata.WebComponentMetaData[2]
      WebComponentMetaData[0] = null
      WebComponentMetaData[1] = null
    loginProcessor = null
    logoutProcessor = null
    collabHelper = class com.ibm.ws.webcontainer.osgi.collaborator.CollaboratorHelperImpl@23c461ac
    envObject = class com.ibm.ws.util.WSThreadLocal@14a6f9ed
      tc = class com.ibm.ejs.ras.TraceComponent@a58d7b9
      count = 9
      index = 3
      SUSPECTED_MISUSAGE_THRESHOLD = 200
      threadLocalHashCode = 749823255
      nextHashCode = class java.util.concurrent.atomic.AtomicInteger@4394e0e7
      HASH_INCREMENT = 1640531527
    orderedLibPaths = class java.util.Collections$UnmodifiableRandomAccessList@ecafb6
      serialVersionUID = -2542308836966382001
      serialVersionUID = -283967356065247728
      list = class java.util.ArrayList@986c74d
      serialVersionUID = 1820017752578914078
      c = class java.util.ArrayList@986c74d
    perm = class com.ibm.websphere.security.WebSphereRuntimePermission@7d9b3c2
      serialVersionUID = -3306242789188168337
      $$$tc$$$ = class com.ibm.websphere.ras.TraceComponent@5a4eaf54
      serialVersionUID = 6279438298436773498
      wildcard = false
      path = "accessServletContext"
      exitVM = false
      serialVersionUID = -5636570222231596674
      name = "accessServletContext"
    WELCOME_FILE_LIST = "com.ibm.ws.webcontainer.config.WelcomeFileList"
    DIR_BROWSING_MAPPING = "__dirBrowsing__1513887171297"
    FILTER_PROXY_MAPPING = "/__filterProxy__1513887171297"
    logger = class com.ibm.ws.logging.internal.WsLogger@40d3df54
      tc = class com.ibm.websphere.ras.TraceComponent@14f837af
      ivCachedResourceBundleName = null
      ivCachedResourceBundle = null
      ivComponent = null
      ivOrganization = null
      ivProduct = null
      ivMinimumLocalizationLevelIntValue = 625
      ivTC = class com.ibm.websphere.ras.TraceComponent@4d13e908
      loggerRegistrationComponent = class java.lang.ThreadLocal@4fdb1004
      emptyHandlers = class java.util.logging.Handler[0]
      offValue = 2147483647
      SYSTEM_LOGGER_RB_NAME = "sun.util.logging.resources.logging"
      SYSTEM_BUNDLE = class java.util.logging.Logger$LoggerBundle@70a5897a
      NO_RESOURCE_BUNDLE = class java.util.logging.Logger$LoggerBundle@a7a9f4a
      manager = class com.ibm.ws.kernel.boot.logging.WsLogManager@1db6e531
      name = "com.ibm.ws.webcontainer.webapp"
      handlers = class java.util.concurrent.CopyOnWriteArrayList@361e86c5
      loggerBundle = class java.util.logging.Logger$LoggerBundle@6aac2725
      useParentHandlers = true
      filter = null
      anonymous = false
      catalog = class com.ibm.ws.webcontainer.resources.Messages@347275f5
      catalogName = "com.ibm.ws.webcontainer.resources.Messages"
      catalogLocale = class java.util.Locale@1e479127
      treeLock = class java.lang.Object@5c2d1484
      parent = class com.ibm.ws.logging.internal.WsLogger@5733852b
      kids = null
      levelObject = class java.util.logging.Level@70c99fe5
      levelValue = 800
      callersClassLoaderRef = class java.lang.ref.WeakReference@5225e672
      isSystemLogger = false
      GLOBAL_LOGGER_NAME = "global"
      global = class java.util.logging.Logger@11430e48
      $assertionsDisabled = true
    CLASS_NAME = "com.ibm.ws.webcontainer.webapp.WebApp"
    loader = class com.ibm.ws.classloading.internal.ThreadContextClassLoader@30a36dc1
      tc = class com.ibm.websphere.ras.TraceComponent@1e64a9a3
      bundle = class java.util.concurrent.atomic.AtomicReference@451c8ff9
      key = "WebModule:Cycle#Cycle-1.0-SNAPSHOT"
      refCount = class java.util.concurrent.atomic.AtomicInteger@a4fb126
      appLoader = class com.ibm.ws.classloading.internal.AppClassLoader@6af352bf
      clSvc = class com.ibm.ws.classloading.internal.ClassLoadingServiceImpl@5c32695a
      serialVersionUID = 846416563800781557
      followOnClassLoaders = class java.util.ArrayList@6561e500
      serialVersionUID = -5107316606107305512
      $$$tc$$$ = class com.ibm.websphere.ras.TraceComponent@7dc11745
      serialVersionUID = -4868702105808481416
      $$$tc$$$ = class com.ibm.websphere.ras.TraceComponent@3b1d4ad5
      serialVersionUID = 2596921220292114344
      $$$tc$$$ = class com.ibm.websphere.ras.TraceComponent@91a9a4e
      initialized = true
      pdcache = class java.util.HashMap@12d0ae0b
      debug = null
      parent = class com.ibm.ws.classloading.internal.GatewayClassLoader@7718f224
      parallelLockMap = null
      package2certs = class java.util.Hashtable@5de76db2
      nocerts = class java.security.cert.Certificate[0]
      classes = class java.util.Vector@75785ad
      defaultDomain = class java.security.ProtectionDomain@6d7439a2
      domains = class java.util.HashSet@7a4372f1
      packages = class java.util.HashMap@1caf0af6
      scl = class sun.misc.Launcher$AppClassLoader@18b4aac2
      sclSet = true
      loadedLibraryNames = class java.util.Vector@40f7efd9
      systemNativeLibraries = class java.util.Vector@19f08ef6
      nativeLibraries = class java.util.Vector@27ee9e23
      nativeLibraryContext = class java.util.Stack@2c569a73
      usr_paths = class java.lang.String[7]
      sys_paths = class java.lang.String[1]
      assertionLock = class com.ibm.ws.classloading.internal.ThreadContextClassLoader@30a36dc1
      defaultAssertionStatus = false
      packageAssertionStatus = null
      classAssertionStatus = null
    facade = class com.ibm.ws.webcontainer31.facade.ServletContextFacade31@1ccde8db
    features = class java.util.ArrayList@398b174c
      serialVersionUID = 8683452581122892189
      DEFAULT_CAPACITY = 10
      EMPTY_ELEMENTDATA = class java.lang.Object[0]
      DEFAULTCAPACITY_EMPTY_ELEMENTDATA = class java.lang.Object[0]
      elementData = class java.lang.Object[0]
      size = 0
      MAX_ARRAY_SIZE = 2147483639
      modCount = 0
      MAX_ARRAY_SIZE = 2147483639
    applicationName = "Cycle"
    config = class com.ibm.ws.webcontainer.osgi.webapp.WebAppConfiguration@1f695fbe
    securityEnabledForApp = true
    webExtensionProcessor = class com.ibm.ws.webcontainer.osgi.extension.WebExtensionProcessor@5ad239c6
      webApp = class com.ibm.ws.webcontainer31.osgi.webapp.WebApp31@467b4744
      extensionContext = class com.ibm.ws.webcontainer31.osgi.webapp.WebApp31@467b4744
    production = true
    isServlet23 = true
    contextPath = "/Cycle"
    internalServletList = class [Ljava.lang.String;[2]
      String[][0] = class java.lang.String[2]
      String[][1] = class java.lang.String[2]
    BY_NAME_ONLY = "/_1513887171297_/"
    filterManager = class com.ibm.ws.webcontainer.osgi.filter.WebAppFilterManagerImpl@32184144
      _filterWrappers = class java.util.Hashtable@523e753c
      chainCache = class java.util.Collections$SynchronizedMap@767a64eb
      forwardChainCache = class java.util.Collections$SynchronizedMap@4b9a0ede
      includeChainCache = class java.util.Collections$SynchronizedMap@44154781
      errorChainCache = class java.util.Collections$SynchronizedMap@65a34daa
      _filtersDefined = false
      FMI_MAPPING_SINGLE_SLASH = 0
      FMI_MAPPING_PATH_MATCH = 1
      FMI_MAPPING_EXTENSION_MATCH = 2
      FMI_MAPPING_EXACT_MATCH = 3
      logger = class com.ibm.ws.logging.internal.WsLogger@40db20c9
      CLASS_NAME = "com.ibm.ws.webcontainer.filter.WebAppFilterManager"
      nls = class com.ibm.ejs.ras.TraceNLS@5bac3af2
      webAppConfig = class com.ibm.ws.webcontainer.osgi.webapp.WebAppConfiguration@1f695fbe
      webApp = class com.ibm.ws.webcontainer31.osgi.webapp.WebApp31@467b4744
      collabHelper = class com.ibm.ws.webcontainer.osgi.collaborator.CollaboratorHelperImpl@23c461ac
      webAppNameSpaceCollab = class com.ibm.ws.webcontainer.osgi.collaborator.WebAppNameSpaceCollaboratorImpl@30650297
      secCollab = class com.ibm.ws.webcontainer.security.WebAppSecurityCollaboratorImpl@215c661c
      sessionSecurityIntegrationEnabled = true
      assumeFilterSuccessOnSecurityError = false
      useOriginalRequestState = false
      _evtSource = class com.ibm.ws.webcontainer.webapp.WebAppEventSource@6faf46a8
      defaultComponentMetaData = class com.ibm.ws.webcontainer.osgi.metadata.WebComponentMetaDataImpl@37939edd
      DEFER_SERVLET_REQUEST_LISTENER_DESTROY_ON_ERROR = false
    documentRoot = null
    SERVLET_API_VERSION = "Servlet 2.5"
    disableServletAuditLogging = -1
    serverInfo = "IBM WebSphere Liberty/${liberty.service.version}"
    sessionCtx = class com.ibm.ws.webcontainer31.session.impl.HttpSessionContext31Impl@7146f813
      methodClassName = "HttpSessionContextImpl"
      _smc = class com.ibm.ws.session.SessionManagerConfig@104fdd88
      sessionStoreService = null
      _sap = class com.ibm.ws.session.SessionApplicationParameters@6614e0f8
      _coreHttpSessionManager = class com.ibm.ws.session.SessionManager@38e608ab
      _coreHttpAppSessionManager = null
      _sam = class com.ibm.ws.webcontainer.session.impl.SessionAffinityManagerImpl@bba9282
      isSIPApplication = false
      sessionAttributeListener = false
      sessionListener = true
      mHttpSessionAttributeListeners = class java.util.ArrayList@75ed5d6e
      mHttpSessionListeners = class java.util.ArrayList@343f600b
      mHttpSessionIdListeners = class java.util.ArrayList@3c948577
      mHttpSessionAttributeListenersJ2eeNames = class java.util.ArrayList@63653ee5
      mHttpSessionListenersJ2eeNames = class java.util.ArrayList@7c7c19ca
      mHttpSessionIdListenersJ2eeNames = class java.util.ArrayList@330c1176
      mLocalHost = null
      _refCount = 1
      currentThreadSacHashtable = null
      methodClassName = "SessionContext"
      ANONYMOUS_USER = "anonymous"
      wasHttpSessionObserver = class com.ibm.ws.session.WasHttpSessionObserver@2bab955d
      wasHttpSessionAttributeObserver = null
      _invalidator = class com.ibm.ws.session.SessionInvalidatorWithThreadPool@617314db
      _storer = class com.ibm.ws.session.EOSSessionStorer@7d5de376
      wasHttpAppSessionObserver = null
      mHttpAppSessionListeners = null
      cmvcInfo = "CMVC Version 1.9 6/24/07 11:12:24"
      _loggedVersion = true
      CREATE_CORE_SESSION_MANAGER = 0
      GET_REQUESTED_SESSION_ID = 1
      GET_IHTTP_SESSION = 2
      SESSION_PRE_INVOKE = 3
      SESSION_POST_INVOKE = 4
      STOP = 5
      STOP_LISTENERS = 6
      IS_VALID = 7
      ENCODE_URL = 8
      SHOULD_ENCODE_URL = 9
      IS_PROTOCOL_SWITCH = 10
      GET_LOCAL_HOST = 11
      ADD_HTTP_SESSION_ATTRIBUTE_LISTENER = 12
      ADD_HTTP_SESSION_LISTENER = 13
      GET_SESSION_AFFINITY_CONTEXT = 14
      CHECK_SECURITY = 15
      INVALIDATE = 16
      CHECK_SESSSIONID_IS_RIGHT_LENGTH = 17
      LOCK_SESSION = 18
      UNLOCK_SESSION = 19
      ADD_HTTP_SESSION_ID_LISTENER = 20
      methodNames = class java.lang.String[21]
    eventSource = class com.ibm.ws.webcontainer.webapp.WebAppEventSource@6faf46a8
    nls = class com.ibm.ejs.ras.TraceNLS@2522bf3c
      resolver = class com.ibm.ws.logging.internal.TraceNLSResolver@22a54a4a
      finder = null
      ivBundleName = "com.ibm.ws.webcontainer.resources.Messages"
      caller = class java.lang.Class@a3fe489
    liberty_nls = class com.ibm.ejs.ras.TraceNLS@44f2fda3
      resolver = class com.ibm.ws.logging.internal.TraceNLSResolver@22a54a4a
      finder = null
      ivBundleName = "com.ibm.ws.webcontainer.resources.LShimMessages"
      caller = class java.lang.Class@a3fe489
    error_nls = class com.ibm.ejs.ras.TraceNLS@254c4d12
      resolver = class com.ibm.ws.logging.internal.TraceNLSResolver@22a54a4a
      finder = null
      ivBundleName = "com.ibm.ws.webcontainer.resources.ErrorPage"
      caller = class java.lang.Class@a3fe489
    sessionListeners = class java.util.ArrayList@3043c515
      serialVersionUID = 8683452581122892189
      DEFAULT_CAPACITY = 10
      EMPTY_ELEMENTDATA = class java.lang.Object[0]
      DEFAULTCAPACITY_EMPTY_ELEMENTDATA = class java.lang.Object[0]
      elementData = class java.lang.Object[10]
      size = 1
      MAX_ARRAY_SIZE = 2147483639
      modCount = 2
      MAX_ARRAY_SIZE = 2147483639
    sessionIdListeners = class java.util.ArrayList@a8477e
      serialVersionUID = 8683452581122892189
      DEFAULT_CAPACITY = 10
      EMPTY_ELEMENTDATA = class java.lang.Object[0]
      DEFAULTCAPACITY_EMPTY_ELEMENTDATA = class java.lang.Object[0]
      elementData = class java.lang.Object[0]
      size = 0
      MAX_ARRAY_SIZE = 2147483639
      modCount = 0
      MAX_ARRAY_SIZE = 2147483639
    sessionAttrListeners = class java.util.ArrayList@53e4bd2d
      serialVersionUID = 8683452581122892189
      DEFAULT_CAPACITY = 10
      EMPTY_ELEMENTDATA = class java.lang.Object[0]
      DEFAULTCAPACITY_EMPTY_ELEMENTDATA = class java.lang.Object[0]
      elementData = class java.lang.Object[0]
      size = 0
      MAX_ARRAY_SIZE = 2147483639
      modCount = 1
      MAX_ARRAY_SIZE = 2147483639
    addedSessionListeners = class java.util.ArrayList@14074e9e
      serialVersionUID = 8683452581122892189
      DEFAULT_CAPACITY = 10
      EMPTY_ELEMENTDATA = class java.lang.Object[0]
      DEFAULTCAPACITY_EMPTY_ELEMENTDATA = class java.lang.Object[0]
      elementData = class java.lang.Object[0]
      size = 0
      MAX_ARRAY_SIZE = 2147483639
      modCount = 0
      MAX_ARRAY_SIZE = 2147483639
    addedSessionAttrListeners = class java.util.ArrayList@3a425a66
      serialVersionUID = 8683452581122892189
      DEFAULT_CAPACITY = 10
      EMPTY_ELEMENTDATA = class java.lang.Object[0]
      DEFAULTCAPACITY_EMPTY_ELEMENTDATA = class java.lang.Object[0]
      elementData = class java.lang.Object[0]
      size = 0
      MAX_ARRAY_SIZE = 2147483639
      modCount = 0
      MAX_ARRAY_SIZE = 2147483639
    servletContextListeners = class java.util.ArrayList@789369e7
      serialVersionUID = 8683452581122892189
      DEFAULT_CAPACITY = 10
      EMPTY_ELEMENTDATA = class java.lang.Object[0]
      DEFAULTCAPACITY_EMPTY_ELEMENTDATA = class java.lang.Object[0]
      elementData = class java.lang.Object[10]
      size = 4
      MAX_ARRAY_SIZE = 2147483639
      modCount = 5
      MAX_ARRAY_SIZE = 2147483639
    servletContextLAttrListeners = class java.util.ArrayList@ee8ae0d
      serialVersionUID = 8683452581122892189
      DEFAULT_CAPACITY = 10
      EMPTY_ELEMENTDATA = class java.lang.Object[0]
      DEFAULTCAPACITY_EMPTY_ELEMENTDATA = class java.lang.Object[0]
      elementData = class java.lang.Object[0]
      size = 0
      MAX_ARRAY_SIZE = 2147483639
      modCount = 1
      MAX_ARRAY_SIZE = 2147483639
    servletRequestListeners = class java.util.ArrayList@203572f0
      serialVersionUID = 8683452581122892189
      DEFAULT_CAPACITY = 10
      EMPTY_ELEMENTDATA = class java.lang.Object[0]
      DEFAULTCAPACITY_EMPTY_ELEMENTDATA = class java.lang.Object[0]
      elementData = class java.lang.Object[0]
      size = 0
      MAX_ARRAY_SIZE = 2147483639
      modCount = 1
      MAX_ARRAY_SIZE = 2147483639
    servletRequestLAttrListeners = class java.util.ArrayList@80c8dfa
      serialVersionUID = 8683452581122892189
      DEFAULT_CAPACITY = 10
      EMPTY_ELEMENTDATA = class java.lang.Object[0]
      DEFAULTCAPACITY_EMPTY_ELEMENTDATA = class java.lang.Object[0]
      elementData = class java.lang.Object[0]
      size = 0
      MAX_ARRAY_SIZE = 2147483639
      modCount = 1
      MAX_ARRAY_SIZE = 2147483639
    prependSlashToResource = false
    destroyed = false
    webAppNameSpaceCollab = class com.ibm.ws.webcontainer.osgi.collaborator.WebAppNameSpaceCollaboratorImpl@30650297
    txCollab = class com.ibm.ws.transaction.services.WebAppTransactionCollaboratorImpl@4dfb52f4
    sessionActivationListeners = class java.util.ArrayList@6bb3114d
      serialVersionUID = 8683452581122892189
      DEFAULT_CAPACITY = 10
      EMPTY_ELEMENTDATA = class java.lang.Object[0]
      DEFAULTCAPACITY_EMPTY_ELEMENTDATA = class java.lang.Object[0]
      elementData = class java.lang.Object[0]
      size = 0
      MAX_ARRAY_SIZE = 2147483639
      modCount = 1
      MAX_ARRAY_SIZE = 2147483639
    sessionBindingListeners = class java.util.ArrayList@20e052f0
      serialVersionUID = 8683452581122892189
      DEFAULT_CAPACITY = 10
      EMPTY_ELEMENTDATA = class java.lang.Object[0]
      DEFAULTCAPACITY_EMPTY_ELEMENTDATA = class java.lang.Object[0]
      elementData = class java.lang.Object[0]
      size = 0
      MAX_ARRAY_SIZE = 2147483639
      modCount = 1
      MAX_ARRAY_SIZE = 2147483639
    scratchdir = null
    jspClassLoaderLimit = 0
    jspClassLoaderExclusionList = null
    jspClassLoadersMap = null
    jspClassLoaderLimitTrackIF = false
    defaultExtProc = null
    directoryBrowsingServlet = null
    cdiContexts = class java.util.concurrent.ConcurrentHashMap@2bc906ee
      serialVersionUID = 7249069246763182397
      MAXIMUM_CAPACITY = 1073741824
      DEFAULT_CAPACITY = 16
      MAX_ARRAY_SIZE = 2147483639
      DEFAULT_CONCURRENCY_LEVEL = 16
      LOAD_FACTOR = 0.75
      TREEIFY_THRESHOLD = 8
      UNTREEIFY_THRESHOLD = 6
      MIN_TREEIFY_CAPACITY = 64
      MIN_TRANSFER_STRIDE = 16
      RESIZE_STAMP_BITS = 16
      MAX_RESIZERS = 65535
      RESIZE_STAMP_SHIFT = 16
      MOVED = -1
      TREEBIN = -2
      RESERVED = -3
      HASH_BITS = 2147483647
      NCPU = 4
      serialPersistentFields = class java.io.ObjectStreamField[3]
      table = null
      nextTable = null
      baseCount = 0
      sizeCtl = 0
      transferIndex = 0
      cellsBusy = 0
      counterCells = null
      keySet = null
      values = null
      entrySet = null
      U = class sun.misc.Unsafe@21e52d03
      SIZECTL = 20
      TRANSFERINDEX = 32
      BASECOUNT = 24
      CELLSBUSY = 36
      CELLVALUE = 144
      ABASE = 16
      ASHIFT = 2
      keySet = null
      values = null
    moduleConfig = class com.ibm.ws.webcontainer.osgi.container.DeployedModule@72073157
      tc = class com.ibm.websphere.ras.TraceComponent@6a639ba5
      loader = class com.ibm.ws.classloading.internal.ThreadContextClassLoader@30a36dc1
      webApp = class com.ibm.ws.webcontainer31.osgi.webapp.WebApp31@467b4744
      webAppConfig = class com.ibm.ws.webcontainer.osgi.webapp.WebAppConfiguration@1f695fbe
      contextRootAdded = null
      properContextRoot = "/Cycle"
      mappingContextRoot = "/Cycle/*"
      serialVersionUID = -2104814060051592457
      $$$tc$$$ = class com.ibm.websphere.ras.TraceComponent@61995ec7
    extensionFactories = class java.util.ArrayList@39502ad8
      serialVersionUID = 8683452581122892189
      DEFAULT_CAPACITY = 10
      EMPTY_ELEMENTDATA = class java.lang.Object[0]
      DEFAULTCAPACITY_EMPTY_ELEMENTDATA = class java.lang.Object[0]
      elementData = class java.lang.Object[10]
      size = 4
      MAX_ARRAY_SIZE = 2147483639
      modCount = 9
      MAX_ARRAY_SIZE = 2147483639
    initialized = true
    lock = class com.ibm.ws.webcontainer.webapp.WebApp$1@47462d30
      this$0 = class com.ibm.ws.webcontainer31.osgi.webapp.WebApp31@467b4744
    afterServletContextCreated = false
    redirectContextRoot = false
    errorExceptionTypeFirst = false
    initFilterBeforeServletInit = false
    sortedServletConfigs = class java.util.ArrayList@49b25ed7
      serialVersionUID = 8683452581122892189
      DEFAULT_CAPACITY = 10
      EMPTY_ELEMENTDATA = class java.lang.Object[0]
      DEFAULTCAPACITY_EMPTY_ELEMENTDATA = class java.lang.Object[0]
      elementData = class java.lang.Object[10]
      size = 1
      MAX_ARRAY_SIZE = 2147483639
      modCount = 1
      MAX_ARRAY_SIZE = 2147483639
    effectiveMajorVersion = 3
    effectiveMinorVersion = 0
    canAddServletContextListener = true
    withinContextInitOfProgAddListener = false
    lastProgAddListenerInitialized = "com.ibm.ws.cache.CacheServiceImpl"
    webInfLibClassloader = null
    metaInfCache = class com.ibm.ws.webcontainer.webapp.WebApp$2@340c65ec
      this$0 = class com.ibm.ws.webcontainer31.osgi.webapp.WebApp31@467b4744
      serialVersionUID = 3801124242820219131
      head = null
      tail = null
      accessOrder = true
      serialVersionUID = 362498820763181265
      DEFAULT_INITIAL_CAPACITY = 16
      MAXIMUM_CAPACITY = 1073741824
      DEFAULT_LOAD_FACTOR = 0.75
      TREEIFY_THRESHOLD = 8
      UNTREEIFY_THRESHOLD = 6
      MIN_TREEIFY_CAPACITY = 64
      table = null
      entrySet = null
      size = 0
      modCount = 0
      threshold = 32
      loadFactor = 1.0
      keySet = null
      values = null
    useMetaInfCache = true
    SUN_CONFIGURE_LISTENER_CLASSNAME = "com.sun.faces.config.ConfigureListener"
    MYFACES_LIFECYCLE_LISTENER_CLASSNAME = "org.apache.myfaces.webapp.StartupServletContextListener"
    JSF_IMPL_ENABLED_PARAM = "com.ibm.ws.jsf.JSF_IMPL_ENABLED"
    JSF_IMPL_ENABLED_CUSTOM = "Custom"
    JSF_IMPL_ENABLED_NONE = "None"
    staticDocRoot = class com.ibm.ws.webcontainer.util.DocumentRootUtils@ff2a192
      logger = class com.ibm.ws.logging.internal.WsLogger@6dd7a67
      CLASS_NAME = "com.ibm.ws.webcontainer.util.DocumentRootUtils"
      useContentLength = false
      matchedFile = null
      matchedZipFile = null
      matchedEntry = null
      matchedURL = null
      edrRoot = null
      pfedrRoot = null
      ctxt = class com.ibm.ws.webcontainer31.osgi.webapp.WebApp31@467b4744
      baseDir = null
      edr = null
      pfedr = null
      metaInfRes = null
      searchpfEDR = false
      searchEDR = false
      searchMetaInfRes = true
      matchFromEDR = false
      matchFromMetaInfRes = false
      matchIsADirectory = false
      appConfig = class com.ibm.ws.webcontainer.osgi.webapp.WebAppConfiguration@1f695fbe
      attributeType = "staticFile"
      STATIC_FILE = "staticFile"
      JSP = "jsp"
      PFEDR = "preFragmentExtendedDocumentRoot"
      EDR = "extendedDocumentRoot"
    jspDocRoot = class com.ibm.ws.webcontainer.util.DocumentRootUtils@4434a4b2
      logger = class com.ibm.ws.logging.internal.WsLogger@6dd7a67
      CLASS_NAME = "com.ibm.ws.webcontainer.util.DocumentRootUtils"
      useContentLength = false
      matchedFile = null
      matchedZipFile = null
      matchedEntry = null
      matchedURL = null
      edrRoot = null
      pfedrRoot = null
      ctxt = class com.ibm.ws.webcontainer31.osgi.webapp.WebApp31@467b4744
      baseDir = null
      edr = null
      pfedr = null
      metaInfRes = null
      searchpfEDR = false
      searchEDR = false
      searchMetaInfRes = true
      matchFromEDR = false
      matchFromMetaInfRes = false
      matchIsADirectory = false
      appConfig = class com.ibm.ws.webcontainer.osgi.webapp.WebAppConfiguration@1f695fbe
      attributeType = "jsp"
      STATIC_FILE = "staticFile"
      JSP = "jsp"
      PFEDR = "preFragmentExtendedDocumentRoot"
      EDR = "extendedDocumentRoot"
    container = class com.ibm.ws.adaptable.module.internal.AdaptableContainerImpl@1428f3de
      root = class com.ibm.ws.adaptable.module.internal.AdaptableContainerImpl@1428f3de
      rootOverlay = class com.ibm.ws.artifact.overlay.internal.DirectoryBasedOverlayContainerImpl@e84121f
      factoryHolder = class com.ibm.ws.adaptable.module.internal.AdaptableModuleFactoryImpl@75182533
      delegate = class com.ibm.ws.artifact.overlay.internal.DirectoryBasedOverlayContainerImpl@e84121f
      notifier = class com.ibm.ws.adaptable.module.internal.NotifierImpl@88612fe
      serialVersionUID = -5621513278641113667
      $$$tc$$$ = class com.ibm.websphere.ras.TraceComponent@1cf352e3
    metaInfResourceFinder = class com.ibm.ws.webcontainer.util.MetaInfResourceFinder@1659c64f
      jarResourceContainers = class java.util.ArrayList@220fff52
      container = class com.ibm.ws.adaptable.module.internal.AdaptableContainerImpl@1428f3de
    postConstructMethods = class com.ibm.ws.webcontainer.webapp.WebApp$AnnotatedMethods@75444c1c
      annotationClass = class java.lang.Class@69741312
      noOpClassNames = class java.util.HashSet@3e1a347c
      annotatedMethodNames = class java.util.concurrent.ConcurrentHashMap@1737e62e
      EMPTY_METHODS = class java.lang.reflect.Method[0]
    preDestroyMethods = class com.ibm.ws.webcontainer.webapp.WebApp$AnnotatedMethods@31dd029
      annotationClass = class java.lang.Class@2b1258fa
      noOpClassNames = class java.util.HashSet@104dcdde
      annotatedMethodNames = class java.util.concurrent.ConcurrentHashMap@2c187561
      EMPTY_METHODS = class java.lang.reflect.Method[0]
    upgraded = false
    OBJ_EMPTY = class java.lang.Object[0]
    CLASS_EMPTY = class java.lang.Class[0]
    DEFAULT_JSP_EXTENSIONS = class java.util.ArrayList@5469e6a3
      serialVersionUID = 8683452581122892189
      DEFAULT_CAPACITY = 10
      EMPTY_ELEMENTDATA = class java.lang.Object[0]
      DEFAULTCAPACITY_EMPTY_ELEMENTDATA = class java.lang.Object[0]
      elementData = class java.lang.Object[10]
      size = 4
      MAX_ARRAY_SIZE = 2147483639
      modCount = 4
      MAX_ARRAY_SIZE = 2147483639
    DEFER_SERVLET_REQUEST_LISTENER_DESTROY_ON_ERROR = false
    DO_ACCEPT_PARTIAL = true
    DO_NOT_ACCEPT_PARTIAL = false
    DO_ACCEPT_EXCLUDED = true
    DO_NOT_ACCEPT_EXCLUDED = false
    commands = class java.util.ArrayList@5b29a0f4
      serialVersionUID = 8683452581122892189
      DEFAULT_CAPACITY = 10
      EMPTY_ELEMENTDATA = class java.lang.Object[0]
      DEFAULTCAPACITY_EMPTY_ELEMENTDATA = class java.lang.Object[0]
      elementData = class java.lang.Object[3]
      size = 0
      MAX_ARRAY_SIZE = 2147483639
      modCount = 0
      MAX_ARRAY_SIZE = 2147483639
    requestMapper = class com.ibm.wsspi.webcontainer.util.URIMapper@36d8bf20
      matcher = class com.ibm.wsspi.webcontainer.util.URIMatcher@6056c6d0
    parent = class com.ibm.ws.webcontainer.osgi.webapp.WebGroup@7c8a4006
      tc = class com.ibm.websphere.ras.TraceComponent@3127c9bd
      logger = class com.ibm.ws.logging.internal.WsLogger@40d3df54
      CLASS_NAME = "com.ibm.ws.webcontainer.webapp.WebGroup"
      sessUrlRewritePrefix = ";jsessionid="
      qMark = "?"
      config = class com.ibm.ws.webcontainer.osgi.webapp.WebGroupConfiguration@7da830c4
      webApp = class com.ibm.ws.webcontainer31.osgi.webapp.WebApp31@467b4744
      commands = class java.util.ArrayList@71810c12
      requestMapper = null
      parent = class com.ibm.ws.webcontainer.osgi.DynamicVirtualHost@733d135d
      name = "/Cycle/*"
      isAlive = true
      subElements = class java.util.HashMap@27baac12
      attributes = null
      config = null
      serialVersionUID = -8271459000149267764
      $$$tc$$$ = class com.ibm.websphere.ras.TraceComponent@5b559c11
    name = "Cycle-1.0-SNAPSHOT"
    isAlive = true
    subElements = null
    attributes = class java.util.concurrent.ConcurrentHashMap@70564b0b
      serialVersionUID = 7249069246763182397
      MAXIMUM_CAPACITY = 1073741824
      DEFAULT_CAPACITY = 16
      MAX_ARRAY_SIZE = 2147483639
      DEFAULT_CONCURRENCY_LEVEL = 16
      LOAD_FACTOR = 0.75
      TREEIFY_THRESHOLD = 8
      UNTREEIFY_THRESHOLD = 6
      MIN_TREEIFY_CAPACITY = 64
      MIN_TRANSFER_STRIDE = 16
      RESIZE_STAMP_BITS = 16
      MAX_RESIZERS = 65535
      RESIZE_STAMP_SHIFT = 16
      MOVED = -1
      TREEBIN = -2
      RESERVED = -3
      HASH_BITS = 2147483647
      NCPU = 4
      serialPersistentFields = class java.io.ObjectStreamField[3]
      table = class java.util.concurrent.ConcurrentHashMap$Node[32]
      nextTable = null
      baseCount = 17
      sizeCtl = 24
      transferIndex = 0
      cellsBusy = 0
      counterCells = null
      keySet = null
      values = null
      entrySet = null
      U = class sun.misc.Unsafe@21e52d03
      SIZECTL = 20
      TRANSFERINDEX = 32
      BASECOUNT = 24
      CELLSBUSY = 36
      CELLVALUE = 144
      ABASE = 16
      ASHIFT = 2
      keySet = null
      values = null
    config = null
    serialVersionUID = -8271459000149267764
    $$$tc$$$ = class com.ibm.websphere.ras.TraceComponent@5b559c11
      strings[0] = "TraceComponent[com.ibm.ws.container.AbstractContainer,class com.ibm.ws.container.AbstractContainer,[],null,null]"
  target = class com.ibm.websphere.jaxrs.server.IBMRestServlet@6a3739fd
    serialVersionUID = -6835560282014155024
    KNOWN_HTTP_VERBS = class java.util.Arrays$ArrayList@4018ed2d
      serialVersionUID = -2764017481108945198
      a = class java.lang.String[7]
      modCount = 0
      MAX_ARRAY_SIZE = 2147483639
    HTML_CONTENT_TYPE = "text/html"
    endpoint = class com.ibm.ws.jaxrs20.server.JaxRsWebEndpointImpl@5f2798a5
      server = null
      beanCustomizers = class java.util.HashSet@183f167a
      tc = class com.ibm.websphere.ras.TraceComponent@567a6fd7
      features = class java.util.ArrayList@414bb49a
      serialVersionUID = -378337445187376906
      tc = class com.ibm.websphere.ras.TraceComponent@5eb811a
      HTTP_PREFIX = "http"
      SET_JAXB_VALIDATION_EVENT_HANDLER = "set-jaxb-validation-event-handler"
      endpointInfo = class com.ibm.ws.jaxrs20.metadata.EndpointInfo@5d9a6db
      jaxRsModuleMetaData = class com.ibm.ws.jaxrs20.metadata.JaxRsModuleMetaData@e9aa8bd
      servletConfig = class com.ibm.ws.webcontainer.servlet.ServletConfig@6bb5b038
      destination = null
      serialVersionUID = -5865334179039344363
    collaborator = class com.ibm.ws.webcontainer.osgi.collaborator.WebAppNameSpaceCollaboratorImpl@30650297
    providerFactoryService = class com.ibm.ws.jaxrs20.component.JaxRsProviderFactory@29be18b5
      serviceInstance = class com.ibm.ws.jaxrs20.component.JaxRsProviderFactory@29be18b5
      providerRegisterList = class java.util.concurrent.CopyOnWriteArrayList@29070c52
      _featureProvisioner = class com.ibm.wsspi.kernel.service.utils.AtomicServiceReference@3de9b8b7
      serialVersionUID = -2094101363659968577
      $$$tc$$$ = class com.ibm.websphere.ras.TraceComponent@73a37db8
    $$$tc$$$ = class com.ibm.websphere.ras.TraceComponent@663c2f2a
      strings[0] = "TraceComponent[com.ibm.websphere.jaxrs.server.IBMRestServlet,class com.ibm.websphere.jaxrs.server.IBMRestServlet,[],null,null]"
    METHOD_DELETE = "DELETE"
    METHOD_HEAD = "HEAD"
    METHOD_GET = "GET"
    METHOD_OPTIONS = "OPTIONS"
    METHOD_POST = "POST"
    METHOD_PUT = "PUT"
    METHOD_TRACE = "TRACE"
    HEADER_IFMODSINCE = "If-Modified-Since"
    HEADER_LASTMOD = "Last-Modified"
    LSTRING_FILE = "javax.servlet.http.LocalStrings"
    lStrings = class java.util.PropertyResourceBundle@259c40ac
      lookup = class java.util.HashMap@4e64c014
      INITIAL_CACHE_SIZE = 32
      NONEXISTENT_BUNDLE = class java.util.ResourceBundle$1@18ed842d
      cacheList = class java.util.concurrent.ConcurrentHashMap@376221f8
      referenceQueue = class java.lang.ref.ReferenceQueue@202f43bd
      parent = null
      locale = class java.util.Locale@2f1fd7a0
      name = "javax.servlet.http.LocalStrings"
      expired = false
      cacheKey = class java.util.ResourceBundle$CacheKey@3c8b177
      keySet = null
      providers = null
      $assertionsDisabled = true
    LSTRING_FILE = "javax.servlet.LocalStrings"
    lStrings = class java.util.PropertyResourceBundle@5e74d5e4
    config = class com.ibm.ws.webcontainer.servlet.ServletConfig@6bb5b038
  cacheWrappers = null
  targetLoader = null
  evtSource = class com.ibm.ws.webcontainer.webapp.WebAppEventSource@6faf46a8
    _invocationListeners = class com.ibm.ws.webcontainer.util.EventListeners@12a0dd7d
      EMPTY_LISTENERS = interface java.util.EventListener[0]
      logger = class com.ibm.ws.logging.internal.WsLogger@6dd7a67
      CLASS_NAME = "com.ibm.ws.webcontainer.util.EventListeners"
      listeners = interface java.util.EventListener[0]
    _servletListeners = class com.ibm.ws.webcontainer.util.EventListeners@c7d014b
      EMPTY_LISTENERS = interface java.util.EventListener[0]
      logger = class com.ibm.ws.logging.internal.WsLogger@6dd7a67
      CLASS_NAME = "com.ibm.ws.webcontainer.util.EventListeners"
      listeners = interface java.util.EventListener[0]
    _errorListeners = class com.ibm.ws.webcontainer.util.EventListeners@ce34d43
      EMPTY_LISTENERS = interface java.util.EventListener[0]
      logger = class com.ibm.ws.logging.internal.WsLogger@6dd7a67
      CLASS_NAME = "com.ibm.ws.webcontainer.util.EventListeners"
      listeners = interface java.util.EventListener[0]
    _applicationListeners = class com.ibm.ws.webcontainer.util.EventListeners@46c8b796
      EMPTY_LISTENERS = interface java.util.EventListener[0]
      logger = class com.ibm.ws.logging.internal.WsLogger@6dd7a67
      CLASS_NAME = "com.ibm.ws.webcontainer.util.EventListeners"
      listeners = interface java.util.EventListener[0]
    _filterInvocationListeners = class com.ibm.ws.webcontainer.util.EventListeners@5297d107
      EMPTY_LISTENERS = interface java.util.EventListener[0]
      logger = class com.ibm.ws.logging.internal.WsLogger@6dd7a67
      CLASS_NAME = "com.ibm.ws.webcontainer.util.EventListeners"
      listeners = interface java.util.EventListener[0]
    _filterListeners = class com.ibm.ws.webcontainer.util.EventListeners@3684e547
      EMPTY_LISTENERS = interface java.util.EventListener[0]
      logger = class com.ibm.ws.logging.internal.WsLogger@6dd7a67
      CLASS_NAME = "com.ibm.ws.webcontainer.util.EventListeners"
      listeners = interface java.util.EventListener[0]
    _filterErrorListeners = class com.ibm.ws.webcontainer.util.EventListeners@209b2f81
      EMPTY_LISTENERS = interface java.util.EventListener[0]
      logger = class com.ibm.ws.logging.internal.WsLogger@6dd7a67
      CLASS_NAME = "com.ibm.ws.webcontainer.util.EventListeners"
      listeners = interface java.util.EventListener[0]
  event = class com.ibm.websphere.servlet.event.ServletEvent@1724d1ae
    serialVersionUID = 3906650803920713522
    _servletName = "wasdev.sample.rest.VisitorAPI"
    _servletClassName = "com.ibm.websphere.jaxrs.server.IBMRestServlet"
    $$$tc$$$ = class com.ibm.websphere.ras.TraceComponent@4345fe4e
      strings[0] = "TraceComponent[com.ibm.websphere.servlet.event.ServletEvent,class com.ibm.websphere.servlet.event.ServletEvent,[],null,null]"
    serialVersionUID = 3546927969739289392
    _context = class com.ibm.ws.webcontainer31.facade.ServletContextFacade31@1ccde8db
      context = class com.ibm.ws.webcontainer31.osgi.webapp.WebApp31@467b4744
    _servletNames = class com.ibm.ws.webcontainer.util.EmptyEnumeration@525a8e2a
      serialVersionUID = 3546642126931963953
      _instance = class com.ibm.ws.webcontainer.util.EmptyEnumeration@525a8e2a
    $$$tc$$$ = class com.ibm.websphere.ras.TraceComponent@386b3cdf
      strings[0] = "TraceComponent[com.ibm.websphere.servlet.event.ApplicationEvent,class com.ibm.websphere.servlet.event.ApplicationEvent,[],null,null]"
    serialVersionUID = 5516075349620653480
    source = class com.ibm.ws.webcontainer.osgi.servlet.ServletWrapper@5c5d072b
  unavailableMessage = null
  unavailableUntil = -1
  isSTM = false
  internalServlet = false
  webAppInvocationCollaborators = null
  platformHelper = class com.ibm.ws.webcontainer.PlatformHelper@176d0be7
  webAppNameSpaceCollab = class com.ibm.ws.webcontainer.osgi.collaborator.WebAppNameSpaceCollaboratorImpl@30650297
    cmdai = class com.ibm.ws.threadContext.ComponentMetaDataAccessorImpl@f422316
      tc = class com.ibm.websphere.ras.TraceComponent@7b6c3d30
      cmdai = class com.ibm.ws.threadContext.ComponentMetaDataAccessorImpl@f422316
      threadContext = class com.ibm.ws.threadContext.ThreadContextImpl@7cf0d3ed
      defaultCMD = null
  txCollab = class com.ibm.ws.transaction.services.WebAppTransactionCollaboratorImpl@4dfb52f4
    tc = class com.ibm.websphere.ras.TraceComponent@6178cfd9
      strings[0] = "TraceComponent[com.ibm.ws.transaction.services.WebAppTransactionCollaboratorImpl,class com.ibm.ws.transaction.services.WebAppTransactionCollaboratorImpl,[transaction],com.ibm.ws.transaction.services.TransactionMessages,null]"
    ltCurrentRef = class com.ibm.wsspi.kernel.service.utils.AtomicServiceReference@6a780793
      referenceName = "ltCurrent"
      tuple = class java.util.concurrent.atomic.AtomicReference@db78ec3
      serialVersionUID = 2226592364007985000
      $$$tc$$$ = class com.ibm.websphere.ras.TraceComponent@7b927767
    tranMgrRef = class com.ibm.wsspi.kernel.service.utils.AtomicServiceReference@6ddfc586
      referenceName = "tranMgr"
      tuple = class java.util.concurrent.atomic.AtomicReference@14c33d41
      serialVersionUID = 2226592364007985000
      $$$tc$$$ = class com.ibm.websphere.ras.TraceComponent@7b927767
    userTranRef = class com.ibm.wsspi.kernel.service.utils.AtomicServiceReference@7532e312
      referenceName = "userTran"
      tuple = class java.util.concurrent.atomic.AtomicReference@6fcca243
      serialVersionUID = 2226592364007985000
      $$$tc$$$ = class com.ibm.websphere.ras.TraceComponent@7b927767
    uowCallbackRef = class com.ibm.wsspi.kernel.service.utils.AtomicServiceReference@2babaf1a
      referenceName = "uowCallback"
      tuple = class java.util.concurrent.atomic.AtomicReference@1d65bd44
      serialVersionUID = 2226592364007985000
      $$$tc$$$ = class com.ibm.websphere.ras.TraceComponent@7b927767
    serialVersionUID = -8319003162899973281
  connCollab = class com.ibm.ws.webcontainer.collaborator.ConnectionCollaborator@6945713
  suppressServletExceptionLogging = false
  throwExceptionEnum = class java.util.RegularEnumSet@378c5fce
    serialVersionUID = 3411599620347842686
    elements = 256
    elementType = class java.lang.Class@7c04582b
      ANNOTATION = 8192
      ENUM = 16384
      SYNTHETIC = 4096
      cachedConstructor = null
      newInstanceCallerCache = null
      name = "com.ibm.wsspi.webcontainer.collaborator.CollaboratorInvocationEnum"
      allPermDomain = class java.security.ProtectionDomain@2de130c1
      useCaches = true
      reflectionData = class java.lang.ref.SoftReference@5a2434e5
      classRedefinedCount = 0
      genericInfo = null
      serialVersionUID = 3206093459760846163
      serialPersistentFields = class java.io.ObjectStreamField[0]
      reflectionFactory = class sun.reflect.ReflectionFactory@467e3c23
      initted = true
      enumConstants = class com.ibm.wsspi.webcontainer.collaborator.CollaboratorInvocationEnum[9]
      enumConstantDirectory = null
      annotationData = null
      annotationType = null
      classValueMap = null
    universe = class com.ibm.wsspi.webcontainer.collaborator.CollaboratorInvocationEnum[9]
      CollaboratorInvocationEnum[0] = class com.ibm.wsspi.webcontainer.collaborator.CollaboratorInvocationEnum@12a224a7
      CollaboratorInvocationEnum[1] = class com.ibm.wsspi.webcontainer.collaborator.CollaboratorInvocationEnum@1891be8d
      CollaboratorInvocationEnum[2] = class com.ibm.wsspi.webcontainer.collaborator.CollaboratorInvocationEnum@72824ce1
      CollaboratorInvocationEnum[3] = class com.ibm.wsspi.webcontainer.collaborator.CollaboratorInvocationEnum@62e6c578
      CollaboratorInvocationEnum[4] = class com.ibm.wsspi.webcontainer.collaborator.CollaboratorInvocationEnum@61e2429f
      CollaboratorInvocationEnum[5] = class com.ibm.wsspi.webcontainer.collaborator.CollaboratorInvocationEnum@7492fdf8
      CollaboratorInvocationEnum[6] = class com.ibm.wsspi.webcontainer.collaborator.CollaboratorInvocationEnum@149752cf
      CollaboratorInvocationEnum[7] = class com.ibm.wsspi.webcontainer.collaborator.CollaboratorInvocationEnum@408e8820
      CollaboratorInvocationEnum[8] = class com.ibm.wsspi.webcontainer.collaborator.CollaboratorInvocationEnum@330bcc14
    ZERO_LENGTH_ENUM_ARRAY = class java.lang.Enum[0]
    MAX_ARRAY_SIZE = 2147483639
  discernUnavailableServlet = false
  reInitServletonInitUnavailableException = true
  destroyServletonServiceUnavailableException = false
  servlet23 = true
  PARAMS_HEAD_TRACE = class java.lang.Class[2]
    Class[0] = class java.lang.Class@7adafd13
      ANNOTATION = 8192
      ENUM = 16384
      SYNTHETIC = 4096
      cachedConstructor = null
      newInstanceCallerCache = null
      name = null
      allPermDomain = class java.security.ProtectionDomain@2de130c1
      useCaches = true
      reflectionData = null
      classRedefinedCount = 0
      genericInfo = null
      serialVersionUID = 3206093459760846163
      serialPersistentFields = class java.io.ObjectStreamField[0]
      reflectionFactory = class sun.reflect.ReflectionFactory@467e3c23
      initted = true
      enumConstants = null
      enumConstantDirectory = null
      annotationData = null
      annotationType = null
      classValueMap = null
    Class[1] = class java.lang.Class@3c7ffbe1
      ANNOTATION = 8192
      ENUM = 16384
      SYNTHETIC = 4096
      cachedConstructor = null
      newInstanceCallerCache = null
      name = null
      allPermDomain = class java.security.ProtectionDomain@2de130c1
      useCaches = true
      reflectionData = null
      classRedefinedCount = 0
      genericInfo = null
      serialVersionUID = 3206093459760846163
      serialPersistentFields = class java.io.ObjectStreamField[0]
      reflectionFactory = class sun.reflect.ReflectionFactory@467e3c23
      initted = true
      enumConstants = null
      enumConstantDirectory = null
      annotationData = null
      annotationType = null
      classValueMap = null
  defaultHeadMethodInUse = false
  defaultTraceMethodInUse = false
  checkedForDefaultMethods = null
  defaultTraceRequestBehavior = false
  defaultHeadRequestBehavior = false
  useOriginalRequestState = false
  warningStatusSet = false
  LSTRING_FILE = "javax.servlet.LocalStrings"
  lStrings = class java.util.PropertyResourceBundle@5e74d5e4
    lookup = class java.util.HashMap@69a8eaf5
      serialVersionUID = 362498820763181265
      DEFAULT_INITIAL_CAPACITY = 16
      MAXIMUM_CAPACITY = 1073741824
      DEFAULT_LOAD_FACTOR = 0.75
      TREEIFY_THRESHOLD = 8
      UNTREEIFY_THRESHOLD = 6
      MIN_TREEIFY_CAPACITY = 64
      table = class java.util.HashMap$Node[8]
      entrySet = null
      size = 4
      modCount = 4
      threshold = 6
      loadFactor = 0.75
      keySet = null
      values = null
    INITIAL_CACHE_SIZE = 32
    NONEXISTENT_BUNDLE = class java.util.ResourceBundle$1@18ed842d
      INITIAL_CACHE_SIZE = 32
      NONEXISTENT_BUNDLE = class java.util.ResourceBundle$1@18ed842d
      cacheList = class java.util.concurrent.ConcurrentHashMap@376221f8
      referenceQueue = class java.lang.ref.ReferenceQueue@202f43bd
      parent = null
      locale = null
      name = null
      expired = false
      cacheKey = class java.util.ResourceBundle$CacheKey@435b53c3
      keySet = null
      providers = null
      $assertionsDisabled = true
    cacheList = class java.util.concurrent.ConcurrentHashMap@376221f8
      serialVersionUID = 7249069246763182397
      MAXIMUM_CAPACITY = 1073741824
      DEFAULT_CAPACITY = 16
      MAX_ARRAY_SIZE = 2147483639
      DEFAULT_CONCURRENCY_LEVEL = 16
      LOAD_FACTOR = 0.75
      TREEIFY_THRESHOLD = 8
      UNTREEIFY_THRESHOLD = 6
      MIN_TREEIFY_CAPACITY = 64
      MIN_TRANSFER_STRIDE = 16
      RESIZE_STAMP_BITS = 16
      MAX_RESIZERS = 65535
      RESIZE_STAMP_SHIFT = 16
      MOVED = -1
      TREEBIN = -2
      RESERVED = -3
      HASH_BITS = 2147483647
      NCPU = 4
      serialPersistentFields = class java.io.ObjectStreamField[3]
      table = class java.util.concurrent.ConcurrentHashMap$Node[256]
      nextTable = null
      baseCount = 141
      sizeCtl = 192
      transferIndex = 0
      cellsBusy = 0
      counterCells = null
      keySet = null
      values = null
      entrySet = null
      U = class sun.misc.Unsafe@21e52d03
      SIZECTL = 20
      TRANSFERINDEX = 32
      BASECOUNT = 24
      CELLSBUSY = 36
      CELLVALUE = 144
      ABASE = 16
      ASHIFT = 2
      keySet = null
      values = null
    referenceQueue = class java.lang.ref.ReferenceQueue@202f43bd
      NULL = class java.lang.ref.ReferenceQueue$Null@34659b0e
      ENQUEUED = class java.lang.ref.ReferenceQueue$Null@2c636fe6
      lock = class java.lang.ref.ReferenceQueue$Lock@70bbf485
      head = null
      queueLength = 0
      $assertionsDisabled = true
    parent = null
    locale = class java.util.Locale@2f1fd7a0
      LOCALECACHE = class java.util.Locale$Cache@4cc03ad6
      ENGLISH = class java.util.Locale@1a11e2ba
      FRENCH = class java.util.Locale@5440303b
      GERMAN = class java.util.Locale@709ba8eb
      ITALIAN = class java.util.Locale@3d403aa4
      JAPANESE = class java.util.Locale@28d11b84
      KOREAN = class java.util.Locale@7d45374d
      CHINESE = class java.util.Locale@503414fe
      SIMPLIFIED_CHINESE = class java.util.Locale@6c1d8146
      TRADITIONAL_CHINESE = class java.util.Locale@4cb0ba7a
      FRANCE = class java.util.Locale@181b03fe
      GERMANY = class java.util.Locale@68f867e7
      ITALY = class java.util.Locale@686fdc0f
      JAPAN = class java.util.Locale@2145d812
      KOREA = class java.util.Locale@61012b37
      CHINA = class java.util.Locale@6c1d8146
      PRC = class java.util.Locale@6c1d8146
      TAIWAN = class java.util.Locale@4cb0ba7a
      UK = class java.util.Locale@4aedbfaf
      US = class java.util.Locale@1e479127
      CANADA = class java.util.Locale@5c749d59
      CANADA_FRENCH = class java.util.Locale@53fe5b8d
      ROOT = class java.util.Locale@2f1fd7a0
      PRIVATE_USE_EXTENSION = x
      UNICODE_LOCALE_EXTENSION = u
      serialVersionUID = 9149081749638150636
      DISPLAY_LANGUAGE = 0
      DISPLAY_COUNTRY = 1
      DISPLAY_VARIANT = 2
      DISPLAY_SCRIPT = 3
      baseLocale = class sun.util.locale.BaseLocale@73bd8b48
      localeExtensions = null
      hashCodeValue = 0
      defaultLocale = class java.util.Locale@1e479127
      defaultDisplayLocale = null
      defaultFormatLocale = class java.util.Locale@1e479127
      languageTag = null
      serialPersistentFields = class java.io.ObjectStreamField[6]
      isoLanguages = null
      isoCountries = null
      $assertionsDisabled = true
    name = "javax.servlet.LocalStrings"
    expired = false
    cacheKey = class java.util.ResourceBundle$CacheKey@6ff8fdcb
      name = "javax.servlet.LocalStrings"
      locale = class java.util.Locale@2f1fd7a0
      loaderRef = class java.util.ResourceBundle$LoaderReference@f2c9c32
      format = "java.properties"
      loadTime = 0
      expirationTime = -2
      cause = null
      hashCodeCache = -1275770764
    keySet = null
    providers = null
    $assertionsDisabled = true
  config = null

